#
# There is insufficient memory for the Java Runtime Environment to continue.
# Native memory allocation (malloc) failed to allocate 151392 bytes for Chunk::new
# Possible reasons:
#   The system is out of physical RAM or swap space
#   In 32 bit mode, the process size limit was hit
# Possible solutions:
#   Reduce memory load on the system
#   Increase physical memory or swap space
#   Check if swap backing store is full
#   Use 64 bit Java on a 64 bit OS
#   Decrease Java heap size (-Xmx/-Xms)
#   Decrease number of Java threads
#   Decrease Java thread stack sizes (-Xss)
#   Set larger code cache with -XX:ReservedCodeCacheSize=
# This output file may be truncated or incomplete.
#
#  Out of Memory Error (allocation.cpp:390), pid=12580, tid=9196
#
# JRE version: Java(TM) SE Runtime Environment (8.0_73-b02) (build 1.8.0_73-b02)
# Java VM: Java HotSpot(TM) 64-Bit Server VM (25.73-b02 mixed mode windows-amd64 compressed oops)
# Failed to write core dump. Minidumps are not enabled by default on client versions of Windows
#

---------------  T H R E A D  ---------------

Current thread (0x00000000161ff000):  JavaThread "C2 CompilerThread1" daemon [_thread_in_native, id=9196, stack(0x0000000016880000,0x0000000016980000)]

Stack: [0x0000000016880000,0x0000000016980000]
[error occurred during error reporting (printing stack bounds), id 0xc0000005]

Native frames: (J=compiled Java code, j=interpreted, Vv=VM code, C=native code)


Current CompileTask:
C2:   3468 2112       4       com.android.dx.dex.code.LocalList::make (102 bytes)


---------------  P R O C E S S  ---------------

Java Threads: ( => current thread )
  0x00000000183c5800 JavaThread "pool-1-thread-1" [_thread_in_Java, id=4340, stack(0x0000000019bc0000,0x0000000019cc0000)]
  0x0000000016262800 JavaThread "Service Thread" daemon [_thread_blocked, id=580, stack(0x0000000016a80000,0x0000000016b80000)]
  0x000000001625c800 JavaThread "C1 CompilerThread2" daemon [_thread_in_native, id=8876, stack(0x0000000016980000,0x0000000016a80000)]
=>0x00000000161ff000 JavaThread "C2 CompilerThread1" daemon [_thread_in_native, id=9196, stack(0x0000000016880000,0x0000000016980000)]
  0x00000000161fa800 JavaThread "C2 CompilerThread0" daemon [_thread_in_native, id=10208, stack(0x0000000016780000,0x0000000016880000)]
  0x000000001619e000 JavaThread "Attach Listener" daemon [_thread_blocked, id=12384, stack(0x0000000016680000,0x0000000016780000)]
  0x00000000161f6800 JavaThread "Signal Dispatcher" daemon [_thread_blocked, id=7680, stack(0x0000000016580000,0x0000000016680000)]
  0x0000000014e14800 JavaThread "Finalizer" daemon [_thread_blocked, id=5012, stack(0x0000000016080000,0x0000000016180000)]
  0x0000000014e11000 JavaThread "Reference Handler" daemon [_thread_blocked, id=12056, stack(0x0000000015f80000,0x0000000016080000)]
  0x0000000002656000 JavaThread "main" [_thread_blocked, id=8732, stack(0x0000000002380000,0x0000000002480000)]

Other Threads:
  0x0000000014e05800 VMThread [stack: 0x0000000015e80000,0x0000000015f80000] [id=7708]
  0x00000000162b4000 WatcherThread [stack: 0x0000000016b80000,0x0000000016c80000] [id=1664]

VM state:not at safepoint (normal execution)

VM Mutex/Monitor currently owned by a thread: None

Heap:
 PSYoungGen      total 57344K, used 39072K [0x00000000eab00000, 0x00000000eeb00000, 0x0000000100000000)
  eden space 49152K, 62% used [0x00000000eab00000,0x00000000ec92a4e8,0x00000000edb00000)
  from space 8192K, 99% used [0x00000000edb00000,0x00000000ee2fdcb8,0x00000000ee300000)
  to   space 8192K, 0% used [0x00000000ee300000,0x00000000ee300000,0x00000000eeb00000)
 ParOldGen       total 131072K, used 5898K [0x00000000c0000000, 0x00000000c8000000, 0x00000000eab00000)
  object space 131072K, 4% used [0x00000000c0000000,0x00000000c05c2b88,0x00000000c8000000)
 Metaspace       used 6755K, capacity 7544K, committed 7680K, reserved 1056768K
  class space    used 628K, capacity 688K, committed 768K, reserved 1048576K

Card table byte_map: [0x0000000011b10000,0x0000000011d20000] byte_map_base: 0x0000000011510000

Marking Bits: (ParMarkBitMap*) 0x000000006b2c0600
 Begin Bits: [0x0000000012280000, 0x0000000013280000)
 End Bits:   [0x0000000013280000, 0x0000000014280000)

Polling page: 0x00000000022a0000

CodeCache: size=245760Kb used=8237Kb max_used=8237Kb free=237522Kb
 bounds [0x0000000002750000, 0x0000000002f70000, 0x0000000011750000]
 total_blobs=2459 nmethods=2186 adapters=185
 compilation: enabled

Compilation events (10 events):
Event: 3.463 Thread 0x000000001625c800 nmethod 2192 0x0000000002f56410 code [0x0000000002f56600, 0x0000000002f56f18]
Event: 3.463 Thread 0x000000001625c800 2184       3       com.android.dx.dex.file.DebugInfoEncoder::emitLocalStart (108 bytes)
Event: 3.464 Thread 0x000000001625c800 nmethod 2184 0x0000000002f57250 code [0x0000000002f574e0, 0x0000000002f585d8]
Event: 3.464 Thread 0x000000001625c800 2197       3       com.android.dx.rop.cst.CstArray$List::get (9 bytes)
Event: 3.464 Thread 0x000000001625c800 nmethod 2197 0x0000000002f55f10 code [0x0000000002f56080, 0x0000000002f56368]
Event: 3.464 Thread 0x000000001625c800 2198       3       com.android.dx.dex.file.ValueEncoder::writeConstant (494 bytes)
Event: 3.466 Thread 0x000000001625c800 nmethod 2198 0x0000000002f58e10 code [0x0000000002f59200, 0x0000000002f5b6e8]
Event: 3.466 Thread 0x000000001625c800 2204       3       com.android.dex.EncodedValueCodec::writeUnsignedIntegralValue (66 bytes)
Event: 3.466 Thread 0x000000001625c800 nmethod 2204 0x0000000002f5c290 code [0x0000000002f5c420, 0x0000000002f5c868]
Event: 3.466 Thread 0x000000001625c800 2199       3       com.android.dx.dex.file.ValueEncoder::constantToValueType (166 bytes)

GC Heap History (6 events):
Event: 1.777 GC heap before
{Heap before GC invocations=1 (full 0):
 PSYoungGen      total 57344K, used 49152K [0x00000000eab00000, 0x00000000eeb00000, 0x0000000100000000)
  eden space 49152K, 100% used [0x00000000eab00000,0x00000000edb00000,0x00000000edb00000)
  from space 8192K, 0% used [0x00000000ee300000,0x00000000ee300000,0x00000000eeb00000)
  to   space 8192K, 0% used [0x00000000edb00000,0x00000000edb00000,0x00000000ee300000)
 ParOldGen       total 131072K, used 0K [0x00000000c0000000, 0x00000000c8000000, 0x00000000eab00000)
  object space 131072K, 0% used [0x00000000c0000000,0x00000000c0000000,0x00000000c8000000)
 Metaspace       used 6175K, capacity 7028K, committed 7296K, reserved 1056768K
  class space    used 604K, capacity 620K, committed 640K, reserved 1048576K
Event: 1.796 GC heap after
Heap after GC invocations=1 (full 0):
 PSYoungGen      total 57344K, used 8188K [0x00000000eab00000, 0x00000000eeb00000, 0x0000000100000000)
  eden space 49152K, 0% used [0x00000000eab00000,0x00000000eab00000,0x00000000edb00000)
  from space 8192K, 99% used [0x00000000edb00000,0x00000000ee2ff070,0x00000000ee300000)
  to   space 8192K, 0% used [0x00000000ee300000,0x00000000ee300000,0x00000000eeb00000)
 ParOldGen       total 131072K, used 63K [0x00000000c0000000, 0x00000000c8000000, 0x00000000eab00000)
  object space 131072K, 0% used [0x00000000c0000000,0x00000000c000fc90,0x00000000c8000000)
 Metaspace       used 6175K, capacity 7028K, committed 7296K, reserved 1056768K
  class space    used 604K, capacity 620K, committed 640K, reserved 1048576K
}
Event: 2.335 GC heap before
{Heap before GC invocations=2 (full 0):
 PSYoungGen      total 57344K, used 57340K [0x00000000eab00000, 0x00000000eeb00000, 0x0000000100000000)
  eden space 49152K, 100% used [0x00000000eab00000,0x00000000edb00000,0x00000000edb00000)
  from space 8192K, 99% used [0x00000000edb00000,0x00000000ee2ff070,0x00000000ee300000)
  to   space 8192K, 0% used [0x00000000ee300000,0x00000000ee300000,0x00000000eeb00000)
 ParOldGen       total 131072K, used 65K [0x00000000c0000000, 0x00000000c8000000, 0x00000000eab00000)
  object space 131072K, 0% used [0x00000000c0000000,0x00000000c0010630,0x00000000c8000000)
 Metaspace       used 6356K, capacity 7156K, committed 7296K, reserved 1056768K
  class space    used 605K, capacity 620K, committed 640K, reserved 1048576K
Event: 2.367 GC heap after
Heap after GC invocations=2 (full 0):
 PSYoungGen      total 57344K, used 8162K [0x00000000eab00000, 0x00000000eeb00000, 0x0000000100000000)
  eden space 49152K, 0% used [0x00000000eab00000,0x00000000eab00000,0x00000000edb00000)
  from space 8192K, 99% used [0x00000000ee300000,0x00000000eeaf8ac8,0x00000000eeb00000)
  to   space 8192K, 0% used [0x00000000edb00000,0x00000000edb00000,0x00000000ee300000)
 ParOldGen       total 131072K, used 5530K [0x00000000c0000000, 0x00000000c8000000, 0x00000000eab00000)
  object space 131072K, 4% used [0x00000000c0000000,0x00000000c0566b88,0x00000000c8000000)
 Metaspace       used 6356K, capacity 7156K, committed 7296K, reserved 1056768K
  class space    used 605K, capacity 620K, committed 640K, reserved 1048576K
}
Event: 2.383 GC heap before
{Heap before GC invocations=3 (full 0):
 PSYoungGen      total 57344K, used 12048K [0x00000000eab00000, 0x00000000eeb00000, 0x0000000100000000)
  eden space 49152K, 7% used [0x00000000eab00000,0x00000000eaecb5f0,0x00000000edb00000)
  from space 8192K, 99% used [0x00000000ee300000,0x00000000eeaf8ac8,0x00000000eeb00000)
  to   space 8192K, 0% used [0x00000000edb00000,0x00000000edb00000,0x00000000ee300000)
 ParOldGen       total 131072K, used 5530K [0x00000000c0000000, 0x00000000c8000000, 0x00000000eab00000)
  object space 131072K, 4% used [0x00000000c0000000,0x00000000c0566b88,0x00000000c8000000)
 Metaspace       used 6360K, capacity 7156K, committed 7296K, reserved 1056768K
  class space    used 605K, capacity 620K, committed 640K, reserved 1048576K
Event: 2.420 GC heap after
Heap after GC invocations=3 (full 0):
 PSYoungGen      total 57344K, used 8183K [0x00000000eab00000, 0x00000000eeb00000, 0x0000000100000000)
  eden space 49152K, 0% used [0x00000000eab00000,0x00000000eab00000,0x00000000edb00000)
  from space 8192K, 99% used [0x00000000edb00000,0x00000000ee2fdcb8,0x00000000ee300000)
  to   space 8192K, 0% used [0x00000000ee300000,0x00000000ee300000,0x00000000eeb00000)
 ParOldGen       total 131072K, used 5898K [0x00000000c0000000, 0x00000000c8000000, 0x00000000eab00000)
  object space 131072K, 4% used [0x00000000c0000000,0x00000000c05c2b88,0x00000000c8000000)
 Metaspace       used 6360K, capacity 7156K, committed 7296K, reserved 1056768K
  class space    used 605K, capacity 620K, committed 640K, reserved 1048576K
}

Deoptimization events (10 events):
Event: 2.659 Thread 0x00000000183c5800 Uncommon trap: reason=bimorphic action=maybe_recompile pc=0x0000000002a05468 method=java.util.HashMap.getNode(ILjava/lang/Object;)Ljava/util/HashMap$Node; @ 126
Event: 2.666 Thread 0x00000000183c5800 Uncommon trap: reason=class_check action=maybe_recompile pc=0x0000000002bae978 method=java.util.HashMap.putVal(ILjava/lang/Object;Ljava/lang/Object;ZZ)Ljava/lang/Object; @ 203
Event: 2.667 Thread 0x00000000183c5800 Uncommon trap: reason=class_check action=maybe_recompile pc=0x0000000002bae978 method=java.util.HashMap.putVal(ILjava/lang/Object;Ljava/lang/Object;ZZ)Ljava/lang/Object; @ 203
Event: 2.667 Thread 0x00000000183c5800 Uncommon trap: reason=class_check action=maybe_recompile pc=0x0000000002bae978 method=java.util.HashMap.putVal(ILjava/lang/Object;Ljava/lang/Object;ZZ)Ljava/lang/Object; @ 203
Event: 2.668 Thread 0x00000000183c5800 Uncommon trap: reason=class_check action=maybe_recompile pc=0x0000000002bae978 method=java.util.HashMap.putVal(ILjava/lang/Object;Ljava/lang/Object;ZZ)Ljava/lang/Object; @ 203
Event: 2.668 Thread 0x00000000183c5800 Uncommon trap: reason=class_check action=maybe_recompile pc=0x0000000002b9b4c4 method=java.util.HashMap.putVal(ILjava/lang/Object;Ljava/lang/Object;ZZ)Ljava/lang/Object; @ 203
Event: 2.703 Thread 0x00000000183c5800 Uncommon trap: reason=unstable_if action=reinterpret pc=0x0000000002e34090 method=java.util.HashMap.putVal(ILjava/lang/Object;Ljava/lang/Object;ZZ)Ljava/lang/Object; @ 94
Event: 3.228 Thread 0x00000000183c5800 Uncommon trap: reason=unstable_if action=reinterpret pc=0x0000000002eb1bcc method=com.android.dx.dex.code.OutputFinisher.findOpcodeForInsn(Lcom/android/dx/dex/code/DalvInsn;Lcom/android/dx/dex/code/Dop;)Lcom/android/dx/dex/code/Dop; @ 1
Event: 3.280 Thread 0x00000000183c5800 Uncommon trap: reason=unstable_if action=reinterpret pc=0x0000000002e071e0 method=java.util.TreeMap.put(Ljava/lang/Object;Ljava/lang/Object;)Ljava/lang/Object; @ 163
Event: 3.345 Thread 0x00000000183c5800 Uncommon trap: reason=unstable_if action=reinterpret pc=0x0000000002eff094 method=com.android.dx.dex.code.LocalList$MakeState.aboutToProcess(II)V @ 54

Internal exceptions (3 events):
Event: 0.371 Thread 0x0000000002656000 Exception <a 'java/lang/NoSuchMethodError': Method sun.misc.Unsafe.defineClass(Ljava/lang/String;[BII)Ljava/lang/Class; name or signature does not match> (0x00000000eab130e0) thrown at [D:\re\puppet\workspace\8-2-build-windows-amd64-cygwin\jdk8u73\6086\hot<Í¨À×?
Event: 0.371 Thread 0x0000000002656000 Exception <a 'java/lang/NoSuchMethodError': Method sun.misc.Unsafe.prefetchRead(Ljava/lang/Object;J)V name or signature does not match> (0x00000000eab133c8) thrown at [D:\re\puppet\workspace\8-2-build-windows-amd64-cygwin\jdk8u73\6086\hotspot\src\share\vm\M‰0Ü9÷?
Event: 1.452 Thread 0x000000001655b000 Implicit null exception at 0x0000000002a32362 to 0x0000000002a3245a

Events (10 events):
Event: 3.415 Thread 0x00000000183c5800 DEOPT PACKING pc=0x0000000002eb0c1c sp=0x0000000019cbe9f0
Event: 3.415 Thread 0x00000000183c5800 DEOPT UNPACKING pc=0x000000000279787f sp=0x0000000019cbe740 mode 0
Event: 3.428 loading class com/android/dx/dex/file/DebugInfoEncoder
Event: 3.428 loading class com/android/dx/dex/file/DebugInfoEncoder done
Event: 3.429 loading class com/android/dx/dex/file/DebugInfoEncoder$1
Event: 3.429 loading class com/android/dx/dex/file/DebugInfoEncoder$1 done
Event: 3.430 loading class com/android/dx/dex/file/DebugInfoEncoder$2
Event: 3.430 loading class com/android/dx/dex/file/DebugInfoEncoder$2 done
Event: 3.462 loading class com/android/dex/EncodedValueCodec
Event: 3.462 loading class com/android/dex/EncodedValueCodec done


Dynamic libraries:
0x00007ff614a00000 - 0x00007ff614a37000 	C:\Program Files\Java\jdk1.8.0_73\bin\java.exe
0x00007ffe6c4a0000 - 0x00007ffe6c671000 	C:\WINDOWS\SYSTEM32\ntdll.dll
0x00007ffe6bd60000 - 0x00007ffe6be0b000 	C:\WINDOWS\System32\KERNEL32.DLL
0x00007ffe68eb0000 - 0x00007ffe690cd000 	C:\WINDOWS\System32\KERNELBASE.dll
0x00007ffe66eb0000 - 0x00007ffe66f2a000 	C:\WINDOWS\system32\apphelp.dll
0x00007ffe44560000 - 0x00007ffe449e2000 	C:\WINDOWS\AppPatch\AppPatch64\AcLayers.DLL
0x00007ffe69bf0000 - 0x00007ffe69c8e000 	C:\WINDOWS\System32\msvcrt.dll
0x00007ffe6be10000 - 0x00007ffe6bf75000 	C:\WINDOWS\System32\USER32.dll
0x00007ffe68c60000 - 0x00007ffe68c7e000 	C:\WINDOWS\System32\win32u.dll
0x00007ffe6a0d0000 - 0x00007ffe6a104000 	C:\WINDOWS\System32\GDI32.dll
0x00007ffe68c80000 - 0x00007ffe68e02000 	C:\WINDOWS\System32\gdi32full.dll
0x00007ffe6c290000 - 0x00007ffe6c2e2000 	C:\WINDOWS\System32\SHLWAPI.dll
0x00007ffe6a4d0000 - 0x00007ffe6a798000 	C:\WINDOWS\System32\combase.dll
0x00007ffe68af0000 - 0x00007ffe68be5000 	C:\WINDOWS\System32\ucrtbase.dll
0x00007ffe6c310000 - 0x00007ffe6c431000 	C:\WINDOWS\System32\RPCRT4.dll
0x00007ffe68bf0000 - 0x00007ffe68c5a000 	C:\WINDOWS\System32\bcryptPrimitives.dll
0x0000000000190000 - 0x0000000000193000 	C:\WINDOWS\SYSTEM32\sfc.dll
0x00007ffe651d0000 - 0x00007ffe65255000 	C:\WINDOWS\SYSTEM32\WINSPOOL.DRV
0x00007ffe68840000 - 0x00007ffe6886b000 	C:\WINDOWS\SYSTEM32\bcrypt.dll
0x00007ffe57c40000 - 0x00007ffe57c51000 	C:\WINDOWS\SYSTEM32\sfc_os.DLL
0x00007ffe602b0000 - 0x00007ffe602c1000 	C:\WINDOWS\SYSTEM32\SortWindows61.dll
0x00007ffe6c1f0000 - 0x00007ffe6c21e000 	C:\WINDOWS\System32\IMM32.DLL
0x00007ffe6bcb0000 - 0x00007ffe6bd52000 	C:\WINDOWS\System32\ADVAPI32.dll
0x00007ffe6a2c0000 - 0x00007ffe6a319000 	C:\WINDOWS\System32\sechost.dll
0x00007ffe61b50000 - 0x00007ffe61dc9000 	C:\WINDOWS\WinSxS\amd64_microsoft.windows.common-controls_6595b64144ccf1df_6.0.14393.447_none_42191651c6827bb3\COMCTL32.dll
0x000000006be20000 - 0x000000006bef2000 	C:\Program Files\Java\jdk1.8.0_73\jre\bin\msvcr100.dll
0x000000006aab0000 - 0x000000006b340000 	C:\Program Files\Java\jdk1.8.0_73\jre\bin\server\jvm.dll
0x00007ffe6a320000 - 0x00007ffe6a328000 	C:\WINDOWS\System32\PSAPI.DLL
0x00007ffe5bee0000 - 0x00007ffe5bee9000 	C:\WINDOWS\SYSTEM32\WSOCK32.dll
0x00007ffe6a250000 - 0x00007ffe6a2ba000 	C:\WINDOWS\System32\WS2_32.dll
0x00007ffe66dc0000 - 0x00007ffe66de3000 	C:\WINDOWS\SYSTEM32\WINMM.dll
0x00007ffe63fd0000 - 0x00007ffe63fda000 	C:\WINDOWS\SYSTEM32\VERSION.dll
0x00007ffe66d30000 - 0x00007ffe66d5b000 	C:\WINDOWS\SYSTEM32\WINMMBASE.dll
0x00007ffe689f0000 - 0x00007ffe68a32000 	C:\WINDOWS\System32\cfgmgr32.dll
0x000000006be10000 - 0x000000006be1f000 	C:\Program Files\Java\jdk1.8.0_73\jre\bin\verify.dll
0x000000006bde0000 - 0x000000006be09000 	C:\Program Files\Java\jdk1.8.0_73\jre\bin\java.dll
0x000000006bdc0000 - 0x000000006bdd6000 	C:\Program Files\Java\jdk1.8.0_73\jre\bin\zip.dll
0x00007ffe6a7a0000 - 0x00007ffe6bca9000 	C:\WINDOWS\System32\SHELL32.dll
0x00007ffe690d0000 - 0x00007ffe697aa000 	C:\WINDOWS\System32\windows.storage.dll
0x00007ffe68940000 - 0x00007ffe6898c000 	C:\WINDOWS\System32\powrprof.dll
0x00007ffe68930000 - 0x00007ffe6893f000 	C:\WINDOWS\System32\kernel.appcore.dll
0x00007ffe68a40000 - 0x00007ffe68ae9000 	C:\WINDOWS\System32\shcore.dll
0x00007ffe68910000 - 0x00007ffe68924000 	C:\WINDOWS\System32\profapi.dll

VM Arguments:
jvm_args: -Djava.awt.headless=true -Xmx1024M -Dfile.encoding=GBK -Duser.country=CN -Duser.language=zh -Duser.variant 
java_command: com.android.dx.command.Main --dex --force-jumbo --num-threads=4 --multi-dex --output C:\Users\ZHANGSHIXIAN\Desktop\kkweather\app\build\intermediates\transforms\dex\debug\folders\1000\10\internal_impl-23.3.0_2061c2650b788b628e43308fd0cf499bd67d7552 C:\Users\ZHANGSHIXIAN\Desktop\kkweather\app\build\intermediates\exploded-aar\com.android.support\support-v4\23.3.0\jars\libs\internal_impl-23.3.0.jar
java_class_path (initial): D:\Android\sdk\build-tools\23.0.3\lib\dx.jar
Launcher Type: SUN_STANDARD

Environment Variables:
JAVA_HOME=C:\Program Files\Java\jdk1.8.0_73
CLASSPATH=.;C:\Program Files\Java\jdk1.8.0_73\lib
PATH=C:\Program Files\Java\jdk1.8.0_73\bin;C:\ProgramData\Oracle\Java\javapath;D:\Python35\Scripts\;D:\Python35\;C:\Program Files (x86)\Intel\iCLS Client\;C:\Program Files\Intel\iCLS Client\;C:\WINDOWS\system32;C:\WINDOWS;C:\WINDOWS\System32\Wbem;C:\WINDOWS\System32\WindowsPowerShell\v1.0\;C:\Program Files\Intel\Intel(R) Management Engine Components\DAL;C:\Program Files\Intel\Intel(R) Management Engine Components\IPT;C:\Program Files (x86)\Intel\Intel(R) Management Engine Components\DAL;C:\Program Files (x86)\Intel\Intel(R) Management Engine Components\IPT;C:\Program Files (x86)\Windows Kits\8.1\Windows Performance Toolkit\;C:\Program Files\Microsoft SQL Server\110\Tools\Binn\;C:\Program Files\Microsoft SQL Server\120\Tools\Binn\£»D:\QT\Qt5.5.0\5.5\mingw492_32\bin;;:\QT\Qt5.5.0\Tools\QtCreator\bin;D:\QT\Qt5.5.0\Tools\mingw492_32\bin;C:\Users\ZHANGSHIXIAN\.dnx\bin;C:\Program Files\Microsoft DNX\Dnvm\;C:\Program Files (x86)\NVIDIA Corporation\PhysX\Common;C:\Program Files\Intel\WiFi\bin\;C:\Program Files\Common Files\Intel\WirelessCommon\;D:\Android\sdk\platform-tools;C:\WINDOWS\system32;C:\WINDOWS;C:\WINDOWS\System32\Wbem;C:\WINDOWS\System32\WindowsPowerShell\v1.0\;D:\Program Files\Git\cmd;C:\Users\ZHANGSHIXIAN\AppData\Local\Microsoft\WindowsApps
USERNAME=ZHANGSHIXIAN
OS=Windows_NT
PROCESSOR_IDENTIFIER=Intel64 Family 6 Model 60 Stepping 3, GenuineIntel



---------------  S Y S T E M  ---------------

OS: Windows 10.0 , 64 bit Build 14393 (10.0.14393.0)

CPU:total 4 (2 cores per cpu, 2 threads per core) family 6 model 60 stepping 3, cmov, cx8, fxsr, mmx, sse, sse2, sse3, ssse3, sse4.1, sse4.2, popcnt, avx, avx2, aes, clmul, erms, lzcnt, ht, tsc, tscinvbit, bmi1, bmi2

Memory: 4k page, physical 12499692k(3654540k free), swap 13548268k(5576k free)

vm_info: Java HotSpot(TM) 64-Bit Server VM (25.73-b02) for windows-amd64 JRE (1.8.0_73-b02), built on Jan 29 2016 17:38:49 by "java_re" with MS VC++ 10.0 (VS2010)

time: Mon Dec 12 23:32:31 2016
elapsed time: 3 seconds (0d 0h 0m 3s)

