#
# There is insufficient memory for the Java Runtime Environment to continue.
# Native memory allocation (malloc) failed to allocate 1825216 bytes for Chunk::new
# Possible reasons:
#   The system is out of physical RAM or swap space
#   In 32 bit mode, the process size limit was hit
# Possible solutions:
#   Reduce memory load on the system
#   Increase physical memory or swap space
#   Check if swap backing store is full
#   Use 64 bit Java on a 64 bit OS
#   Decrease Java heap size (-Xmx/-Xms)
#   Decrease number of Java threads
#   Decrease Java thread stack sizes (-Xss)
#   Set larger code cache with -XX:ReservedCodeCacheSize=
# This output file may be truncated or incomplete.
#
#  Out of Memory Error (allocation.cpp:390), pid=7192, tid=16308
#
# JRE version: Java(TM) SE Runtime Environment (8.0_73-b02) (build 1.8.0_73-b02)
# Java VM: Java HotSpot(TM) 64-Bit Server VM (25.73-b02 mixed mode windows-amd64 compressed oops)
# Failed to write core dump. Minidumps are not enabled by default on client versions of Windows
#

---------------  T H R E A D  ---------------

Current thread (0x00000000166be800):  JavaThread "C2 CompilerThread1" daemon [_thread_in_native, id=16308, stack(0x0000000016d40000,0x0000000016e40000)]

Stack: [0x0000000016d40000,0x0000000016e40000]
[error occurred during error reporting (printing stack bounds), id 0xc0000005]

Native frames: (J=compiled Java code, j=interpreted, Vv=VM code, C=native code)


Current CompileTask:
C2:   4259 1569   !   4       com.android.dx.cf.code.Ropper::processBlock (1101 bytes)


---------------  P R O C E S S  ---------------

Java Threads: ( => current thread )
  0x0000000017446800 JavaThread "pool-2-thread-4" [_thread_blocked, id=14144, stack(0x0000000017d40000,0x0000000017e40000)]
  0x0000000017443800 JavaThread "pool-2-thread-3" [_thread_in_Java, id=9880, stack(0x0000000017c40000,0x0000000017d40000)]
  0x0000000016a3a000 JavaThread "pool-2-thread-2" [_thread_in_Java, id=12972, stack(0x0000000017340000,0x0000000017440000)]
  0x0000000016a39000 JavaThread "pool-3-thread-1" [_thread_blocked, id=15504, stack(0x0000000017240000,0x0000000017340000)]
  0x0000000016a23800 JavaThread "pool-2-thread-1" [_thread_blocked, id=16324, stack(0x0000000017140000,0x0000000017240000)]
  0x00000000166cd800 JavaThread "Service Thread" daemon [_thread_blocked, id=13924, stack(0x0000000016f40000,0x0000000017040000)]
  0x00000000166bf800 JavaThread "C1 CompilerThread2" daemon [_thread_blocked, id=8780, stack(0x0000000016e40000,0x0000000016f40000)]
=>0x00000000166be800 JavaThread "C2 CompilerThread1" daemon [_thread_in_native, id=16308, stack(0x0000000016d40000,0x0000000016e40000)]
  0x00000000166ba800 JavaThread "C2 CompilerThread0" daemon [_thread_in_native, id=13468, stack(0x0000000016c40000,0x0000000016d40000)]
  0x000000001665e000 JavaThread "Attach Listener" daemon [_thread_blocked, id=1524, stack(0x0000000016b40000,0x0000000016c40000)]
  0x00000000166b6800 JavaThread "Signal Dispatcher" daemon [_thread_blocked, id=816, stack(0x0000000016a40000,0x0000000016b40000)]
  0x00000000152e4800 JavaThread "Finalizer" daemon [_thread_blocked, id=10752, stack(0x0000000016540000,0x0000000016640000)]
  0x00000000152e1000 JavaThread "Reference Handler" daemon [_thread_blocked, id=14040, stack(0x0000000016440000,0x0000000016540000)]
  0x0000000002b26000 JavaThread "main" [_thread_blocked, id=12380, stack(0x0000000002900000,0x0000000002a00000)]

Other Threads:
  0x00000000152d5800 VMThread [stack: 0x0000000016340000,0x0000000016440000] [id=11736]
  0x00000000166d1800 WatcherThread [stack: 0x0000000017040000,0x0000000017140000] [id=16380]

VM state:not at safepoint (normal execution)

VM Mutex/Monitor currently owned by a thread: None

Heap:
 PSYoungGen      total 57344K, used 13890K [0x00000000eab00000, 0x00000000f1b00000, 0x0000000100000000)
  eden space 49152K, 11% used [0x00000000eab00000,0x00000000eb096f98,0x00000000edb00000)
  from space 8192K, 99% used [0x00000000ee300000,0x00000000eeaf98c0,0x00000000eeb00000)
  to   space 8192K, 0% used [0x00000000edb00000,0x00000000edb00000,0x00000000ee300000)
 ParOldGen       total 131072K, used 5087K [0x00000000c0000000, 0x00000000c8000000, 0x00000000eab00000)
  object space 131072K, 3% used [0x00000000c0000000,0x00000000c04f7ee8,0x00000000c8000000)
 Metaspace       used 6250K, capacity 7092K, committed 7296K, reserved 1056768K
  class space    used 602K, capacity 620K, committed 640K, reserved 1048576K

Card table byte_map: [0x0000000011fe0000,0x00000000121f0000] byte_map_base: 0x00000000119e0000

Marking Bits: (ParMarkBitMap*) 0x000000006af30600
 Begin Bits: [0x0000000012750000, 0x0000000013750000)
 End Bits:   [0x0000000013750000, 0x0000000014750000)

Polling page: 0x0000000002810000

CodeCache: size=245760Kb used=6998Kb max_used=6998Kb free=238761Kb
 bounds [0x0000000002c20000, 0x0000000003300000, 0x0000000011c20000]
 total_blobs=1897 nmethods=1626 adapters=183
 compilation: enabled

Compilation events (10 events):
Event: 4.250 Thread 0x00000000166bf800 1653       3       com.android.dx.cf.code.LocalsArraySet::<init> (110 bytes)
Event: 4.251 Thread 0x00000000166bf800 nmethod 1653 0x00000000032f52d0 code [0x00000000032f55e0, 0x00000000032f6de8]
Event: 4.254 Thread 0x00000000166bf800 1656       2       com.android.dx.cf.code.Ropper::filterMoveReturnAddressInsns (114 bytes)
Event: 4.255 Thread 0x00000000166bf800 nmethod 1656 0x00000000032f7dd0 code [0x00000000032f7fc0, 0x00000000032f8778]
Event: 4.255 Thread 0x00000000166bf800 1657       2       java.util.concurrent.locks.ReentrantLock::unlock (10 bytes)
Event: 4.255 Thread 0x00000000166bf800 nmethod 1657 0x00000000032f9190 code [0x00000000032f9300, 0x00000000032f94f8]
Event: 4.255 Thread 0x00000000166bf800 1658       2       java.util.Collections::unmodifiableCollection (9 bytes)
Event: 4.256 Thread 0x00000000166bf800 nmethod 1658 0x00000000032f9610 code [0x00000000032f9780, 0x00000000032f99c8]
Event: 4.256 Thread 0x00000000166bf800 1660       2       com.android.dx.dex.file.ClassDefItem::addInstanceField (9 bytes)
Event: 4.256 Thread 0x00000000166bf800 nmethod 1660 0x00000000032f9ad0 code [0x00000000032f9c60, 0x00000000032f9f98]

GC Heap History (4 events):
Event: 3.468 GC heap before
{Heap before GC invocations=1 (full 0):
 PSYoungGen      total 57344K, used 49152K [0x00000000eab00000, 0x00000000eeb00000, 0x0000000100000000)
  eden space 49152K, 100% used [0x00000000eab00000,0x00000000edb00000,0x00000000edb00000)
  from space 8192K, 0% used [0x00000000ee300000,0x00000000ee300000,0x00000000eeb00000)
  to   space 8192K, 0% used [0x00000000edb00000,0x00000000edb00000,0x00000000ee300000)
 ParOldGen       total 131072K, used 0K [0x00000000c0000000, 0x00000000c8000000, 0x00000000eab00000)
  object space 131072K, 0% used [0x00000000c0000000,0x00000000c0000000,0x00000000c8000000)
 Metaspace       used 6166K, capacity 7028K, committed 7296K, reserved 1056768K
  class space    used 601K, capacity 620K, committed 640K, reserved 1048576K
Event: 3.534 GC heap after
Heap after GC invocations=1 (full 0):
 PSYoungGen      total 57344K, used 8041K [0x00000000eab00000, 0x00000000eeb00000, 0x0000000100000000)
  eden space 49152K, 0% used [0x00000000eab00000,0x00000000eab00000,0x00000000edb00000)
  from space 8192K, 98% used [0x00000000edb00000,0x00000000ee2da678,0x00000000ee300000)
  to   space 8192K, 0% used [0x00000000ee300000,0x00000000ee300000,0x00000000eeb00000)
 ParOldGen       total 131072K, used 24K [0x00000000c0000000, 0x00000000c8000000, 0x00000000eab00000)
  object space 131072K, 0% used [0x00000000c0000000,0x00000000c0006000,0x00000000c8000000)
 Metaspace       used 6166K, capacity 7028K, committed 7296K, reserved 1056768K
  class space    used 601K, capacity 620K, committed 640K, reserved 1048576K
}
Event: 4.205 GC heap before
{Heap before GC invocations=2 (full 0):
 PSYoungGen      total 57344K, used 57193K [0x00000000eab00000, 0x00000000eeb00000, 0x0000000100000000)
  eden space 49152K, 100% used [0x00000000eab00000,0x00000000edb00000,0x00000000edb00000)
  from space 8192K, 98% used [0x00000000edb00000,0x00000000ee2da678,0x00000000ee300000)
  to   space 8192K, 0% used [0x00000000ee300000,0x00000000ee300000,0x00000000eeb00000)
 ParOldGen       total 131072K, used 24K [0x00000000c0000000, 0x00000000c8000000, 0x00000000eab00000)
  object space 131072K, 0% used [0x00000000c0000000,0x00000000c0006000,0x00000000c8000000)
 Metaspace       used 6245K, capacity 7092K, committed 7296K, reserved 1056768K
  class space    used 602K, capacity 620K, committed 640K, reserved 1048576K
Event: 4.243 GC heap after
Heap after GC invocations=2 (full 0):
 PSYoungGen      total 57344K, used 8166K [0x00000000eab00000, 0x00000000f1b00000, 0x0000000100000000)
  eden space 49152K, 0% used [0x00000000eab00000,0x00000000eab00000,0x00000000edb00000)
  from space 8192K, 99% used [0x00000000ee300000,0x00000000eeaf98c0,0x00000000eeb00000)
  to   space 8192K, 0% used [0x00000000edb00000,0x00000000edb00000,0x00000000ee300000)
 ParOldGen       total 131072K, used 5087K [0x00000000c0000000, 0x00000000c8000000, 0x00000000eab00000)
  object space 131072K, 3% used [0x00000000c0000000,0x00000000c04f7ee8,0x00000000c8000000)
 Metaspace       used 6245K, capacity 7092K, committed 7296K, reserved 1056768K
  class space    used 602K, capacity 620K, committed 640K, reserved 1048576K
}

Deoptimization events (10 events):
Event: 3.584 Thread 0x0000000016a3a000 Uncommon trap: reason=bimorphic action=maybe_recompile pc=0x000000000320763c method=com.android.dx.ssa.SCCP.setLatticeValueTo(IILcom/android/dx/rop/cst/Constant;)Z @ 43
Event: 3.584 Thread 0x0000000016a3a000 Uncommon trap: reason=bimorphic action=maybe_recompile pc=0x000000000320763c method=com.android.dx.ssa.SCCP.setLatticeValueTo(IILcom/android/dx/rop/cst/Constant;)Z @ 43
Event: 3.608 Thread 0x0000000017443800 Uncommon trap: reason=class_check action=maybe_recompile pc=0x00000000031959d0 method=com.android.dx.ssa.SCCP.simulateBranch(Lcom/android/dx/ssa/SsaInsn;)V @ 145
Event: 3.608 Thread 0x0000000017443800 Uncommon trap: reason=class_check action=maybe_recompile pc=0x00000000031959d0 method=com.android.dx.ssa.SCCP.simulateBranch(Lcom/android/dx/ssa/SsaInsn;)V @ 145
Event: 3.609 Thread 0x0000000017443800 Uncommon trap: reason=class_check action=maybe_recompile pc=0x00000000031959d0 method=com.android.dx.ssa.SCCP.simulateBranch(Lcom/android/dx/ssa/SsaInsn;)V @ 145
Event: 3.609 Thread 0x0000000017443800 Uncommon trap: reason=class_check action=maybe_recompile pc=0x00000000031959d0 method=com.android.dx.ssa.SCCP.simulateBranch(Lcom/android/dx/ssa/SsaInsn;)V @ 145
Event: 4.006 Thread 0x0000000017443800 Uncommon trap: reason=speculate_class_check action=maybe_recompile pc=0x000000000329436c method=com.android.dx.rop.cst.TypedConstant.getBasicType()I @ 1
Event: 4.006 Thread 0x0000000017443800 Uncommon trap: reason=speculate_class_check action=maybe_recompile pc=0x000000000329436c method=com.android.dx.rop.cst.TypedConstant.getBasicType()I @ 1
Event: 4.006 Thread 0x0000000017443800 Uncommon trap: reason=speculate_class_check action=maybe_recompile pc=0x000000000329436c method=com.android.dx.rop.cst.TypedConstant.getBasicType()I @ 1
Event: 4.006 Thread 0x0000000017443800 Uncommon trap: reason=speculate_class_check action=maybe_recompile pc=0x000000000329436c method=com.android.dx.rop.cst.TypedConstant.getBasicType()I @ 1

Internal exceptions (2 events):
Event: 0.369 Thread 0x0000000002b26000 Exception <a 'java/lang/NoSuchMethodError': Method sun.misc.Unsafe.defineClass(Ljava/lang/String;[BII)Ljava/lang/Class; name or signature does not match> (0x00000000eab130e0) thrown at [D:\re\puppet\workspace\8-2-build-windows-amd64-cygwin\jdk8u73\6086\hotÞÝ›¿¢×?
Event: 0.369 Thread 0x0000000002b26000 Exception <a 'java/lang/NoSuchMethodError': Method sun.misc.Unsafe.prefetchRead(Ljava/lang/Object;J)V name or signature does not match> (0x00000000eab133c8) thrown at [D:\re\puppet\workspace\8-2-build-windows-amd64-cygwin\jdk8u73\6086\hotspot\src\share\vm\

Events (10 events):
Event: 4.103 Thread 0x0000000002b26000 DEOPT PACKING pc=0x000000000301ac7b sp=0x00000000029fe740
Event: 4.103 Thread 0x0000000002b26000 DEOPT UNPACKING pc=0x0000000002c6787f sp=0x00000000029fe480 mode 0
Event: 4.145 Thread 0x0000000016a3a000 DEOPT PACKING pc=0x000000000301959d sp=0x000000001743eb50
Event: 4.145 Thread 0x0000000016a3a000 DEOPT UNPACKING pc=0x0000000002c6787f sp=0x000000001743e8f0 mode 0
Event: 4.166 Thread 0x0000000017443800 DEOPT PACKING pc=0x000000000300f89e sp=0x0000000017d3e970
Event: 4.166 Thread 0x0000000017443800 DEOPT UNPACKING pc=0x0000000002c6787f sp=0x0000000017d3e728 mode 0
Event: 4.180 Executing VM operation: ParallelGCFailedAllocation
Event: 4.243 Executing VM operation: ParallelGCFailedAllocation done
Event: 4.250 Thread 0x0000000016a3a000 DEOPT PACKING pc=0x00000000032f03cb sp=0x000000001743e6c0
Event: 4.250 Thread 0x0000000016a3a000 DEOPT UNPACKING pc=0x0000000002c6787f sp=0x000000001743e4b8 mode 0


Dynamic libraries:
0x00007ff6e4be0000 - 0x00007ff6e4c17000 	C:\Program Files\Java\jdk1.8.0_73\bin\java.exe
0x00007ffe6c4a0000 - 0x00007ffe6c671000 	C:\WINDOWS\SYSTEM32\ntdll.dll
0x00007ffe6bd60000 - 0x00007ffe6be0b000 	C:\WINDOWS\System32\KERNEL32.DLL
0x00007ffe68eb0000 - 0x00007ffe690cd000 	C:\WINDOWS\System32\KERNELBASE.dll
0x00007ffe66eb0000 - 0x00007ffe66f2a000 	C:\WINDOWS\system32\apphelp.dll
0x00007ffe43800000 - 0x00007ffe43c82000 	C:\WINDOWS\AppPatch\AppPatch64\AcLayers.DLL
0x00007ffe69bf0000 - 0x00007ffe69c8e000 	C:\WINDOWS\System32\msvcrt.dll
0x00007ffe6be10000 - 0x00007ffe6bf75000 	C:\WINDOWS\System32\USER32.dll
0x00007ffe68c60000 - 0x00007ffe68c7e000 	C:\WINDOWS\System32\win32u.dll
0x00007ffe6a0d0000 - 0x00007ffe6a104000 	C:\WINDOWS\System32\GDI32.dll
0x00007ffe68c80000 - 0x00007ffe68e02000 	C:\WINDOWS\System32\gdi32full.dll
0x00007ffe6c290000 - 0x00007ffe6c2e2000 	C:\WINDOWS\System32\SHLWAPI.dll
0x00007ffe6a4d0000 - 0x00007ffe6a798000 	C:\WINDOWS\System32\combase.dll
0x00007ffe68af0000 - 0x00007ffe68be5000 	C:\WINDOWS\System32\ucrtbase.dll
0x00007ffe6c310000 - 0x00007ffe6c431000 	C:\WINDOWS\System32\RPCRT4.dll
0x00007ffe68bf0000 - 0x00007ffe68c5a000 	C:\WINDOWS\System32\bcryptPrimitives.dll
0x0000000000700000 - 0x0000000000703000 	C:\WINDOWS\SYSTEM32\sfc.dll
0x00007ffe651d0000 - 0x00007ffe65255000 	C:\WINDOWS\SYSTEM32\WINSPOOL.DRV
0x00007ffe68840000 - 0x00007ffe6886b000 	C:\WINDOWS\SYSTEM32\bcrypt.dll
0x00007ffe57c40000 - 0x00007ffe57c51000 	C:\WINDOWS\SYSTEM32\sfc_os.DLL
0x00007ffe64940000 - 0x00007ffe64951000 	C:\WINDOWS\SYSTEM32\SortWindows61.dll
0x00007ffe6c1f0000 - 0x00007ffe6c21e000 	C:\WINDOWS\System32\IMM32.DLL
0x00007ffe6bcb0000 - 0x00007ffe6bd52000 	C:\WINDOWS\System32\ADVAPI32.dll
0x00007ffe6a2c0000 - 0x00007ffe6a319000 	C:\WINDOWS\System32\sechost.dll
0x00007ffe61b50000 - 0x00007ffe61dc9000 	C:\WINDOWS\WinSxS\amd64_microsoft.windows.common-controls_6595b64144ccf1df_6.0.14393.447_none_42191651c6827bb3\COMCTL32.dll
0x000000006be20000 - 0x000000006bef2000 	C:\Program Files\Java\jdk1.8.0_73\jre\bin\msvcr100.dll
0x000000006a720000 - 0x000000006afb0000 	C:\Program Files\Java\jdk1.8.0_73\jre\bin\server\jvm.dll
0x00007ffe6a320000 - 0x00007ffe6a328000 	C:\WINDOWS\System32\PSAPI.DLL
0x00007ffe5e340000 - 0x00007ffe5e349000 	C:\WINDOWS\SYSTEM32\WSOCK32.dll
0x00007ffe6a250000 - 0x00007ffe6a2ba000 	C:\WINDOWS\System32\WS2_32.dll
0x00007ffe66dc0000 - 0x00007ffe66de3000 	C:\WINDOWS\SYSTEM32\WINMM.dll
0x00007ffe63fd0000 - 0x00007ffe63fda000 	C:\WINDOWS\SYSTEM32\VERSION.dll
0x00007ffe66d30000 - 0x00007ffe66d5b000 	C:\WINDOWS\SYSTEM32\WINMMBASE.dll
0x00007ffe689f0000 - 0x00007ffe68a32000 	C:\WINDOWS\System32\cfgmgr32.dll
0x000000006be10000 - 0x000000006be1f000 	C:\Program Files\Java\jdk1.8.0_73\jre\bin\verify.dll
0x000000006bde0000 - 0x000000006be09000 	C:\Program Files\Java\jdk1.8.0_73\jre\bin\java.dll
0x000000006bdc0000 - 0x000000006bdd6000 	C:\Program Files\Java\jdk1.8.0_73\jre\bin\zip.dll
0x00007ffe6a7a0000 - 0x00007ffe6bca9000 	C:\WINDOWS\System32\SHELL32.dll
0x00007ffe690d0000 - 0x00007ffe697aa000 	C:\WINDOWS\System32\windows.storage.dll
0x00007ffe68940000 - 0x00007ffe6898c000 	C:\WINDOWS\System32\powrprof.dll
0x00007ffe68930000 - 0x00007ffe6893f000 	C:\WINDOWS\System32\kernel.appcore.dll
0x00007ffe68a40000 - 0x00007ffe68ae9000 	C:\WINDOWS\System32\shcore.dll
0x00007ffe68910000 - 0x00007ffe68924000 	C:\WINDOWS\System32\profapi.dll

VM Arguments:
jvm_args: -Djava.awt.headless=true -Xmx1024M -Dfile.encoding=GBK -Duser.country=CN -Duser.language=zh -Duser.variant 
java_command: com.android.dx.command.Main --dex --force-jumbo --num-threads=4 --multi-dex --output C:\Users\ZHANGSHIXIAN\Desktop\kkweather\app\build\intermediates\transforms\dex\debug\folders\1000\2\AMap_Location_V2.8.0_20160811_09f79617f32f6a80eb367bee02511c254a82d915 C:\Users\ZHANGSHIXIAN\Desktop\kkweather\app\libs\AMap_Location_V2.8.0_20160811.jar
java_class_path (initial): D:\Android\sdk\build-tools\23.0.3\lib\dx.jar
Launcher Type: SUN_STANDARD

Environment Variables:
JAVA_HOME=C:\Program Files\Java\jdk1.8.0_73
CLASSPATH=.;C:\Program Files\Java\jdk1.8.0_73\lib
PATH=C:\Program Files\Java\jdk1.8.0_73\bin;C:\ProgramData\Oracle\Java\javapath;D:\Python35\Scripts\;D:\Python35\;C:\Program Files (x86)\Intel\iCLS Client\;C:\Program Files\Intel\iCLS Client\;C:\WINDOWS\system32;C:\WINDOWS;C:\WINDOWS\System32\Wbem;C:\WINDOWS\System32\WindowsPowerShell\v1.0\;C:\Program Files\Intel\Intel(R) Management Engine Components\DAL;C:\Program Files\Intel\Intel(R) Management Engine Components\IPT;C:\Program Files (x86)\Intel\Intel(R) Management Engine Components\DAL;C:\Program Files (x86)\Intel\Intel(R) Management Engine Components\IPT;C:\Program Files (x86)\Windows Kits\8.1\Windows Performance Toolkit\;C:\Program Files\Microsoft SQL Server\110\Tools\Binn\;C:\Program Files\Microsoft SQL Server\120\Tools\Binn\£»D:\QT\Qt5.5.0\5.5\mingw492_32\bin;;:\QT\Qt5.5.0\Tools\QtCreator\bin;D:\QT\Qt5.5.0\Tools\mingw492_32\bin;C:\Users\ZHANGSHIXIAN\.dnx\bin;C:\Program Files\Microsoft DNX\Dnvm\;C:\Program Files (x86)\NVIDIA Corporation\PhysX\Common;C:\Program Files\Intel\WiFi\bin\;C:\Program Files\Common Files\Intel\WirelessCommon\;D:\Android\sdk\platform-tools;C:\WINDOWS\system32;C:\WINDOWS;C:\WINDOWS\System32\Wbem;C:\WINDOWS\System32\WindowsPowerShell\v1.0\;D:\Program Files\Git\cmd;C:\Users\ZHANGSHIXIAN\AppData\Local\Microsoft\WindowsApps
USERNAME=ZHANGSHIXIAN
OS=Windows_NT
PROCESSOR_IDENTIFIER=Intel64 Family 6 Model 60 Stepping 3, GenuineIntel



---------------  S Y S T E M  ---------------

OS: Windows 10.0 , 64 bit Build 14393 (10.0.14393.0)

CPU:total 4 (2 cores per cpu, 2 threads per core) family 6 model 60 stepping 3, cmov, cx8, fxsr, mmx, sse, sse2, sse3, ssse3, sse4.1, sse4.2, popcnt, avx, avx2, aes, clmul, erms, lzcnt, ht, tsc, tscinvbit, bmi1, bmi2

Memory: 4k page, physical 12499692k(4042168k free), swap 13548268k(6324k free)

vm_info: Java HotSpot(TM) 64-Bit Server VM (25.73-b02) for windows-amd64 JRE (1.8.0_73-b02), built on Jan 29 2016 17:38:49 by "java_re" with MS VC++ 10.0 (VS2010)

time: Wed Dec 14 21:40:09 2016
elapsed time: 4 seconds (0d 0h 0m 4s)

