#
# There is insufficient memory for the Java Runtime Environment to continue.
# Native memory allocation (malloc) failed to allocate 1098336 bytes for Chunk::new
# Possible reasons:
#   The system is out of physical RAM or swap space
#   In 32 bit mode, the process size limit was hit
# Possible solutions:
#   Reduce memory load on the system
#   Increase physical memory or swap space
#   Check if swap backing store is full
#   Use 64 bit Java on a 64 bit OS
#   Decrease Java heap size (-Xmx/-Xms)
#   Decrease number of Java threads
#   Decrease Java thread stack sizes (-Xss)
#   Set larger code cache with -XX:ReservedCodeCacheSize=
# This output file may be truncated or incomplete.
#
#  Out of Memory Error (allocation.cpp:390), pid=5872, tid=5296
#
# JRE version: Java(TM) SE Runtime Environment (8.0_73-b02) (build 1.8.0_73-b02)
# Java VM: Java HotSpot(TM) 64-Bit Server VM (25.73-b02 mixed mode windows-amd64 compressed oops)
# Failed to write core dump. Minidumps are not enabled by default on client versions of Windows
#

---------------  T H R E A D  ---------------

Current thread (0x00000000159ab800):  JavaThread "C2 CompilerThread0" daemon [_thread_in_native, id=5296, stack(0x0000000016eb0000,0x0000000016fb0000)]

Stack: [0x0000000016eb0000,0x0000000016fb0000]
[error occurred during error reporting (printing stack bounds), id 0xc0000005]

Native frames: (J=compiled Java code, j=interpreted, Vv=VM code, C=native code)


Current CompileTask:
C2:   3496 1681       4       com.android.dx.cf.code.ValueAwareMachine::run (1142 bytes)


---------------  P R O C E S S  ---------------

Java Threads: ( => current thread )
  0x0000000017255800 JavaThread "pool-1-thread-1" [_thread_new, id=4500, stack(0x0000000000000000,0x0000000000000000)]
  0x000000001700b000 JavaThread "Service Thread" daemon [_thread_blocked, id=6404, stack(0x00000000175b0000,0x00000000176b0000)]
  0x000000001700a000 JavaThread "C1 CompilerThread2" daemon [_thread_blocked, id=10480, stack(0x00000000174b0000,0x00000000175b0000)]
  0x0000000016fb1000 JavaThread "C2 CompilerThread1" daemon [_thread_in_native, id=1852, stack(0x00000000173b0000,0x00000000174b0000)]
=>0x00000000159ab800 JavaThread "C2 CompilerThread0" daemon [_thread_in_native, id=5296, stack(0x0000000016eb0000,0x0000000016fb0000)]
  0x000000001595f800 JavaThread "Attach Listener" daemon [_thread_blocked, id=5992, stack(0x0000000016db0000,0x0000000016eb0000)]
  0x000000001595e800 JavaThread "Signal Dispatcher" daemon [_thread_blocked, id=11956, stack(0x0000000016cb0000,0x0000000016db0000)]
  0x0000000003271000 JavaThread "Finalizer" daemon [_thread_blocked, id=7092, stack(0x0000000016bb0000,0x0000000016cb0000)]
  0x0000000015919000 JavaThread "Reference Handler" daemon [_thread_blocked, id=7284, stack(0x0000000016ab0000,0x0000000016bb0000)]
  0x000000000317e000 JavaThread "main" [_thread_blocked, id=12124, stack(0x0000000002f90000,0x0000000003090000)]

Other Threads:
  0x0000000015917000 VMThread [stack: 0x00000000169b0000,0x0000000016ab0000] [id=5392]
  0x000000001701f800 WatcherThread [stack: 0x00000000176b0000,0x00000000177b0000] [id=1944]

VM state:not at safepoint (normal execution)

VM Mutex/Monitor currently owned by a thread: None

Heap:
 PSYoungGen      total 57344K, used 27280K [0x00000000eab00000, 0x00000000eeb00000, 0x0000000100000000)
  eden space 49152K, 38% used [0x00000000eab00000,0x00000000ebda5240,0x00000000edb00000)
  from space 8192K, 99% used [0x00000000ee300000,0x00000000eeafee90,0x00000000eeb00000)
  to   space 8192K, 0% used [0x00000000edb00000,0x00000000edb00000,0x00000000ee300000)
 ParOldGen       total 131072K, used 19075K [0x00000000c0000000, 0x00000000c8000000, 0x00000000eab00000)
  object space 131072K, 14% used [0x00000000c0000000,0x00000000c12a0d80,0x00000000c8000000)
 Metaspace       used 6415K, capacity 7192K, committed 7424K, reserved 1056768K
  class space    used 628K, capacity 656K, committed 768K, reserved 1048576K

Card table byte_map: [0x0000000012640000,0x0000000012850000] byte_map_base: 0x0000000012040000

Marking Bits: (ParMarkBitMap*) 0x000000006b2c0600
 Begin Bits: [0x0000000012db0000, 0x0000000013db0000)
 End Bits:   [0x0000000013db0000, 0x0000000014db0000)

Polling page: 0x0000000001350000

CodeCache: size=245760Kb used=7227Kb max_used=7242Kb free=238532Kb
 bounds [0x0000000003280000, 0x00000000039a0000, 0x0000000012280000]
 total_blobs=1990 nmethods=1718 adapters=184
 compilation: enabled

Compilation events (10 events):
Event: 3.386 Thread 0x000000001700a000 1757       1       com.android.dx.dex.file.ClassDefItem::getThisClass (5 bytes)
Event: 3.386 Thread 0x000000001700a000 nmethod 1757 0x0000000003978b90 code [0x0000000003978ce0, 0x0000000003978df0]
Event: 3.386 Thread 0x000000001700a000 1758       2       java.util.concurrent.FutureTask::get (23 bytes)
Event: 3.387 Thread 0x000000001700a000 nmethod 1758 0x0000000003978790 code [0x0000000003978900, 0x0000000003978ab8]
Event: 3.387 Thread 0x000000001700a000 1759       2       java.util.concurrent.FutureTask::report (37 bytes)
Event: 3.387 Thread 0x000000001700a000 nmethod 1759 0x00000000039781d0 code [0x0000000003978360, 0x0000000003978618]
Event: 3.408 Thread 0x00000000159ab800 nmethod 1728 0x0000000003999410 code [0x0000000003999620, 0x000000000399aa28]
Event: 3.408 Thread 0x00000000159ab800 1725       4       java.util.ArrayList::removeRange (75 bytes)
Event: 3.410 Thread 0x00000000159ab800 nmethod 1725 0x00000000039583d0 code [0x0000000003958520, 0x0000000003958698]
Event: 3.410 Thread 0x00000000159ab800 1681       4       com.android.dx.cf.code.ValueAwareMachine::run (1142 bytes)

GC Heap History (8 events):
Event: 2.073 GC heap before
{Heap before GC invocations=1 (full 0):
 PSYoungGen      total 57344K, used 49152K [0x00000000eab00000, 0x00000000eeb00000, 0x0000000100000000)
  eden space 49152K, 100% used [0x00000000eab00000,0x00000000edb00000,0x00000000edb00000)
  from space 8192K, 0% used [0x00000000ee300000,0x00000000ee300000,0x00000000eeb00000)
  to   space 8192K, 0% used [0x00000000edb00000,0x00000000edb00000,0x00000000ee300000)
 ParOldGen       total 131072K, used 0K [0x00000000c0000000, 0x00000000c8000000, 0x00000000eab00000)
  object space 131072K, 0% used [0x00000000c0000000,0x00000000c0000000,0x00000000c8000000)
 Metaspace       used 6165K, capacity 7028K, committed 7296K, reserved 1056768K
  class space    used 602K, capacity 620K, committed 640K, reserved 1048576K
Event: 2.105 GC heap after
Heap after GC invocations=1 (full 0):
 PSYoungGen      total 57344K, used 8172K [0x00000000eab00000, 0x00000000eeb00000, 0x0000000100000000)
  eden space 49152K, 0% used [0x00000000eab00000,0x00000000eab00000,0x00000000edb00000)
  from space 8192K, 99% used [0x00000000edb00000,0x00000000ee2fb190,0x00000000ee300000)
  to   space 8192K, 0% used [0x00000000ee300000,0x00000000ee300000,0x00000000eeb00000)
 ParOldGen       total 131072K, used 663K [0x00000000c0000000, 0x00000000c8000000, 0x00000000eab00000)
  object space 131072K, 0% used [0x00000000c0000000,0x00000000c00a5df8,0x00000000c8000000)
 Metaspace       used 6165K, capacity 7028K, committed 7296K, reserved 1056768K
  class space    used 602K, capacity 620K, committed 640K, reserved 1048576K
}
Event: 2.425 GC heap before
{Heap before GC invocations=2 (full 0):
 PSYoungGen      total 57344K, used 57324K [0x00000000eab00000, 0x00000000eeb00000, 0x0000000100000000)
  eden space 49152K, 100% used [0x00000000eab00000,0x00000000edb00000,0x00000000edb00000)
  from space 8192K, 99% used [0x00000000edb00000,0x00000000ee2fb190,0x00000000ee300000)
  to   space 8192K, 0% used [0x00000000ee300000,0x00000000ee300000,0x00000000eeb00000)
 ParOldGen       total 131072K, used 663K [0x00000000c0000000, 0x00000000c8000000, 0x00000000eab00000)
  object space 131072K, 0% used [0x00000000c0000000,0x00000000c00a5df8,0x00000000c8000000)
 Metaspace       used 6363K, capacity 7128K, committed 7424K, reserved 1056768K
  class space    used 626K, capacity 656K, committed 768K, reserved 1048576K
Event: 2.447 GC heap after
Heap after GC invocations=2 (full 0):
 PSYoungGen      total 57344K, used 8180K [0x00000000eab00000, 0x00000000eeb00000, 0x0000000100000000)
  eden space 49152K, 0% used [0x00000000eab00000,0x00000000eab00000,0x00000000edb00000)
  from space 8192K, 99% used [0x00000000ee300000,0x00000000eeafd378,0x00000000eeb00000)
  to   space 8192K, 0% used [0x00000000edb00000,0x00000000edb00000,0x00000000ee300000)
 ParOldGen       total 131072K, used 6117K [0x00000000c0000000, 0x00000000c8000000, 0x00000000eab00000)
  object space 131072K, 4% used [0x00000000c0000000,0x00000000c05f9540,0x00000000c8000000)
 Metaspace       used 6363K, capacity 7128K, committed 7424K, reserved 1056768K
  class space    used 626K, capacity 656K, committed 768K, reserved 1048576K
}
Event: 2.740 GC heap before
{Heap before GC invocations=3 (full 0):
 PSYoungGen      total 57344K, used 57332K [0x00000000eab00000, 0x00000000eeb00000, 0x0000000100000000)
  eden space 49152K, 100% used [0x00000000eab00000,0x00000000edb00000,0x00000000edb00000)
  from space 8192K, 99% used [0x00000000ee300000,0x00000000eeafd378,0x00000000eeb00000)
  to   space 8192K, 0% used [0x00000000edb00000,0x00000000edb00000,0x00000000ee300000)
 ParOldGen       total 131072K, used 6117K [0x00000000c0000000, 0x00000000c8000000, 0x00000000eab00000)
  object space 131072K, 4% used [0x00000000c0000000,0x00000000c05f9540,0x00000000c8000000)
 Metaspace       used 6391K, capacity 7192K, committed 7424K, reserved 1056768K
  class space    used 626K, capacity 656K, committed 768K, reserved 1048576K
Event: 2.770 GC heap after
Heap after GC invocations=3 (full 0):
 PSYoungGen      total 57344K, used 8186K [0x00000000eab00000, 0x00000000eeb00000, 0x0000000100000000)
  eden space 49152K, 0% used [0x00000000eab00000,0x00000000eab00000,0x00000000edb00000)
  from space 8192K, 99% used [0x00000000edb00000,0x00000000ee2feb58,0x00000000ee300000)
  to   space 8192K, 0% used [0x00000000ee300000,0x00000000ee300000,0x00000000eeb00000)
 ParOldGen       total 131072K, used 13021K [0x00000000c0000000, 0x00000000c8000000, 0x00000000eab00000)
  object space 131072K, 9% used [0x00000000c0000000,0x00000000c0cb7618,0x00000000c8000000)
 Metaspace       used 6391K, capacity 7192K, committed 7424K, reserved 1056768K
  class space    used 626K, capacity 656K, committed 768K, reserved 1048576K
}
Event: 3.076 GC heap before
{Heap before GC invocations=4 (full 0):
 PSYoungGen      total 57344K, used 57338K [0x00000000eab00000, 0x00000000eeb00000, 0x0000000100000000)
  eden space 49152K, 100% used [0x00000000eab00000,0x00000000edb00000,0x00000000edb00000)
  from space 8192K, 99% used [0x00000000edb00000,0x00000000ee2feb58,0x00000000ee300000)
  to   space 8192K, 0% used [0x00000000ee300000,0x00000000ee300000,0x00000000eeb00000)
 ParOldGen       total 131072K, used 13021K [0x00000000c0000000, 0x00000000c8000000, 0x00000000eab00000)
  object space 131072K, 9% used [0x00000000c0000000,0x00000000c0cb7618,0x00000000c8000000)
 Metaspace       used 6408K, capacity 7192K, committed 7424K, reserved 1056768K
  class space    used 628K, capacity 656K, committed 768K, reserved 1048576K
Event: 3.151 GC heap after
Heap after GC invocations=4 (full 0):
 PSYoungGen      total 57344K, used 8187K [0x00000000eab00000, 0x00000000eeb00000, 0x0000000100000000)
  eden space 49152K, 0% used [0x00000000eab00000,0x00000000eab00000,0x00000000edb00000)
  from space 8192K, 99% used [0x00000000ee300000,0x00000000eeafee90,0x00000000eeb00000)
  to   space 8192K, 0% used [0x00000000edb00000,0x00000000edb00000,0x00000000ee300000)
 ParOldGen       total 131072K, used 19075K [0x00000000c0000000, 0x00000000c8000000, 0x00000000eab00000)
  object space 131072K, 14% used [0x00000000c0000000,0x00000000c12a0d80,0x00000000c8000000)
 Metaspace       used 6408K, capacity 7192K, committed 7424K, reserved 1056768K
  class space    used 628K, capacity 656K, committed 768K, reserved 1048576K
}

Deoptimization events (10 events):
Event: 2.342 Thread 0x000000000317e000 Uncommon trap: reason=unstable_if action=reinterpret pc=0x00000000037fb3c8 method=java.util.HashMap.getNode(ILjava/lang/Object;)Ljava/util/HashMap$Node; @ 84
Event: 2.342 Thread 0x000000000317e000 Uncommon trap: reason=unstable_if action=reinterpret pc=0x00000000037f86ec method=java.util.HashMap.getNode(ILjava/lang/Object;)Ljava/util/HashMap$Node; @ 84
Event: 2.540 Thread 0x000000001722f000 Uncommon trap: reason=bimorphic action=maybe_recompile pc=0x00000000038563b0 method=com.android.dx.ssa.LiteralOpUpgrader.tryReplacingWithConstant(Lcom/android/dx/ssa/NormalSsaInsn;)Z @ 52
Event: 2.590 Thread 0x000000000317e000 Uncommon trap: reason=unstable_if action=reinterpret pc=0x0000000003900ecc method=com.android.dx.ssa.LocalVariableExtractor.processBlock(I)V @ 251
Event: 2.626 Thread 0x000000000317e000 Uncommon trap: reason=bimorphic action=maybe_recompile pc=0x00000000038563b0 method=com.android.dx.ssa.LiteralOpUpgrader.tryReplacingWithConstant(Lcom/android/dx/ssa/NormalSsaInsn;)Z @ 52
Event: 2.780 Thread 0x000000001722f000 Uncommon trap: reason=bimorphic action=maybe_recompile pc=0x0000000003888278 method=com.android.dx.ssa.LiteralOpUpgrader.tryReplacingWithConstant(Lcom/android/dx/ssa/NormalSsaInsn;)Z @ 52
Event: 3.158 Thread 0x000000001722f000 Uncommon trap: reason=bimorphic action=maybe_recompile pc=0x0000000003965ba8 method=com.android.dx.cf.code.BytecodeArray.parseInstruction(ILcom/android/dx/cf/code/BytecodeArray$Visitor;)I @ 2484
Event: 3.158 Thread 0x000000001722f000 Uncommon trap: reason=bimorphic action=maybe_recompile pc=0x0000000003965ba8 method=com.android.dx.cf.code.BytecodeArray.parseInstruction(ILcom/android/dx/cf/code/BytecodeArray$Visitor;)I @ 2484
Event: 3.197 Thread 0x000000001722f000 Uncommon trap: reason=bimorphic action=maybe_recompile pc=0x0000000003965ba8 method=com.android.dx.cf.code.BytecodeArray.parseInstruction(ILcom/android/dx/cf/code/BytecodeArray$Visitor;)I @ 2484
Event: 3.197 Thread 0x000000001722f000 Uncommon trap: reason=bimorphic action=maybe_recompile pc=0x0000000003965ba8 method=com.android.dx.cf.code.BytecodeArray.parseInstruction(ILcom/android/dx/cf/code/BytecodeArray$Visitor;)I @ 2484

Internal exceptions (8 events):
Event: 0.616 Thread 0x000000000317e000 Exception <a 'java/lang/NoSuchMethodError': Method sun.misc.Unsafe.defineClass(Ljava/lang/String;[BII)Ljava/lang/Class; name or signature does not match> (0x00000000eab130e0) thrown at [D:\re\puppet\workspace\8-2-build-windows-amd64-cygwin\jdk8u73\6086\hotÍÊ{Ír´ã?
Event: 0.616 Thread 0x000000000317e000 Exception <a 'java/lang/NoSuchMethodError': Method sun.misc.Unsafe.prefetchRead(Ljava/lang/Object;J)V name or signature does not match> (0x00000000eab133c8) thrown at [D:\re\puppet\workspace\8-2-build-windows-amd64-cygwin\jdk8u73\6086\hotspot\src\share\vm\†»ÓCúø?
Event: 1.561 Thread 0x000000000317e000 Implicit null exception at 0x000000000358a2a2 to 0x000000000358a39a
Event: 2.149 Thread 0x000000000317e000 Implicit null exception at 0x00000000035147b6 to 0x0000000003515f1d
Event: 2.166 Thread 0x0000000017232000 Implicit null exception at 0x000000000353d271 to 0x000000000353e771
Event: 2.338 Thread 0x000000000317e000 Exception <a 'java/lang/ArrayIndexOutOfBoundsException': 18> (0x00000000ece78b20) thrown at [D:\re\puppet\workspace\8-2-build-windows-amd64-cygwin\jdk8u73\6086\hotspot\src\share\vm\interpreter\interpreterRuntime.cpp, line 366]
Event: 2.339 Thread 0x000000000317e000 Exception <a 'java/lang/ArrayIndexOutOfBoundsException': 145> (0x00000000ece7a6a0) thrown at [D:\re\puppet\workspace\8-2-build-windows-amd64-cygwin\jdk8u73\6086\hotspot\src\share\vm\interpreter\interpreterRuntime.cpp, line 366]
Event: 2.339 Thread 0x000000000317e000 Exception <a 'java/lang/ArrayIndexOutOfBoundsException'> (0x00000000ece7b988) thrown at [D:\re\puppet\workspace\8-2-build-windows-amd64-cygwin\jdk8u73\6086\hotspot\src\share\vm\runtime\sharedRuntime.cpp, line 605]

Events (10 events):
Event: 3.197 Thread 0x000000001722f000 DEOPT UNPACKING pc=0x00000000032c582a sp=0x0000000017baeb58 mode 2
Event: 3.197 Thread 0x000000001722f000 Uncommon trap: trap_request=0xffffffc6 fr.pc=0x0000000003965ba8
Event: 3.197 Thread 0x000000001722f000 DEOPT PACKING pc=0x0000000003965ba8 sp=0x0000000017bae9e0
Event: 3.197 Thread 0x000000001722f000 DEOPT UNPACKING pc=0x00000000032c582a sp=0x0000000017bae9b8 mode 2
Event: 3.328 Thread 0x0000000017220000 Thread exited: 0x0000000017220000
Event: 3.386 Thread 0x0000000017255800 Thread exited: 0x0000000017255800
Event: 3.387 loading class com/android/dx/command/dexer/Main$DexWriter
Event: 3.387 loading class com/android/dx/command/dexer/Main$DexWriter done
Event: 3.387 Thread 0x0000000017255800 Thread added: 0x0000000017255800
Event: 3.387 Thread 0x000000001722f000 Thread exited: 0x000000001722f000


Dynamic libraries:
0x00007ff614a00000 - 0x00007ff614a37000 	C:\Program Files\Java\jdk1.8.0_73\bin\java.exe
0x00007ffe6c4a0000 - 0x00007ffe6c671000 	C:\WINDOWS\SYSTEM32\ntdll.dll
0x00007ffe6bd60000 - 0x00007ffe6be0b000 	C:\WINDOWS\System32\KERNEL32.DLL
0x00007ffe68eb0000 - 0x00007ffe690cd000 	C:\WINDOWS\System32\KERNELBASE.dll
0x00007ffe66eb0000 - 0x00007ffe66f2a000 	C:\WINDOWS\system32\apphelp.dll
0x00007ffe6bcb0000 - 0x00007ffe6bd52000 	C:\WINDOWS\System32\ADVAPI32.dll
0x00007ffe69bf0000 - 0x00007ffe69c8e000 	C:\WINDOWS\System32\msvcrt.dll
0x00007ffe6a2c0000 - 0x00007ffe6a319000 	C:\WINDOWS\System32\sechost.dll
0x00007ffe6c310000 - 0x00007ffe6c431000 	C:\WINDOWS\System32\RPCRT4.dll
0x00007ffe6be10000 - 0x00007ffe6bf75000 	C:\WINDOWS\System32\USER32.dll
0x00007ffe68c60000 - 0x00007ffe68c7e000 	C:\WINDOWS\System32\win32u.dll
0x00007ffe6a0d0000 - 0x00007ffe6a104000 	C:\WINDOWS\System32\GDI32.dll
0x00007ffe68c80000 - 0x00007ffe68e02000 	C:\WINDOWS\System32\gdi32full.dll
0x00007ffe61b50000 - 0x00007ffe61dc9000 	C:\WINDOWS\WinSxS\amd64_microsoft.windows.common-controls_6595b64144ccf1df_6.0.14393.447_none_42191651c6827bb3\COMCTL32.dll
0x00007ffe6a4d0000 - 0x00007ffe6a798000 	C:\WINDOWS\System32\combase.dll
0x00007ffe68af0000 - 0x00007ffe68be5000 	C:\WINDOWS\System32\ucrtbase.dll
0x00007ffe68bf0000 - 0x00007ffe68c5a000 	C:\WINDOWS\System32\bcryptPrimitives.dll
0x00007ffe6c1f0000 - 0x00007ffe6c21e000 	C:\WINDOWS\System32\IMM32.DLL
0x000000006be20000 - 0x000000006bef2000 	C:\Program Files\Java\jdk1.8.0_73\jre\bin\msvcr100.dll
0x000000006aab0000 - 0x000000006b340000 	C:\Program Files\Java\jdk1.8.0_73\jre\bin\server\jvm.dll
0x00007ffe6a320000 - 0x00007ffe6a328000 	C:\WINDOWS\System32\PSAPI.DLL
0x00007ffe5bee0000 - 0x00007ffe5bee9000 	C:\WINDOWS\SYSTEM32\WSOCK32.dll
0x00007ffe6a250000 - 0x00007ffe6a2ba000 	C:\WINDOWS\System32\WS2_32.dll
0x00007ffe66dc0000 - 0x00007ffe66de3000 	C:\WINDOWS\SYSTEM32\WINMM.dll
0x00007ffe63fd0000 - 0x00007ffe63fda000 	C:\WINDOWS\SYSTEM32\VERSION.dll
0x00007ffe66d30000 - 0x00007ffe66d5b000 	C:\WINDOWS\SYSTEM32\WINMMBASE.dll
0x00007ffe689f0000 - 0x00007ffe68a32000 	C:\WINDOWS\System32\cfgmgr32.dll
0x000000006be10000 - 0x000000006be1f000 	C:\Program Files\Java\jdk1.8.0_73\jre\bin\verify.dll
0x000000006bde0000 - 0x000000006be09000 	C:\Program Files\Java\jdk1.8.0_73\jre\bin\java.dll
0x000000006bdc0000 - 0x000000006bdd6000 	C:\Program Files\Java\jdk1.8.0_73\jre\bin\zip.dll
0x00007ffe6a7a0000 - 0x00007ffe6bca9000 	C:\WINDOWS\System32\SHELL32.dll
0x00007ffe690d0000 - 0x00007ffe697aa000 	C:\WINDOWS\System32\windows.storage.dll
0x00007ffe68940000 - 0x00007ffe6898c000 	C:\WINDOWS\System32\powrprof.dll
0x00007ffe6c290000 - 0x00007ffe6c2e2000 	C:\WINDOWS\System32\shlwapi.dll
0x00007ffe68930000 - 0x00007ffe6893f000 	C:\WINDOWS\System32\kernel.appcore.dll
0x00007ffe68a40000 - 0x00007ffe68ae9000 	C:\WINDOWS\System32\shcore.dll
0x00007ffe68910000 - 0x00007ffe68924000 	C:\WINDOWS\System32\profapi.dll

VM Arguments:
jvm_args: -Djava.awt.headless=true -Xmx1024M -Dfile.encoding=GBK -Duser.country=CN -Duser.language=zh -Duser.variant 
java_command: com.android.dx.command.Main --dex --force-jumbo --num-threads=4 --multi-dex --output C:\Users\ZHANGSHIXIAN\Desktop\kkweather\app\build\intermediates\transforms\dex\debug\folders\1000\10\com.android.support-recyclerview-v7-23.3.0_82f2bfda86842c738bd8240174810f2be5469336 C:\Users\ZHANGSHIXIAN\Desktop\kkweather\app\build\intermediates\exploded-aar\com.android.support\recyclerview-v7\23.3.0\jars\classes.jar
java_class_path (initial): D:\Android\sdk\build-tools\23.0.3\lib\dx.jar
Launcher Type: SUN_STANDARD

Environment Variables:
JAVA_HOME=C:\Program Files\Java\jdk1.8.0_73
CLASSPATH=.;C:\Program Files\Java\jdk1.8.0_73\lib
PATH=C:\Program Files\Java\jdk1.8.0_73\bin;C:\ProgramData\Oracle\Java\javapath;D:\Python35\Scripts\;D:\Python35\;C:\Program Files (x86)\Intel\iCLS Client\;C:\Program Files\Intel\iCLS Client\;C:\WINDOWS\system32;C:\WINDOWS;C:\WINDOWS\System32\Wbem;C:\WINDOWS\System32\WindowsPowerShell\v1.0\;C:\Program Files\Intel\Intel(R) Management Engine Components\DAL;C:\Program Files\Intel\Intel(R) Management Engine Components\IPT;C:\Program Files (x86)\Intel\Intel(R) Management Engine Components\DAL;C:\Program Files (x86)\Intel\Intel(R) Management Engine Components\IPT;C:\Program Files (x86)\Windows Kits\8.1\Windows Performance Toolkit\;C:\Program Files\Microsoft SQL Server\110\Tools\Binn\;C:\Program Files\Microsoft SQL Server\120\Tools\Binn\£»D:\QT\Qt5.5.0\5.5\mingw492_32\bin;;:\QT\Qt5.5.0\Tools\QtCreator\bin;D:\QT\Qt5.5.0\Tools\mingw492_32\bin;C:\Users\ZHANGSHIXIAN\.dnx\bin;C:\Program Files\Microsoft DNX\Dnvm\;C:\Program Files (x86)\NVIDIA Corporation\PhysX\Common;C:\Program Files\Intel\WiFi\bin\;C:\Program Files\Common Files\Intel\WirelessCommon\;D:\Android\sdk\platform-tools;C:\WINDOWS\system32;C:\WINDOWS;C:\WINDOWS\System32\Wbem;C:\WINDOWS\System32\WindowsPowerShell\v1.0\;D:\Program Files\Git\cmd;C:\Users\ZHANGSHIXIAN\AppData\Local\Microsoft\WindowsApps
USERNAME=ZHANGSHIXIAN
OS=Windows_NT
PROCESSOR_IDENTIFIER=Intel64 Family 6 Model 60 Stepping 3, GenuineIntel



---------------  S Y S T E M  ---------------

OS: Windows 10.0 , 64 bit Build 14393 (10.0.14393.0)

CPU:total 4 (2 cores per cpu, 2 threads per core) family 6 model 60 stepping 3, cmov, cx8, fxsr, mmx, sse, sse2, sse3, ssse3, sse4.1, sse4.2, popcnt, avx, avx2, aes, clmul, erms, lzcnt, ht, tsc, tscinvbit, bmi1, bmi2

Memory: 4k page, physical 12499692k(3736644k free), swap 13548268k(6044k free)

vm_info: Java HotSpot(TM) 64-Bit Server VM (25.73-b02) for windows-amd64 JRE (1.8.0_73-b02), built on Jan 29 2016 17:38:49 by "java_re" with MS VC++ 10.0 (VS2010)

time: Mon Dec 12 23:33:52 2016
elapsed time: 3 seconds (0d 0h 0m 3s)

