#
# There is insufficient memory for the Java Runtime Environment to continue.
# Native memory allocation (malloc) failed to allocate 32744 bytes for ChunkPool::allocate
# Possible reasons:
#   The system is out of physical RAM or swap space
#   In 32 bit mode, the process size limit was hit
# Possible solutions:
#   Reduce memory load on the system
#   Increase physical memory or swap space
#   Check if swap backing store is full
#   Use 64 bit Java on a 64 bit OS
#   Decrease Java heap size (-Xmx/-Xms)
#   Decrease number of Java threads
#   Decrease Java thread stack sizes (-Xss)
#   Set larger code cache with -XX:ReservedCodeCacheSize=
# This output file may be truncated or incomplete.
#
#  Out of Memory Error (allocation.cpp:273), pid=4196, tid=1112
#
# JRE version: Java(TM) SE Runtime Environment (8.0_73-b02) (build 1.8.0_73-b02)
# Java VM: Java HotSpot(TM) 64-Bit Server VM (25.73-b02 mixed mode windows-amd64 compressed oops)
# Failed to write core dump. Minidumps are not enabled by default on client versions of Windows
#

---------------  T H R E A D  ---------------

Current thread (0x0000000016584800):  JavaThread "C1 CompilerThread2" daemon [_thread_in_native, id=1112, stack(0x0000000016ca0000,0x0000000016da0000)]

Stack: [0x0000000016ca0000,0x0000000016da0000]
[error occurred during error reporting (printing stack bounds), id 0xc0000005]

Native frames: (J=compiled Java code, j=interpreted, Vv=VM code, C=native code)


Current CompileTask:
C1:   3140  560   !   3       com.android.dx.cf.code.RopperMachine::run (1550 bytes)


---------------  P R O C E S S  ---------------

Java Threads: ( => current thread )
  0x0000000016878000 JavaThread "pool-2-thread-4" [_thread_in_vm, id=11404, stack(0x00000000173a0000,0x00000000174a0000)]
  0x0000000016875000 JavaThread "pool-2-thread-3" [_thread_blocked, id=10576, stack(0x00000000172a0000,0x00000000173a0000)]
  0x000000001677e000 JavaThread "pool-2-thread-2" [_thread_blocked, id=10892, stack(0x00000000171a0000,0x00000000172a0000)]
  0x000000001675b800 JavaThread "pool-3-thread-1" [_thread_blocked, id=800, stack(0x00000000170a0000,0x00000000171a0000)]
  0x0000000016758800 JavaThread "pool-2-thread-1" [_thread_in_vm, id=8540, stack(0x0000000016fa0000,0x00000000170a0000)]
  0x000000001658a800 JavaThread "Service Thread" daemon [_thread_blocked, id=5644, stack(0x0000000016da0000,0x0000000016ea0000)]
=>0x0000000016584800 JavaThread "C1 CompilerThread2" daemon [_thread_in_native, id=1112, stack(0x0000000016ca0000,0x0000000016da0000)]
  0x000000001651e800 JavaThread "C2 CompilerThread1" daemon [_thread_in_native, id=8432, stack(0x0000000016ba0000,0x0000000016ca0000)]
  0x000000001651a000 JavaThread "C2 CompilerThread0" daemon [_thread_in_native, id=7116, stack(0x0000000016aa0000,0x0000000016ba0000)]
  0x00000000164bf000 JavaThread "Attach Listener" daemon [_thread_blocked, id=6728, stack(0x00000000169a0000,0x0000000016aa0000)]
  0x000000001519e000 JavaThread "Signal Dispatcher" daemon [_thread_blocked, id=7148, stack(0x00000000168a0000,0x00000000169a0000)]
  0x0000000015134800 JavaThread "Finalizer" daemon [_thread_blocked, id=7900, stack(0x00000000163a0000,0x00000000164a0000)]
  0x0000000015131000 JavaThread "Reference Handler" daemon [_thread_blocked, id=5836, stack(0x00000000162a0000,0x00000000163a0000)]
  0x0000000002976000 JavaThread "main" [_thread_blocked, id=4244, stack(0x0000000002840000,0x0000000002940000)]

Other Threads:
  0x0000000015126000 VMThread [stack: 0x00000000161a0000,0x00000000162a0000] [id=8028]
  0x00000000165cb800 WatcherThread [stack: 0x0000000016ea0000,0x0000000016fa0000] [id=9564]

VM state:not at safepoint (normal execution)

VM Mutex/Monitor currently owned by a thread:  ([mutex/lock_event])
[0x00000000029746b0] MethodData_lock - owner thread: 0x0000000016758800

Heap:
 PSYoungGen      total 57344K, used 13780K [0x00000000eab00000, 0x00000000eeb00000, 0x0000000100000000)
  eden space 49152K, 28% used [0x00000000eab00000,0x00000000eb8751b0,0x00000000edb00000)
  from space 8192K, 0% used [0x00000000ee300000,0x00000000ee300000,0x00000000eeb00000)
  to   space 8192K, 0% used [0x00000000edb00000,0x00000000edb00000,0x00000000ee300000)
 ParOldGen       total 131072K, used 0K [0x00000000c0000000, 0x00000000c8000000, 0x00000000eab00000)
  object space 131072K, 0% used [0x00000000c0000000,0x00000000c0000000,0x00000000c8000000)
 Metaspace       used 5428K, capacity 6576K, committed 6784K, reserved 1056768K
  class space    used 579K, capacity 616K, committed 640K, reserved 1048576K

Card table byte_map: [0x0000000011e30000,0x0000000012040000] byte_map_base: 0x0000000011830000

Marking Bits: (ParMarkBitMap*) 0x000000006ae50600
 Begin Bits: [0x00000000125a0000, 0x00000000135a0000)
 End Bits:   [0x00000000135a0000, 0x00000000145a0000)

Polling page: 0x0000000000960000

CodeCache: size=245760Kb used=2350Kb max_used=2361Kb free=243409Kb
 bounds [0x0000000002a70000, 0x0000000002ce0000, 0x0000000011a70000]
 total_blobs=819 nmethods=556 adapters=176
 compilation: enabled

Compilation events (10 events):
Event: 3.131 Thread 0x000000001651a000 nmethod 566 0x0000000002cbe710 code [0x0000000002cbe860, 0x0000000002cbead8]
Event: 3.131 Thread 0x000000001651a000  567       4       com.android.dx.util.IntList::add (65 bytes)
Event: 3.134 Thread 0x000000001651a000 nmethod 567 0x0000000002cbebd0 code [0x0000000002cbed20, 0x0000000002cbf078]
Event: 3.134 Thread 0x000000001651a000  571       4       java.util.BitSet::get (69 bytes)
Event: 3.135 Thread 0x000000001651a000 nmethod 571 0x0000000002cb0150 code [0x0000000002cb0280, 0x0000000002cb0358]
Event: 3.135 Thread 0x000000001651a000  568       4       java.util.BitSet::set (58 bytes)
Event: 3.137 Thread 0x000000001651a000 nmethod 568 0x0000000002cbf250 code [0x0000000002cbf3a0, 0x0000000002cbf4b8]
Event: 3.137 Thread 0x000000001651a000  576       4       com.android.dx.rop.code.RegisterSpecList::get (9 bytes)
Event: 3.137 Thread 0x000000001651a000 nmethod 576 0x0000000002cbf610 code [0x0000000002cbf760, 0x0000000002cbf838]
Event: 3.138 Thread 0x000000001651a000  577       4       java.util.HashMap::get (23 bytes)

GC Heap History (0 events):
No events

Deoptimization events (1 events):
Event: 3.099 Thread 0x000000001677e000 Uncommon trap: reason=unstable_if action=reinterpret pc=0x0000000002c6cdb8 method=java.util.HashMap.getNode(ILjava/lang/Object;)Ljava/util/HashMap$Node; @ 62

Internal exceptions (2 events):
Event: 0.125 Thread 0x0000000002976000 Exception <a 'java/lang/NoSuchMethodError': Method sun.misc.Unsafe.defineClass(Ljava/lang/String;[BII)Ljava/lang/Class; name or signature does not match> (0x00000000eab130e0) thrown at [D:\re\puppet\workspace\8-2-build-windows-amd64-cygwin\jdk8u73\6086\hot\.À\Û	À?
Event: 0.125 Thread 0x0000000002976000 Exception <a 'java/lang/NoSuchMethodError': Method sun.misc.Unsafe.prefetchRead(Ljava/lang/Object;J)V name or signature does not match> (0x00000000eab133c8) thrown at [D:\re\puppet\workspace\8-2-build-windows-amd64-cygwin\jdk8u73\6086\hotspot\src\share\vm\

Events (10 events):
Event: 3.092 loading class com/android/dx/dex/file/MethodIdItem done
Event: 3.093 loading class com/android/dx/cf/code/SwitchList
Event: 3.093 loading class com/android/dx/cf/code/SwitchList done
Event: 3.099 Thread 0x000000001677e000 Uncommon trap: trap_request=0xffffff65 fr.pc=0x0000000002c6cdb8
Event: 3.099 Thread 0x000000001677e000 DEOPT PACKING pc=0x0000000002c6cdb8 sp=0x000000001729e270
Event: 3.099 Thread 0x000000001677e000 DEOPT UNPACKING pc=0x0000000002ab582a sp=0x000000001729e1e8 mode 2
Event: 3.102 loading class com/android/dx/ssa/back/FirstFitLocalCombiningAllocator$Multiset
Event: 3.102 loading class com/android/dx/ssa/back/FirstFitLocalCombiningAllocator$Multiset done
Event: 3.104 loading class java/util/DualPivotQuicksort
Event: 3.104 loading class java/util/DualPivotQuicksort done


Dynamic libraries:
0x00007ff6e4be0000 - 0x00007ff6e4c17000 	C:\Program Files\Java\jdk1.8.0_73\bin\java.exe
0x00007ffe6c4a0000 - 0x00007ffe6c671000 	C:\WINDOWS\SYSTEM32\ntdll.dll
0x00007ffe6bd60000 - 0x00007ffe6be0b000 	C:\WINDOWS\System32\KERNEL32.DLL
0x00007ffe68eb0000 - 0x00007ffe690cd000 	C:\WINDOWS\System32\KERNELBASE.dll
0x00007ffe66eb0000 - 0x00007ffe66f2a000 	C:\WINDOWS\system32\apphelp.dll
0x00007ffe47070000 - 0x00007ffe474f2000 	C:\WINDOWS\AppPatch\AppPatch64\AcLayers.DLL
0x00007ffe69bf0000 - 0x00007ffe69c8e000 	C:\WINDOWS\System32\msvcrt.dll
0x00007ffe6be10000 - 0x00007ffe6bf75000 	C:\WINDOWS\System32\USER32.dll
0x00007ffe68c60000 - 0x00007ffe68c7e000 	C:\WINDOWS\System32\win32u.dll
0x00007ffe6a0d0000 - 0x00007ffe6a104000 	C:\WINDOWS\System32\GDI32.dll
0x00007ffe68c80000 - 0x00007ffe68e02000 	C:\WINDOWS\System32\gdi32full.dll
0x00007ffe6c290000 - 0x00007ffe6c2e2000 	C:\WINDOWS\System32\SHLWAPI.dll
0x00007ffe6a4d0000 - 0x00007ffe6a798000 	C:\WINDOWS\System32\combase.dll
0x00007ffe68af0000 - 0x00007ffe68be5000 	C:\WINDOWS\System32\ucrtbase.dll
0x00007ffe6c310000 - 0x00007ffe6c431000 	C:\WINDOWS\System32\RPCRT4.dll
0x00007ffe68bf0000 - 0x00007ffe68c5a000 	C:\WINDOWS\System32\bcryptPrimitives.dll
0x0000000000520000 - 0x0000000000523000 	C:\WINDOWS\SYSTEM32\sfc.dll
0x00007ffe651d0000 - 0x00007ffe65255000 	C:\WINDOWS\SYSTEM32\WINSPOOL.DRV
0x00007ffe68840000 - 0x00007ffe6886b000 	C:\WINDOWS\SYSTEM32\bcrypt.dll
0x00007ffe57c40000 - 0x00007ffe57c51000 	C:\WINDOWS\SYSTEM32\sfc_os.DLL
0x00007ffe62070000 - 0x00007ffe62081000 	C:\WINDOWS\SYSTEM32\SortWindows61.dll
0x00007ffe6c1f0000 - 0x00007ffe6c21e000 	C:\WINDOWS\System32\IMM32.DLL
0x00007ffe6bcb0000 - 0x00007ffe6bd52000 	C:\WINDOWS\System32\ADVAPI32.dll
0x00007ffe6a2c0000 - 0x00007ffe6a319000 	C:\WINDOWS\System32\sechost.dll
0x00007ffe61b50000 - 0x00007ffe61dc9000 	C:\WINDOWS\WinSxS\amd64_microsoft.windows.common-controls_6595b64144ccf1df_6.0.14393.447_none_42191651c6827bb3\COMCTL32.dll
0x000000006aed0000 - 0x000000006afa2000 	C:\Program Files\Java\jdk1.8.0_73\jre\bin\msvcr100.dll
0x000000006a640000 - 0x000000006aed0000 	C:\Program Files\Java\jdk1.8.0_73\jre\bin\server\jvm.dll
0x00007ffe6a320000 - 0x00007ffe6a328000 	C:\WINDOWS\System32\PSAPI.DLL
0x00007ffe5e340000 - 0x00007ffe5e349000 	C:\WINDOWS\SYSTEM32\WSOCK32.dll
0x00007ffe6a250000 - 0x00007ffe6a2ba000 	C:\WINDOWS\System32\WS2_32.dll
0x00007ffe66dc0000 - 0x00007ffe66de3000 	C:\WINDOWS\SYSTEM32\WINMM.dll
0x00007ffe63fd0000 - 0x00007ffe63fda000 	C:\WINDOWS\SYSTEM32\VERSION.dll
0x00007ffe66d30000 - 0x00007ffe66d5b000 	C:\WINDOWS\SYSTEM32\WINMMBASE.dll
0x00007ffe689f0000 - 0x00007ffe68a32000 	C:\WINDOWS\System32\cfgmgr32.dll
0x000000006be20000 - 0x000000006be2f000 	C:\Program Files\Java\jdk1.8.0_73\jre\bin\verify.dll
0x000000006bdf0000 - 0x000000006be19000 	C:\Program Files\Java\jdk1.8.0_73\jre\bin\java.dll
0x000000006bdd0000 - 0x000000006bde6000 	C:\Program Files\Java\jdk1.8.0_73\jre\bin\zip.dll
0x00007ffe6a7a0000 - 0x00007ffe6bca9000 	C:\WINDOWS\System32\SHELL32.dll
0x00007ffe690d0000 - 0x00007ffe697aa000 	C:\WINDOWS\System32\windows.storage.dll
0x00007ffe68940000 - 0x00007ffe6898c000 	C:\WINDOWS\System32\powrprof.dll
0x00007ffe68930000 - 0x00007ffe6893f000 	C:\WINDOWS\System32\kernel.appcore.dll
0x00007ffe68a40000 - 0x00007ffe68ae9000 	C:\WINDOWS\System32\shcore.dll
0x00007ffe68910000 - 0x00007ffe68924000 	C:\WINDOWS\System32\profapi.dll

VM Arguments:
jvm_args: -Djava.awt.headless=true -Xmx1024M -Dfile.encoding=GBK -Duser.country=CN -Duser.language=zh -Duser.variant 
java_command: com.android.dx.command.Main --dex --force-jumbo --num-threads=4 --multi-dex --output C:\Users\ZHANGSHIXIAN\Desktop\kkweather\app\build\intermediates\transforms\dex\debug\folders\1000\5\slice_7 C:\Users\ZHANGSHIXIAN\Desktop\kkweather\app\build\intermediates\transforms\instantRunSlicer\debug\folders\1\5\slice_7
java_class_path (initial): D:\Android\sdk\build-tools\23.0.3\lib\dx.jar
Launcher Type: SUN_STANDARD

Environment Variables:
JAVA_HOME=C:\Program Files\Java\jdk1.8.0_73
CLASSPATH=.;C:\Program Files\Java\jdk1.8.0_73\lib
PATH=C:\Program Files\Java\jdk1.8.0_73\bin;C:\ProgramData\Oracle\Java\javapath;D:\Python35\Scripts\;D:\Python35\;C:\Program Files (x86)\Intel\iCLS Client\;C:\Program Files\Intel\iCLS Client\;C:\WINDOWS\system32;C:\WINDOWS;C:\WINDOWS\System32\Wbem;C:\WINDOWS\System32\WindowsPowerShell\v1.0\;C:\Program Files\Intel\Intel(R) Management Engine Components\DAL;C:\Program Files\Intel\Intel(R) Management Engine Components\IPT;C:\Program Files (x86)\Intel\Intel(R) Management Engine Components\DAL;C:\Program Files (x86)\Intel\Intel(R) Management Engine Components\IPT;C:\Program Files (x86)\Windows Kits\8.1\Windows Performance Toolkit\;C:\Program Files\Microsoft SQL Server\110\Tools\Binn\;C:\Program Files\Microsoft SQL Server\120\Tools\Binn\£»D:\QT\Qt5.5.0\5.5\mingw492_32\bin;;:\QT\Qt5.5.0\Tools\QtCreator\bin;D:\QT\Qt5.5.0\Tools\mingw492_32\bin;C:\Users\ZHANGSHIXIAN\.dnx\bin;C:\Program Files\Microsoft DNX\Dnvm\;C:\Program Files (x86)\NVIDIA Corporation\PhysX\Common;C:\Program Files\Intel\WiFi\bin\;C:\Program Files\Common Files\Intel\WirelessCommon\;D:\Android\sdk\platform-tools;C:\WINDOWS\system32;C:\WINDOWS;C:\WINDOWS\System32\Wbem;C:\WINDOWS\System32\WindowsPowerShell\v1.0\;D:\Program Files\Git\cmd;C:\Users\ZHANGSHIXIAN\AppData\Local\Microsoft\WindowsApps
USERNAME=ZHANGSHIXIAN



---------------  S Y S T E M  ---------------

OS: Windows 10.0 , 64 bit Build 14393 (10.0.14393.0)

CPU:total 4 (2 cores per cpu, 2 threads per core) family 6 model 60 stepping 3, cmov, cx8, fxsr, mmx, sse, sse2, sse3, ssse3, sse4.1, sse4.2, popcnt, avx, avx2, aes, clmul, erms, lzcnt, ht, tsc, tscinvbit, bmi1, bmi2

Memory: 4k page, physical 12499692k(3515012k free), swap 13548268k(2232k free)

vm_info: Java HotSpot(TM) 64-Bit Server VM (25.73-b02) for windows-amd64 JRE (1.8.0_73-b02), built on Jan 29 2016 17:38:49 by "java_re" with MS VC++ 10.0 (VS2010)

time: Tue Dec 13 21:10:48 2016
elapsed time: 3 seconds (0d 0h 0m 3s)

