#
# There is insufficient memory for the Java Runtime Environment to continue.
# Native memory allocation (malloc) failed to allocate 374416 bytes for Chunk::new
# Possible reasons:
#   The system is out of physical RAM or swap space
#   In 32 bit mode, the process size limit was hit
# Possible solutions:
#   Reduce memory load on the system
#   Increase physical memory or swap space
#   Check if swap backing store is full
#   Use 64 bit Java on a 64 bit OS
#   Decrease Java heap size (-Xmx/-Xms)
#   Decrease number of Java threads
#   Decrease Java thread stack sizes (-Xss)
#   Set larger code cache with -XX:ReservedCodeCacheSize=
# This output file may be truncated or incomplete.
#
#  Out of Memory Error (allocation.cpp:390), pid=14896, tid=10980
#
# JRE version: Java(TM) SE Runtime Environment (8.0_73-b02) (build 1.8.0_73-b02)
# Java VM: Java HotSpot(TM) 64-Bit Server VM (25.73-b02 mixed mode windows-amd64 compressed oops)
# Failed to write core dump. Minidumps are not enabled by default on client versions of Windows
#

---------------  T H R E A D  ---------------

Current thread (0x0000000016f5f000):  JavaThread "C2 CompilerThread1" daemon [_thread_in_native, id=10980, stack(0x00000000175e0000,0x00000000176e0000)]

Stack: [0x00000000175e0000,0x00000000176e0000]
[error occurred during error reporting (printing stack bounds), id 0xc0000005]

Native frames: (J=compiled Java code, j=interpreted, Vv=VM code, C=native code)


Current CompileTask:
C2:   2630 1642   !   4       com.android.dx.cf.code.BytecodeArray::parseInstruction (2764 bytes)


---------------  P R O C E S S  ---------------

Java Threads: ( => current thread )
  0x0000000017af5800 JavaThread "pool-2-thread-4" [_thread_blocked, id=6008, stack(0x00000000185e0000,0x00000000186e0000)]
  0x0000000017af4800 JavaThread "pool-2-thread-3" [_thread_in_Java, id=15384, stack(0x00000000184e0000,0x00000000185e0000)]
  0x0000000017ae5800 JavaThread "pool-2-thread-2" [_thread_in_Java, id=5808, stack(0x00000000183e0000,0x00000000184e0000)]
  0x00000000172dd000 JavaThread "pool-3-thread-1" [_thread_blocked, id=8616, stack(0x00000000182e0000,0x00000000183e0000)]
  0x00000000172d3800 JavaThread "pool-2-thread-1" [_thread_blocked, id=5912, stack(0x00000000179e0000,0x0000000017ae0000)]
  0x0000000016fbd000 JavaThread "Service Thread" daemon [_thread_blocked, id=16076, stack(0x00000000177e0000,0x00000000178e0000)]
  0x0000000016fb9800 JavaThread "C1 CompilerThread2" daemon [_thread_blocked, id=13796, stack(0x00000000176e0000,0x00000000177e0000)]
=>0x0000000016f5f000 JavaThread "C2 CompilerThread1" daemon [_thread_in_native, id=10980, stack(0x00000000175e0000,0x00000000176e0000)]
  0x0000000016f5a800 JavaThread "C2 CompilerThread0" daemon [_thread_in_native, id=10848, stack(0x00000000174e0000,0x00000000175e0000)]
  0x0000000016efe000 JavaThread "Attach Listener" daemon [_thread_blocked, id=11412, stack(0x00000000173e0000,0x00000000174e0000)]
  0x0000000016f56800 JavaThread "Signal Dispatcher" daemon [_thread_blocked, id=944, stack(0x00000000172e0000,0x00000000173e0000)]
  0x0000000015b64800 JavaThread "Finalizer" daemon [_thread_blocked, id=14952, stack(0x0000000016de0000,0x0000000016ee0000)]
  0x0000000015b61000 JavaThread "Reference Handler" daemon [_thread_blocked, id=4492, stack(0x0000000016ce0000,0x0000000016de0000)]
  0x00000000033a6000 JavaThread "main" [_thread_blocked, id=7812, stack(0x00000000032a0000,0x00000000033a0000)]

Other Threads:
  0x0000000015b55800 VMThread [stack: 0x0000000016be0000,0x0000000016ce0000] [id=244]
  0x0000000016fd1000 WatcherThread [stack: 0x00000000178e0000,0x00000000179e0000] [id=14428]

VM state:not at safepoint (normal execution)

VM Mutex/Monitor currently owned by a thread: None

Heap:
 PSYoungGen      total 57344K, used 27282K [0x00000000eab00000, 0x00000000f1b00000, 0x0000000100000000)
  eden space 49152K, 38% used [0x00000000eab00000,0x00000000ebda9bc8,0x00000000edb00000)
  from space 8192K, 99% used [0x00000000edb00000,0x00000000ee2fad70,0x00000000ee300000)
  to   space 8192K, 0% used [0x00000000f1300000,0x00000000f1300000,0x00000000f1b00000)
 ParOldGen       total 131072K, used 13554K [0x00000000c0000000, 0x00000000c8000000, 0x00000000eab00000)
  object space 131072K, 10% used [0x00000000c0000000,0x00000000c0d3c800,0x00000000c8000000)
 Metaspace       used 6389K, capacity 7192K, committed 7424K, reserved 1056768K
  class space    used 626K, capacity 656K, committed 768K, reserved 1048576K

Card table byte_map: [0x0000000012860000,0x0000000012a70000] byte_map_base: 0x0000000012260000

Marking Bits: (ParMarkBitMap*) 0x000000006af30600
 Begin Bits: [0x0000000012fd0000, 0x0000000013fd0000)
 End Bits:   [0x0000000013fd0000, 0x0000000014fd0000)

Polling page: 0x0000000003100000

CodeCache: size=245760Kb used=6632Kb max_used=6632Kb free=239127Kb
 bounds [0x00000000034a0000, 0x0000000003b20000, 0x00000000124a0000]
 total_blobs=1916 nmethods=1644 adapters=184
 compilation: enabled

Compilation events (10 events):
Event: 2.597 Thread 0x0000000016fb9800 1674       2       com.android.dx.ssa.LocalVariableExtractor::processBlock (383 bytes)
Event: 2.599 Thread 0x0000000016fb9800 nmethod 1674 0x0000000003b02f10 code [0x0000000003b03280, 0x0000000003b04478]
Event: 2.601 Thread 0x0000000016fb9800 1676       2       com.android.dx.rop.code.Insn$BaseVisitor::visitThrowingInsn (1 bytes)
Event: 2.601 Thread 0x0000000016fb9800 nmethod 1676 0x0000000003b02bd0 code [0x0000000003b02d20, 0x0000000003b02e70]
Event: 2.601 Thread 0x0000000016fb9800 1677       2       com.android.dx.dex.code.RopTranslator$LocalVariableAwareTranslationVisitor::visitThrowingInsn (11 bytes)
Event: 2.602 Thread 0x0000000016fb9800 nmethod 1677 0x0000000003b02190 code [0x0000000003b02340, 0x0000000003b02758]
Event: 2.602 Thread 0x0000000016fb9800 1679       2       com.android.dx.dex.code.SimpleInsn::<init> (8 bytes)
Event: 2.602 Thread 0x0000000016fb9800 nmethod 1679 0x0000000003b01e10 code [0x0000000003b01f80, 0x0000000003b020e8]
Event: 2.602 Thread 0x0000000016fb9800 1678       2       com.android.dx.dex.code.RopTranslator$TranslationVisitor::visitThrowingInsn (118 bytes)
Event: 2.603 Thread 0x0000000016fb9800 nmethod 1678 0x0000000003b1d910 code [0x0000000003b1db60, 0x0000000003b1e2c8]

GC Heap History (6 events):
Event: 1.535 GC heap before
{Heap before GC invocations=1 (full 0):
 PSYoungGen      total 57344K, used 49152K [0x00000000eab00000, 0x00000000eeb00000, 0x0000000100000000)
  eden space 49152K, 100% used [0x00000000eab00000,0x00000000edb00000,0x00000000edb00000)
  from space 8192K, 0% used [0x00000000ee300000,0x00000000ee300000,0x00000000eeb00000)
  to   space 8192K, 0% used [0x00000000edb00000,0x00000000edb00000,0x00000000ee300000)
 ParOldGen       total 131072K, used 0K [0x00000000c0000000, 0x00000000c8000000, 0x00000000eab00000)
  object space 131072K, 0% used [0x00000000c0000000,0x00000000c0000000,0x00000000c8000000)
 Metaspace       used 6098K, capacity 6964K, committed 7040K, reserved 1056768K
  class space    used 602K, capacity 620K, committed 640K, reserved 1048576K
Event: 1.547 GC heap after
Heap after GC invocations=1 (full 0):
 PSYoungGen      total 57344K, used 8181K [0x00000000eab00000, 0x00000000eeb00000, 0x0000000100000000)
  eden space 49152K, 0% used [0x00000000eab00000,0x00000000eab00000,0x00000000edb00000)
  from space 8192K, 99% used [0x00000000edb00000,0x00000000ee2fd618,0x00000000ee300000)
  to   space 8192K, 0% used [0x00000000ee300000,0x00000000ee300000,0x00000000eeb00000)
 ParOldGen       total 131072K, used 706K [0x00000000c0000000, 0x00000000c8000000, 0x00000000eab00000)
  object space 131072K, 0% used [0x00000000c0000000,0x00000000c00b0b10,0x00000000c8000000)
 Metaspace       used 6098K, capacity 6964K, committed 7040K, reserved 1056768K
  class space    used 602K, capacity 620K, committed 640K, reserved 1048576K
}
Event: 2.190 GC heap before
{Heap before GC invocations=2 (full 0):
 PSYoungGen      total 57344K, used 57333K [0x00000000eab00000, 0x00000000eeb00000, 0x0000000100000000)
  eden space 49152K, 100% used [0x00000000eab00000,0x00000000edb00000,0x00000000edb00000)
  from space 8192K, 99% used [0x00000000edb00000,0x00000000ee2fd618,0x00000000ee300000)
  to   space 8192K, 0% used [0x00000000ee300000,0x00000000ee300000,0x00000000eeb00000)
 ParOldGen       total 131072K, used 706K [0x00000000c0000000, 0x00000000c8000000, 0x00000000eab00000)
  object space 131072K, 0% used [0x00000000c0000000,0x00000000c00b0b10,0x00000000c8000000)
 Metaspace       used 6344K, capacity 7128K, committed 7424K, reserved 1056768K
  class space    used 626K, capacity 656K, committed 768K, reserved 1048576K
Event: 2.208 GC heap after
Heap after GC invocations=2 (full 0):
 PSYoungGen      total 57344K, used 8191K [0x00000000eab00000, 0x00000000eeb00000, 0x0000000100000000)
  eden space 49152K, 0% used [0x00000000eab00000,0x00000000eab00000,0x00000000edb00000)
  from space 8192K, 99% used [0x00000000ee300000,0x00000000eeafff90,0x00000000eeb00000)
  to   space 8192K, 0% used [0x00000000edb00000,0x00000000edb00000,0x00000000ee300000)
 ParOldGen       total 131072K, used 5849K [0x00000000c0000000, 0x00000000c8000000, 0x00000000eab00000)
  object space 131072K, 4% used [0x00000000c0000000,0x00000000c05b6668,0x00000000c8000000)
 Metaspace       used 6344K, capacity 7128K, committed 7424K, reserved 1056768K
  class space    used 626K, capacity 656K, committed 768K, reserved 1048576K
}
Event: 2.548 GC heap before
{Heap before GC invocations=3 (full 0):
 PSYoungGen      total 57344K, used 57343K [0x00000000eab00000, 0x00000000eeb00000, 0x0000000100000000)
  eden space 49152K, 100% used [0x00000000eab00000,0x00000000edb00000,0x00000000edb00000)
  from space 8192K, 99% used [0x00000000ee300000,0x00000000eeafff90,0x00000000eeb00000)
  to   space 8192K, 0% used [0x00000000edb00000,0x00000000edb00000,0x00000000ee300000)
 ParOldGen       total 131072K, used 5849K [0x00000000c0000000, 0x00000000c8000000, 0x00000000eab00000)
  object space 131072K, 4% used [0x00000000c0000000,0x00000000c05b6668,0x00000000c8000000)
 Metaspace       used 6372K, capacity 7128K, committed 7424K, reserved 1056768K
  class space    used 626K, capacity 656K, committed 768K, reserved 1048576K
Event: 2.567 GC heap after
Heap after GC invocations=3 (full 0):
 PSYoungGen      total 57344K, used 8171K [0x00000000eab00000, 0x00000000f1b00000, 0x0000000100000000)
  eden space 49152K, 0% used [0x00000000eab00000,0x00000000eab00000,0x00000000edb00000)
  from space 8192K, 99% used [0x00000000edb00000,0x00000000ee2fad70,0x00000000ee300000)
  to   space 8192K, 0% used [0x00000000f1300000,0x00000000f1300000,0x00000000f1b00000)
 ParOldGen       total 131072K, used 13554K [0x00000000c0000000, 0x00000000c8000000, 0x00000000eab00000)
  object space 131072K, 10% used [0x00000000c0000000,0x00000000c0d3c800,0x00000000c8000000)
 Metaspace       used 6372K, capacity 7128K, committed 7424K, reserved 1056768K
  class space    used 626K, capacity 656K, committed 768K, reserved 1048576K
}

Deoptimization events (10 events):
Event: 1.911 Thread 0x00000000033a6000 Uncommon trap: reason=unstable_if action=reinterpret pc=0x00000000037e11ac method=java.util.HashMap.putVal(ILjava/lang/Object;Ljava/lang/Object;ZZ)Ljava/lang/Object; @ 162
Event: 1.930 Thread 0x00000000033a6000 Uncommon trap: reason=unstable_if action=reinterpret pc=0x000000000387a5d8 method=java.util.HashMap.getNode(ILjava/lang/Object;)Ljava/util/HashMap$Node; @ 84
Event: 1.945 Thread 0x0000000017af4800 Uncommon trap: reason=null_check action=make_not_entrant pc=0x0000000003789e20 method=com.android.dx.ssa.SsaRenamer.getLocalForNewReg(I)Lcom/android/dx/rop/code/LocalItem; @ 19
Event: 2.012 Thread 0x0000000017af4800 Uncommon trap: reason=unstable_if action=reinterpret pc=0x000000000387bfb8 method=com.android.dx.cf.code.Ropper.labelToResultIndex(I)I @ 34
Event: 2.049 Thread 0x00000000172d3800 Uncommon trap: reason=unstable_if action=reinterpret pc=0x00000000038982bc method=com.android.dx.util.IntList.binarysearch(I)I @ 105
Event: 2.059 Thread 0x00000000172d3800 Uncommon trap: reason=bimorphic action=maybe_recompile pc=0x0000000003a6ee4c method=com.android.dx.ssa.LiteralOpUpgrader.tryReplacingWithConstant(Lcom/android/dx/ssa/NormalSsaInsn;)Z @ 52
Event: 2.067 Thread 0x00000000172d3800 Uncommon trap: reason=bimorphic action=maybe_recompile pc=0x0000000003a6ee4c method=com.android.dx.ssa.LiteralOpUpgrader.tryReplacingWithConstant(Lcom/android/dx/ssa/NormalSsaInsn;)Z @ 52
Event: 2.281 Thread 0x0000000017af4800 Uncommon trap: reason=bimorphic action=maybe_recompile pc=0x0000000003a6ee4c method=com.android.dx.ssa.LiteralOpUpgrader.tryReplacingWithConstant(Lcom/android/dx/ssa/NormalSsaInsn;)Z @ 52
Event: 2.474 Thread 0x0000000017af4800 Uncommon trap: reason=bimorphic action=maybe_recompile pc=0x0000000003a6ee4c method=com.android.dx.ssa.LiteralOpUpgrader.tryReplacingWithConstant(Lcom/android/dx/ssa/NormalSsaInsn;)Z @ 52
Event: 2.593 Thread 0x0000000017af4800 Uncommon trap: reason=unstable_if action=reinterpret pc=0x0000000003b0fba0 method=com.android.dx.ssa.LocalVariableExtractor.processBlock(I)V @ 251

Internal exceptions (6 events):
Event: 0.058 Thread 0x00000000033a6000 Exception <a 'java/lang/NoSuchMethodError': Method sun.misc.Unsafe.defineClass(Ljava/lang/String;[BII)Ljava/lang/Class; name or signature does not match> (0x00000000eab130e0) thrown at [D:\re\puppet\workspace\8-2-build-windows-amd64-cygwin\jdk8u73\6086\hotäïdT˛◊≠?
Event: 0.058 Thread 0x00000000033a6000 Exception <a 'java/lang/NoSuchMethodError': Method sun.misc.Unsafe.prefetchRead(Ljava/lang/Object;J)V name or signature does not match> (0x00000000eab133c8) thrown at [D:\re\puppet\workspace\8-2-build-windows-amd64-cygwin\jdk8u73\6086\hotspot\src\share\vm\Ã
aOêö˛?
Event: 1.913 Thread 0x00000000033a6000 Exception <a 'java/lang/ArrayIndexOutOfBoundsException': 18> (0x00000000ec355228) thrown at [D:\re\puppet\workspace\8-2-build-windows-amd64-cygwin\jdk8u73\6086\hotspot\src\share\vm\interpreter\interpreterRuntime.cpp, line 366]
Event: 1.913 Thread 0x00000000033a6000 Exception <a 'java/lang/ArrayIndexOutOfBoundsException': 145> (0x00000000ec356da8) thrown at [D:\re\puppet\workspace\8-2-build-windows-amd64-cygwin\jdk8u73\6086\hotspot\src\share\vm\interpreter\interpreterRuntime.cpp, line 366]
Event: 1.914 Thread 0x00000000033a6000 Exception <a 'java/lang/ArrayIndexOutOfBoundsException': 40> (0x00000000ec358090) thrown at [D:\re\puppet\workspace\8-2-build-windows-amd64-cygwin\jdk8u73\6086\hotspot\src\share\vm\interpreter\interpreterRuntime.cpp, line 366]
Event: 1.945 Thread 0x0000000017af4800 Implicit null exception at 0x00000000037885ad to 0x0000000003789e01

Events (10 events):
Event: 2.573 Thread 0x0000000017af4800 DEOPT UNPACKING pc=0x00000000034e787f sp=0x00000000185de748 mode 0
Event: 2.593 Thread 0x0000000017af4800 Uncommon trap: trap_request=0xffffff65 fr.pc=0x0000000003b0fba0
Event: 2.593 Thread 0x0000000017af4800 DEOPT PACKING pc=0x0000000003b0fba0 sp=0x00000000185deb40
Event: 2.593 Thread 0x0000000017af4800 DEOPT UNPACKING pc=0x00000000034e582a sp=0x00000000185deb30 mode 2
Event: 2.599 Thread 0x0000000017ae5800 DEOPT PACKING pc=0x0000000003809581 sp=0x00000000184de780
Event: 2.599 Thread 0x0000000017ae5800 DEOPT UNPACKING pc=0x00000000034e787f sp=0x00000000184de548 mode 0
Event: 2.611 Thread 0x0000000017af4800 DEOPT PACKING pc=0x000000000380983c sp=0x00000000185de980
Event: 2.611 Thread 0x0000000017af4800 DEOPT UNPACKING pc=0x00000000034e787f sp=0x00000000185de748 mode 0
Event: 2.619 Thread 0x0000000017ae5800 DEOPT PACKING pc=0x0000000003809853 sp=0x00000000184de780
Event: 2.619 Thread 0x0000000017ae5800 DEOPT UNPACKING pc=0x00000000034e787f sp=0x00000000184de548 mode 0


Dynamic libraries:
0x00007ff6e4be0000 - 0x00007ff6e4c17000 	C:\Program Files\Java\jdk1.8.0_73\bin\java.exe
0x00007ffe6c4a0000 - 0x00007ffe6c671000 	C:\WINDOWS\SYSTEM32\ntdll.dll
0x00007ffe6bd60000 - 0x00007ffe6be0b000 	C:\WINDOWS\System32\KERNEL32.DLL
0x00007ffe68eb0000 - 0x00007ffe690cd000 	C:\WINDOWS\System32\KERNELBASE.dll
0x00007ffe66eb0000 - 0x00007ffe66f2a000 	C:\WINDOWS\system32\apphelp.dll
0x00007ffe43800000 - 0x00007ffe43c82000 	C:\WINDOWS\AppPatch\AppPatch64\AcLayers.DLL
0x00007ffe69bf0000 - 0x00007ffe69c8e000 	C:\WINDOWS\System32\msvcrt.dll
0x00007ffe6be10000 - 0x00007ffe6bf75000 	C:\WINDOWS\System32\USER32.dll
0x00007ffe68c60000 - 0x00007ffe68c7e000 	C:\WINDOWS\System32\win32u.dll
0x00007ffe6a0d0000 - 0x00007ffe6a104000 	C:\WINDOWS\System32\GDI32.dll
0x00007ffe68c80000 - 0x00007ffe68e02000 	C:\WINDOWS\System32\gdi32full.dll
0x00007ffe6c290000 - 0x00007ffe6c2e2000 	C:\WINDOWS\System32\SHLWAPI.dll
0x00007ffe6a4d0000 - 0x00007ffe6a798000 	C:\WINDOWS\System32\combase.dll
0x00007ffe68af0000 - 0x00007ffe68be5000 	C:\WINDOWS\System32\ucrtbase.dll
0x00007ffe6c310000 - 0x00007ffe6c431000 	C:\WINDOWS\System32\RPCRT4.dll
0x00007ffe68bf0000 - 0x00007ffe68c5a000 	C:\WINDOWS\System32\bcryptPrimitives.dll
0x0000000000ef0000 - 0x0000000000ef3000 	C:\WINDOWS\SYSTEM32\sfc.dll
0x00007ffe651d0000 - 0x00007ffe65255000 	C:\WINDOWS\SYSTEM32\WINSPOOL.DRV
0x00007ffe68840000 - 0x00007ffe6886b000 	C:\WINDOWS\SYSTEM32\bcrypt.dll
0x00007ffe57c40000 - 0x00007ffe57c51000 	C:\WINDOWS\SYSTEM32\sfc_os.DLL
0x00007ffe64940000 - 0x00007ffe64951000 	C:\WINDOWS\SYSTEM32\SortWindows61.dll
0x00007ffe6c1f0000 - 0x00007ffe6c21e000 	C:\WINDOWS\System32\IMM32.DLL
0x00007ffe6bcb0000 - 0x00007ffe6bd52000 	C:\WINDOWS\System32\ADVAPI32.dll
0x00007ffe6a2c0000 - 0x00007ffe6a319000 	C:\WINDOWS\System32\sechost.dll
0x00007ffe61b50000 - 0x00007ffe61dc9000 	C:\WINDOWS\WinSxS\amd64_microsoft.windows.common-controls_6595b64144ccf1df_6.0.14393.447_none_42191651c6827bb3\COMCTL32.dll
0x000000006be20000 - 0x000000006bef2000 	C:\Program Files\Java\jdk1.8.0_73\jre\bin\msvcr100.dll
0x000000006a720000 - 0x000000006afb0000 	C:\Program Files\Java\jdk1.8.0_73\jre\bin\server\jvm.dll
0x00007ffe6a320000 - 0x00007ffe6a328000 	C:\WINDOWS\System32\PSAPI.DLL
0x00007ffe5e340000 - 0x00007ffe5e349000 	C:\WINDOWS\SYSTEM32\WSOCK32.dll
0x00007ffe6a250000 - 0x00007ffe6a2ba000 	C:\WINDOWS\System32\WS2_32.dll
0x00007ffe66dc0000 - 0x00007ffe66de3000 	C:\WINDOWS\SYSTEM32\WINMM.dll
0x00007ffe63fd0000 - 0x00007ffe63fda000 	C:\WINDOWS\SYSTEM32\VERSION.dll
0x00007ffe66d30000 - 0x00007ffe66d5b000 	C:\WINDOWS\SYSTEM32\WINMMBASE.dll
0x00007ffe689f0000 - 0x00007ffe68a32000 	C:\WINDOWS\System32\cfgmgr32.dll
0x000000006be10000 - 0x000000006be1f000 	C:\Program Files\Java\jdk1.8.0_73\jre\bin\verify.dll
0x000000006bde0000 - 0x000000006be09000 	C:\Program Files\Java\jdk1.8.0_73\jre\bin\java.dll
0x000000006bdc0000 - 0x000000006bdd6000 	C:\Program Files\Java\jdk1.8.0_73\jre\bin\zip.dll
0x00007ffe6a7a0000 - 0x00007ffe6bca9000 	C:\WINDOWS\System32\SHELL32.dll
0x00007ffe690d0000 - 0x00007ffe697aa000 	C:\WINDOWS\System32\windows.storage.dll
0x00007ffe68940000 - 0x00007ffe6898c000 	C:\WINDOWS\System32\powrprof.dll
0x00007ffe68930000 - 0x00007ffe6893f000 	C:\WINDOWS\System32\kernel.appcore.dll
0x00007ffe68a40000 - 0x00007ffe68ae9000 	C:\WINDOWS\System32\shcore.dll
0x00007ffe68910000 - 0x00007ffe68924000 	C:\WINDOWS\System32\profapi.dll

VM Arguments:
jvm_args: -Djava.awt.headless=true -Xmx1024M -Dfile.encoding=GBK -Duser.country=CN -Duser.language=zh -Duser.variant 
java_command: com.android.dx.command.Main --dex --force-jumbo --num-threads=4 --multi-dex --output C:\Users\ZHANGSHIXIAN\Desktop\kkweather\app\build\intermediates\transforms\dex\debug\folders\1000\10\com.android.support-recyclerview-v7-23.3.0_82f2bfda86842c738bd8240174810f2be5469336 C:\Users\ZHANGSHIXIAN\Desktop\kkweather\app\build\intermediates\exploded-aar\com.android.support\recyclerview-v7\23.3.0\jars\classes.jar
java_class_path (initial): D:\Android\sdk\build-tools\23.0.3\lib\dx.jar
Launcher Type: SUN_STANDARD

Environment Variables:
JAVA_HOME=C:\Program Files\Java\jdk1.8.0_73
CLASSPATH=.;C:\Program Files\Java\jdk1.8.0_73\lib
PATH=C:\Program Files\Java\jdk1.8.0_73\bin;C:\ProgramData\Oracle\Java\javapath;D:\Python35\Scripts\;D:\Python35\;C:\Program Files (x86)\Intel\iCLS Client\;C:\Program Files\Intel\iCLS Client\;C:\WINDOWS\system32;C:\WINDOWS;C:\WINDOWS\System32\Wbem;C:\WINDOWS\System32\WindowsPowerShell\v1.0\;C:\Program Files\Intel\Intel(R) Management Engine Components\DAL;C:\Program Files\Intel\Intel(R) Management Engine Components\IPT;C:\Program Files (x86)\Intel\Intel(R) Management Engine Components\DAL;C:\Program Files (x86)\Intel\Intel(R) Management Engine Components\IPT;C:\Program Files (x86)\Windows Kits\8.1\Windows Performance Toolkit\;C:\Program Files\Microsoft SQL Server\110\Tools\Binn\;C:\Program Files\Microsoft SQL Server\120\Tools\Binn\£ªD:\QT\Qt5.5.0\5.5\mingw492_32\bin;;:\QT\Qt5.5.0\Tools\QtCreator\bin;D:\QT\Qt5.5.0\Tools\mingw492_32\bin;C:\Users\ZHANGSHIXIAN\.dnx\bin;C:\Program Files\Microsoft DNX\Dnvm\;C:\Program Files (x86)\NVIDIA Corporation\PhysX\Common;C:\Program Files\Intel\WiFi\bin\;C:\Program Files\Common Files\Intel\WirelessCommon\;D:\Android\sdk\platform-tools;C:\WINDOWS\system32;C:\WINDOWS;C:\WINDOWS\System32\Wbem;C:\WINDOWS\System32\WindowsPowerShell\v1.0\;D:\Program Files\Git\cmd;C:\Users\ZHANGSHIXIAN\AppData\Local\Microsoft\WindowsApps
USERNAME=ZHANGSHIXIAN
OS=Windows_NT
PROCESSOR_IDENTIFIER=Intel64 Family 6 Model 60 Stepping 3, GenuineIntel



---------------  S Y S T E M  ---------------

OS: Windows 10.0 , 64 bit Build 14393 (10.0.14393.0)

CPU:total 4 (2 cores per cpu, 2 threads per core) family 6 model 60 stepping 3, cmov, cx8, fxsr, mmx, sse, sse2, sse3, ssse3, sse4.1, sse4.2, popcnt, avx, avx2, aes, clmul, erms, lzcnt, ht, tsc, tscinvbit, bmi1, bmi2

Memory: 4k page, physical 12499692k(3568568k free), swap 13548268k(5512k free)

vm_info: Java HotSpot(TM) 64-Bit Server VM (25.73-b02) for windows-amd64 JRE (1.8.0_73-b02), built on Jan 29 2016 17:38:49 by "java_re" with MS VC++ 10.0 (VS2010)

time: Wed Dec 14 21:41:08 2016
elapsed time: 2 seconds (0d 0h 0m 2s)

