#
# There is insufficient memory for the Java Runtime Environment to continue.
# Native memory allocation (malloc) failed to allocate 32744 bytes for ChunkPool::allocate
# Possible reasons:
#   The system is out of physical RAM or swap space
#   In 32 bit mode, the process size limit was hit
# Possible solutions:
#   Reduce memory load on the system
#   Increase physical memory or swap space
#   Check if swap backing store is full
#   Use 64 bit Java on a 64 bit OS
#   Decrease Java heap size (-Xmx/-Xms)
#   Decrease number of Java threads
#   Decrease Java thread stack sizes (-Xss)
#   Set larger code cache with -XX:ReservedCodeCacheSize=
# This output file may be truncated or incomplete.
#
#  Out of Memory Error (allocation.cpp:273), pid=13608, tid=15752
#
# JRE version: Java(TM) SE Runtime Environment (8.0_73-b02) (build 1.8.0_73-b02)
# Java VM: Java HotSpot(TM) 64-Bit Server VM (25.73-b02 mixed mode windows-amd64 compressed oops)
# Failed to write core dump. Minidumps are not enabled by default on client versions of Windows
#

---------------  T H R E A D  ---------------

Current thread (0x0000000016f95800):  JavaThread "C1 CompilerThread2" daemon [_thread_in_native, id=15752, stack(0x0000000017430000,0x0000000017530000)]

Stack: [0x0000000017430000,0x0000000017530000]
[error occurred during error reporting (printing stack bounds), id 0xc0000005]

Native frames: (J=compiled Java code, j=interpreted, Vv=VM code, C=native code)


Current CompileTask:
C1:   1408  626   !   3       com.android.dx.cf.code.BytecodeArray::parseInstruction (2764 bytes)


---------------  P R O C E S S  ---------------

Java Threads: ( => current thread )
  0x00000000171b6000 JavaThread "pool-2-thread-4" [_thread_in_Java, id=13472, stack(0x0000000017b30000,0x0000000017c30000)]
  0x00000000171b5800 JavaThread "pool-2-thread-3" [_thread_blocked, id=7972, stack(0x0000000017a30000,0x0000000017b30000)]
  0x00000000171b4800 JavaThread "pool-2-thread-2" [_thread_in_Java, id=16292, stack(0x0000000017930000,0x0000000017a30000)]
  0x00000000171a6800 JavaThread "pool-3-thread-1" [_thread_blocked, id=15480, stack(0x0000000017830000,0x0000000017930000)]
  0x00000000171a5800 JavaThread "pool-2-thread-1" [_thread_blocked, id=872, stack(0x0000000017730000,0x0000000017830000)]
  0x0000000016f9a800 JavaThread "Service Thread" daemon [_thread_blocked, id=10596, stack(0x0000000017530000,0x0000000017630000)]
=>0x0000000016f95800 JavaThread "C1 CompilerThread2" daemon [_thread_in_native, id=15752, stack(0x0000000017430000,0x0000000017530000)]
  0x0000000016f30800 JavaThread "C2 CompilerThread1" daemon [_thread_blocked, id=16212, stack(0x0000000017330000,0x0000000017430000)]
  0x00000000158db800 JavaThread "C2 CompilerThread0" daemon [_thread_blocked, id=13592, stack(0x0000000016e30000,0x0000000016f30000)]
  0x00000000158d9800 JavaThread "Attach Listener" daemon [_thread_blocked, id=12180, stack(0x0000000016d30000,0x0000000016e30000)]
  0x000000001588e800 JavaThread "Signal Dispatcher" daemon [_thread_blocked, id=15920, stack(0x0000000016c30000,0x0000000016d30000)]
  0x00000000031a1000 JavaThread "Finalizer" daemon [_thread_blocked, id=15312, stack(0x0000000016ad0000,0x0000000016bd0000)]
  0x0000000015849000 JavaThread "Reference Handler" daemon [_thread_blocked, id=8968, stack(0x00000000169d0000,0x0000000016ad0000)]
  0x0000000002bee000 JavaThread "main" [_thread_blocked, id=13660, stack(0x0000000002fb0000,0x00000000030b0000)]

Other Threads:
  0x0000000015847000 VMThread [stack: 0x00000000168d0000,0x00000000169d0000] [id=13028]
  0x0000000016feb800 WatcherThread [stack: 0x0000000017630000,0x0000000017730000] [id=1344]

VM state:not at safepoint (normal execution)

VM Mutex/Monitor currently owned by a thread: None

Heap:
 PSYoungGen      total 57344K, used 26560K [0x00000000eab00000, 0x00000000eeb00000, 0x0000000100000000)
  eden space 49152K, 54% used [0x00000000eab00000,0x00000000ec4f01c0,0x00000000edb00000)
  from space 8192K, 0% used [0x00000000ee300000,0x00000000ee300000,0x00000000eeb00000)
  to   space 8192K, 0% used [0x00000000edb00000,0x00000000edb00000,0x00000000ee300000)
 ParOldGen       total 131072K, used 0K [0x00000000c0000000, 0x00000000c8000000, 0x00000000eab00000)
  object space 131072K, 0% used [0x00000000c0000000,0x00000000c0000000,0x00000000c8000000)
 Metaspace       used 5594K, capacity 6512K, committed 6784K, reserved 1056768K
  class space    used 596K, capacity 616K, committed 640K, reserved 1048576K

Card table byte_map: [0x0000000012570000,0x0000000012780000] byte_map_base: 0x0000000011f70000

Marking Bits: (ParMarkBitMap*) 0x000000006af30600
 Begin Bits: [0x0000000012ce0000, 0x0000000013ce0000)
 End Bits:   [0x0000000013ce0000, 0x0000000014ce0000)

Polling page: 0x0000000001480000

CodeCache: size=245760Kb used=2384Kb max_used=2384Kb free=243375Kb
 bounds [0x00000000031b0000, 0x0000000003420000, 0x00000000121b0000]
 total_blobs=895 nmethods=624 adapters=184
 compilation: enabled

Compilation events (10 events):
Event: 1.398 Thread 0x0000000016f95800 nmethod 610 0x0000000003402c90 code [0x0000000003402e00, 0x0000000003403090]
Event: 1.398 Thread 0x0000000016f95800  621       3       com.android.dx.rop.code.RegisterSpecSet::<init> (27 bytes)
Event: 1.398 Thread 0x0000000016f95800 nmethod 621 0x0000000003402710 code [0x0000000003402880, 0x0000000003402b90]
Event: 1.398 Thread 0x0000000016f95800  625       3       com.android.dx.dex.code.OutputFinisher::updateInfo (44 bytes)
Event: 1.398 Thread 0x0000000016f95800 nmethod 625 0x00000000034020d0 code [0x0000000003402240, 0x0000000003402608]
Event: 1.398 Thread 0x0000000016f95800  608       3       com.android.dx.ssa.back.LivenessAnalyzer::liveOutAtBlock (68 bytes)
Event: 1.399 Thread 0x0000000016f95800 nmethod 608 0x0000000003404350 code [0x0000000003404560, 0x0000000003405048]
Event: 1.399 Thread 0x0000000016f95800  616       3       com.android.dx.util.IntList::contains (14 bytes)
Event: 1.400 Thread 0x0000000016f95800 nmethod 616 0x0000000003401b10 code [0x0000000003401c80, 0x0000000003402008]
Event: 1.400 Thread 0x0000000016f95800  626   !   3       com.android.dx.cf.code.BytecodeArray::parseInstruction (2764 bytes)

GC Heap History (0 events):
No events

Deoptimization events (1 events):
Event: 0.854 Thread 0x0000000002bee000 Uncommon trap: reason=unstable_if action=reinterpret pc=0x000000000330c854 method=java.lang.String.compareTo(Ljava/lang/String;)I @ 38

Internal exceptions (2 events):
Event: 0.137 Thread 0x0000000002bee000 Exception <a 'java/lang/NoSuchMethodError': Method sun.misc.Unsafe.defineClass(Ljava/lang/String;[BII)Ljava/lang/Class; name or signature does not match> (0x00000000eab130e0) thrown at [D:\re\puppet\workspace\8-2-build-windows-amd64-cygwin\jdk8u73\6086\hotÏ­¾”Á?
Event: 0.137 Thread 0x0000000002bee000 Exception <a 'java/lang/NoSuchMethodError': Method sun.misc.Unsafe.prefetchRead(Ljava/lang/Object;J)V name or signature does not match> (0x00000000eab133c8) thrown at [D:\re\puppet\workspace\8-2-build-windows-amd64-cygwin\jdk8u73\6086\hotspot\src\share\vm\

Events (10 events):
Event: 1.312 loading class com/android/dx/cf/attrib/AttRuntimeInvisibleAnnotations
Event: 1.312 loading class com/android/dx/cf/attrib/AttRuntimeInvisibleAnnotations done
Event: 1.312 loading class com/android/dx/ssa/PhiInsn$Operand
Event: 1.312 loading class com/android/dx/ssa/PhiInsn$Operand done
Event: 1.326 loading class com/android/dx/cf/code/SwitchList
Event: 1.326 loading class com/android/dx/cf/code/SwitchList done
Event: 1.346 loading class com/android/dx/ssa/back/FirstFitLocalCombiningAllocator$Multiset
Event: 1.346 loading class com/android/dx/ssa/back/FirstFitLocalCombiningAllocator$Multiset done
Event: 1.401 loading class java/util/DualPivotQuicksort
Event: 1.402 loading class java/util/DualPivotQuicksort done


Dynamic libraries:
0x00007ff6e4be0000 - 0x00007ff6e4c17000 	C:\Program Files\Java\jdk1.8.0_73\bin\java.exe
0x00007ffe6c4a0000 - 0x00007ffe6c671000 	C:\WINDOWS\SYSTEM32\ntdll.dll
0x00007ffe6bd60000 - 0x00007ffe6be0b000 	C:\WINDOWS\System32\KERNEL32.DLL
0x00007ffe68eb0000 - 0x00007ffe690cd000 	C:\WINDOWS\System32\KERNELBASE.dll
0x00007ffe66eb0000 - 0x00007ffe66f2a000 	C:\WINDOWS\system32\apphelp.dll
0x00007ffe6bcb0000 - 0x00007ffe6bd52000 	C:\WINDOWS\System32\ADVAPI32.dll
0x00007ffe69bf0000 - 0x00007ffe69c8e000 	C:\WINDOWS\System32\msvcrt.dll
0x00007ffe6a2c0000 - 0x00007ffe6a319000 	C:\WINDOWS\System32\sechost.dll
0x00007ffe6c310000 - 0x00007ffe6c431000 	C:\WINDOWS\System32\RPCRT4.dll
0x00007ffe6be10000 - 0x00007ffe6bf75000 	C:\WINDOWS\System32\USER32.dll
0x00007ffe68c60000 - 0x00007ffe68c7e000 	C:\WINDOWS\System32\win32u.dll
0x00007ffe6a0d0000 - 0x00007ffe6a104000 	C:\WINDOWS\System32\GDI32.dll
0x00007ffe68c80000 - 0x00007ffe68e02000 	C:\WINDOWS\System32\gdi32full.dll
0x00007ffe61b50000 - 0x00007ffe61dc9000 	C:\WINDOWS\WinSxS\amd64_microsoft.windows.common-controls_6595b64144ccf1df_6.0.14393.447_none_42191651c6827bb3\COMCTL32.dll
0x00007ffe6a4d0000 - 0x00007ffe6a798000 	C:\WINDOWS\System32\combase.dll
0x00007ffe68af0000 - 0x00007ffe68be5000 	C:\WINDOWS\System32\ucrtbase.dll
0x00007ffe68bf0000 - 0x00007ffe68c5a000 	C:\WINDOWS\System32\bcryptPrimitives.dll
0x00007ffe6c1f0000 - 0x00007ffe6c21e000 	C:\WINDOWS\System32\IMM32.DLL
0x000000006be20000 - 0x000000006bef2000 	C:\Program Files\Java\jdk1.8.0_73\jre\bin\msvcr100.dll
0x000000006a720000 - 0x000000006afb0000 	C:\Program Files\Java\jdk1.8.0_73\jre\bin\server\jvm.dll
0x00007ffe6a320000 - 0x00007ffe6a328000 	C:\WINDOWS\System32\PSAPI.DLL
0x00007ffe5e340000 - 0x00007ffe5e349000 	C:\WINDOWS\SYSTEM32\WSOCK32.dll
0x00007ffe6a250000 - 0x00007ffe6a2ba000 	C:\WINDOWS\System32\WS2_32.dll
0x00007ffe66dc0000 - 0x00007ffe66de3000 	C:\WINDOWS\SYSTEM32\WINMM.dll
0x00007ffe63fd0000 - 0x00007ffe63fda000 	C:\WINDOWS\SYSTEM32\VERSION.dll
0x00007ffe66d30000 - 0x00007ffe66d5b000 	C:\WINDOWS\SYSTEM32\WINMMBASE.dll
0x00007ffe689f0000 - 0x00007ffe68a32000 	C:\WINDOWS\System32\cfgmgr32.dll
0x000000006be10000 - 0x000000006be1f000 	C:\Program Files\Java\jdk1.8.0_73\jre\bin\verify.dll
0x000000006bde0000 - 0x000000006be09000 	C:\Program Files\Java\jdk1.8.0_73\jre\bin\java.dll
0x000000006bdc0000 - 0x000000006bdd6000 	C:\Program Files\Java\jdk1.8.0_73\jre\bin\zip.dll
0x00007ffe6a7a0000 - 0x00007ffe6bca9000 	C:\WINDOWS\System32\SHELL32.dll
0x00007ffe690d0000 - 0x00007ffe697aa000 	C:\WINDOWS\System32\windows.storage.dll
0x00007ffe68940000 - 0x00007ffe6898c000 	C:\WINDOWS\System32\powrprof.dll
0x00007ffe6c290000 - 0x00007ffe6c2e2000 	C:\WINDOWS\System32\shlwapi.dll
0x00007ffe68930000 - 0x00007ffe6893f000 	C:\WINDOWS\System32\kernel.appcore.dll
0x00007ffe68a40000 - 0x00007ffe68ae9000 	C:\WINDOWS\System32\shcore.dll
0x00007ffe68910000 - 0x00007ffe68924000 	C:\WINDOWS\System32\profapi.dll

VM Arguments:
jvm_args: -Djava.awt.headless=true -Xmx1024M -Dfile.encoding=GBK -Duser.country=CN -Duser.language=zh -Duser.variant 
java_command: com.android.dx.command.Main --dex --force-jumbo --num-threads=4 --multi-dex --output C:\Users\ZHANGSHIXIAN\Desktop\kkweather\app\build\intermediates\transforms\dex\debug\folders\1000\10\com.android.support-support-v4-23.3.0_8e8d912831804985928ff7417ade60fe4922c987 C:\Users\ZHANGSHIXIAN\Desktop\kkweather\app\build\intermediates\exploded-aar\com.android.support\support-v4\23.3.0\jars\classes.jar
java_class_path (initial): D:\Android\sdk\build-tools\23.0.3\lib\dx.jar
Launcher Type: SUN_STANDARD

Environment Variables:
JAVA_HOME=C:\Program Files\Java\jdk1.8.0_73
CLASSPATH=.;C:\Program Files\Java\jdk1.8.0_73\lib
PATH=C:\Program Files\Java\jdk1.8.0_73\bin;C:\ProgramData\Oracle\Java\javapath;D:\Python35\Scripts\;D:\Python35\;C:\Program Files (x86)\Intel\iCLS Client\;C:\Program Files\Intel\iCLS Client\;C:\WINDOWS\system32;C:\WINDOWS;C:\WINDOWS\System32\Wbem;C:\WINDOWS\System32\WindowsPowerShell\v1.0\;C:\Program Files\Intel\Intel(R) Management Engine Components\DAL;C:\Program Files\Intel\Intel(R) Management Engine Components\IPT;C:\Program Files (x86)\Intel\Intel(R) Management Engine Components\DAL;C:\Program Files (x86)\Intel\Intel(R) Management Engine Components\IPT;C:\Program Files (x86)\Windows Kits\8.1\Windows Performance Toolkit\;C:\Program Files\Microsoft SQL Server\110\Tools\Binn\;C:\Program Files\Microsoft SQL Server\120\Tools\Binn\£»D:\QT\Qt5.5.0\5.5\mingw492_32\bin;;:\QT\Qt5.5.0\Tools\QtCreator\bin;D:\QT\Qt5.5.0\Tools\mingw492_32\bin;C:\Users\ZHANGSHIXIAN\.dnx\bin;C:\Program Files\Microsoft DNX\Dnvm\;C:\Program Files (x86)\NVIDIA Corporation\PhysX\Common;C:\Program Files\Intel\WiFi\bin\;C:\Program Files\Common Files\Intel\WirelessCommon\;D:\Android\sdk\platform-tools;C:\WINDOWS\system32;C:\WINDOWS;C:\WINDOWS\System32\Wbem;C:\WINDOWS\System32\WindowsPowerShell\v1.0\;D:\Program Files\Git\cmd;C:\Users\ZHANGSHIXIAN\AppData\Local\Microsoft\WindowsApps
USERNAME=ZHANGSHIXIAN
OS=Windows_NT
PROCESSOR_IDENTIFIER=Intel64 Family 6 Model 60 Stepping 3, GenuineIntel



---------------  S Y S T E M  ---------------

OS: Windows 10.0 , 64 bit Build 14393 (10.0.14393.0)

CPU:total 4 (2 cores per cpu, 2 threads per core) family 6 model 60 stepping 3, cmov, cx8, fxsr, mmx, sse, sse2, sse3, ssse3, sse4.1, sse4.2, popcnt, avx, avx2, aes, clmul, erms, lzcnt, ht, tsc, tscinvbit, bmi1, bmi2

Memory: 4k page, physical 12499692k(3644640k free), swap 13548268k(3996k free)

vm_info: Java HotSpot(TM) 64-Bit Server VM (25.73-b02) for windows-amd64 JRE (1.8.0_73-b02), built on Jan 29 2016 17:38:49 by "java_re" with MS VC++ 10.0 (VS2010)

time: Wed Dec 14 21:41:05 2016
elapsed time: 1 seconds (0d 0h 0m 1s)

