#
# There is insufficient memory for the Java Runtime Environment to continue.
# Native memory allocation (malloc) failed to allocate 33456 bytes for Chunk::new
# Possible reasons:
#   The system is out of physical RAM or swap space
#   In 32 bit mode, the process size limit was hit
# Possible solutions:
#   Reduce memory load on the system
#   Increase physical memory or swap space
#   Check if swap backing store is full
#   Use 64 bit Java on a 64 bit OS
#   Decrease Java heap size (-Xmx/-Xms)
#   Decrease number of Java threads
#   Decrease Java thread stack sizes (-Xss)
#   Set larger code cache with -XX:ReservedCodeCacheSize=
# This output file may be truncated or incomplete.
#
#  Out of Memory Error (allocation.cpp:390), pid=12836, tid=7968
#
# JRE version: Java(TM) SE Runtime Environment (8.0_73-b02) (build 1.8.0_73-b02)
# Java VM: Java HotSpot(TM) 64-Bit Server VM (25.73-b02 mixed mode windows-amd64 compressed oops)
# Failed to write core dump. Minidumps are not enabled by default on client versions of Windows
#

---------------  T H R E A D  ---------------

Current thread (0x0000000016697800):  JavaThread "C2 CompilerThread1" daemon [_thread_in_native, id=7968, stack(0x0000000016cc0000,0x0000000016dc0000)]

Stack: [0x0000000016cc0000,0x0000000016dc0000]
[error occurred during error reporting (printing stack bounds), id 0xc0000005]

Native frames: (J=compiled Java code, j=interpreted, Vv=VM code, C=native code)


Current CompileTask:
C2:   2213 1074       4       java.util.HashMap::put (13 bytes)


---------------  P R O C E S S  ---------------

Java Threads: ( => current thread )
  0x0000000017eee800 JavaThread "pool-1-thread-1" [_thread_in_vm, id=6424, stack(0x0000000018e90000,0x0000000018f90000)]
  0x00000000166a4000 JavaThread "Service Thread" daemon [_thread_blocked, id=8864, stack(0x0000000016ec0000,0x0000000016fc0000)]
  0x000000001669c000 JavaThread "C1 CompilerThread2" daemon [_thread_blocked, id=5744, stack(0x0000000016dc0000,0x0000000016ec0000)]
=>0x0000000016697800 JavaThread "C2 CompilerThread1" daemon [_thread_in_native, id=7968, stack(0x0000000016cc0000,0x0000000016dc0000)]
  0x000000001663a000 JavaThread "C2 CompilerThread0" daemon [_thread_in_native, id=4604, stack(0x0000000016bc0000,0x0000000016cc0000)]
  0x00000000165dd800 JavaThread "Attach Listener" daemon [_thread_blocked, id=7676, stack(0x0000000016ac0000,0x0000000016bc0000)]
  0x00000000165db800 JavaThread "Signal Dispatcher" daemon [_thread_blocked, id=11316, stack(0x00000000169c0000,0x0000000016ac0000)]
  0x0000000015204800 JavaThread "Finalizer" daemon [_thread_blocked, id=3504, stack(0x0000000016460000,0x0000000016560000)]
  0x0000000015201000 JavaThread "Reference Handler" daemon [_thread_blocked, id=10636, stack(0x0000000016360000,0x0000000016460000)]
  0x0000000002a26000 JavaThread "main" [_thread_blocked, id=6916, stack(0x00000000028d0000,0x00000000029d0000)]

Other Threads:
  0x00000000151f6000 VMThread [stack: 0x0000000016260000,0x0000000016360000] [id=4812]
  0x00000000166f3000 WatcherThread [stack: 0x0000000016fc0000,0x00000000170c0000] [id=5836]

VM state:not at safepoint (normal execution)

VM Mutex/Monitor currently owned by a thread: None

Heap:
 PSYoungGen      total 57344K, used 27536K [0x00000000eab00000, 0x00000000eeb00000, 0x0000000100000000)
  eden space 49152K, 56% used [0x00000000eab00000,0x00000000ec5e42e8,0x00000000edb00000)
  from space 8192K, 0% used [0x00000000ee300000,0x00000000ee300000,0x00000000eeb00000)
  to   space 8192K, 0% used [0x00000000edb00000,0x00000000edb00000,0x00000000ee300000)
 ParOldGen       total 131072K, used 0K [0x00000000c0000000, 0x00000000c8000000, 0x00000000eab00000)
  object space 131072K, 0% used [0x00000000c0000000,0x00000000c0000000,0x00000000c8000000)
 Metaspace       used 5774K, capacity 6832K, committed 7040K, reserved 1056768K
  class space    used 585K, capacity 616K, committed 640K, reserved 1048576K

Card table byte_map: [0x0000000011ee0000,0x00000000120f0000] byte_map_base: 0x00000000118e0000

Marking Bits: (ParMarkBitMap*) 0x000000006b2c0600
 Begin Bits: [0x0000000012650000, 0x0000000013650000)
 End Bits:   [0x0000000013650000, 0x0000000014650000)

Polling page: 0x00000000029d0000

CodeCache: size=245760Kb used=4256Kb max_used=4256Kb free=241503Kb
 bounds [0x0000000002b20000, 0x0000000002f50000, 0x0000000011b20000]
 total_blobs=1351 nmethods=1088 adapters=176
 compilation: enabled

Compilation events (10 events):
Event: 2.209 Thread 0x000000001669c000 nmethod 1078 0x0000000002f45950 code [0x0000000002f45ac0, 0x0000000002f45cc8]
Event: 2.209 Thread 0x000000001669c000 1079       1       com.android.dx.dex.file.StringIdItem::getValue (5 bytes)
Event: 2.209 Thread 0x000000001669c000 nmethod 1079 0x0000000002f45d90 code [0x0000000002f45ee0, 0x0000000002f45ff0]
Event: 2.210 Thread 0x000000001669c000 1082       3       com.android.dx.dex.code.OutputFinisher::addConstants (68 bytes)
Event: 2.211 Thread 0x000000001669c000 nmethod 1082 0x0000000002f46050 code [0x0000000002f46240, 0x0000000002f46c08]
Event: 2.211 Thread 0x000000001669c000 1083       1       com.android.dx.dex.file.DexFile::getTypeIds (5 bytes)
Event: 2.211 Thread 0x000000001669c000 nmethod 1083 0x0000000002f47050 code [0x0000000002f471a0, 0x0000000002f472b0]
Event: 2.212 Thread 0x000000001669c000 1085  s    3       com.android.dx.dex.file.TypeIdsSection::intern (60 bytes)
Event: 2.212 Thread 0x000000001669c000 nmethod 1085 0x0000000002f47310 code [0x0000000002f47520, 0x0000000002f481c8]
Event: 2.212 Thread 0x000000001669c000 1088       3       com.android.dx.dex.file.ValueEncoder::addContents (75 bytes)

GC Heap History (0 events):
No events

Deoptimization events (10 events):
Event: 1.403 Thread 0x000000001699c800 Uncommon trap: reason=class_check action=maybe_recompile pc=0x0000000002ce1cb4 method=com.android.dx.rop.cst.CstMemberRef.compareTo0(Lcom/android/dx/rop/cst/Constant;)I @ 1
Event: 1.417 Thread 0x00000000168d5000 Uncommon trap: reason=unstable_if action=reinterpret pc=0x0000000002ce2978 method=com.android.dx.rop.cst.CstFieldRef.compareTo0(Lcom/android/dx/rop/cst/Constant;)I @ 7
Event: 1.464 Thread 0x0000000002a26000 Uncommon trap: reason=unstable_if action=reinterpret pc=0x0000000002d60bb0 method=java.util.BitSet.nextSetBit(I)I @ 87
Event: 2.205 Thread 0x0000000017eee800 Uncommon trap: reason=bimorphic action=maybe_recompile pc=0x0000000002f36be8 method=java.util.HashMap.putVal(ILjava/lang/Object;Ljava/lang/Object;ZZ)Ljava/lang/Object; @ 91
Event: 2.206 Thread 0x0000000017eee800 Uncommon trap: reason=bimorphic action=maybe_recompile pc=0x0000000002f36be8 method=java.util.HashMap.putVal(ILjava/lang/Object;Ljava/lang/Object;ZZ)Ljava/lang/Object; @ 91
Event: 2.206 Thread 0x0000000017eee800 Uncommon trap: reason=bimorphic action=maybe_recompile pc=0x0000000002f36be8 method=java.util.HashMap.putVal(ILjava/lang/Object;Ljava/lang/Object;ZZ)Ljava/lang/Object; @ 91
Event: 2.206 Thread 0x0000000017eee800 Uncommon trap: reason=bimorphic action=maybe_recompile pc=0x0000000002f36be8 method=java.util.HashMap.putVal(ILjava/lang/Object;Ljava/lang/Object;ZZ)Ljava/lang/Object; @ 91
Event: 2.206 Thread 0x0000000017eee800 Uncommon trap: reason=bimorphic action=maybe_recompile pc=0x0000000002ecb164 method=java.util.HashMap.putVal(ILjava/lang/Object;Ljava/lang/Object;ZZ)Ljava/lang/Object; @ 91
Event: 2.206 Thread 0x0000000017eee800 Uncommon trap: reason=bimorphic action=maybe_recompile pc=0x0000000002d5e130 method=java.util.HashMap.getNode(ILjava/lang/Object;)Ljava/util/HashMap$Node; @ 126
Event: 2.212 Thread 0x0000000017eee800 Uncommon trap: reason=bimorphic action=maybe_recompile pc=0x0000000002d5e130 method=java.util.HashMap.getNode(ILjava/lang/Object;)Ljava/util/HashMap$Node; @ 126

Internal exceptions (2 events):
Event: 0.149 Thread 0x0000000002a26000 Exception <a 'java/lang/NoSuchMethodError': Method sun.misc.Unsafe.defineClass(Ljava/lang/String;[BII)Ljava/lang/Class; name or signature does not match> (0x00000000eab130e0) thrown at [D:\re\puppet\workspace\8-2-build-windows-amd64-cygwin\jdk8u73\6086\hot£«\€Ã?
Event: 0.149 Thread 0x0000000002a26000 Exception <a 'java/lang/NoSuchMethodError': Method sun.misc.Unsafe.prefetchRead(Ljava/lang/Object;J)V name or signature does not match> (0x00000000eab133c8) thrown at [D:\re\puppet\workspace\8-2-build-windows-amd64-cygwin\jdk8u73\6086\hotspot\src\share\vm\

Events (10 events):
Event: 2.206 Thread 0x0000000017eee800 DEOPT UNPACKING pc=0x0000000002b6582a sp=0x0000000018f8edf8 mode 2
Event: 2.206 Thread 0x0000000017eee800 Uncommon trap: trap_request=0xffffffc6 fr.pc=0x0000000002ecb164
Event: 2.206 Thread 0x0000000017eee800 DEOPT PACKING pc=0x0000000002ecb164 sp=0x0000000018f8ee40
Event: 2.206 Thread 0x0000000017eee800 DEOPT UNPACKING pc=0x0000000002b6582a sp=0x0000000018f8edf8 mode 2
Event: 2.206 Thread 0x0000000017eee800 Uncommon trap: trap_request=0xffffffc6 fr.pc=0x0000000002d5e130
Event: 2.206 Thread 0x0000000017eee800 DEOPT PACKING pc=0x0000000002d5e130 sp=0x0000000018f8ef00
Event: 2.206 Thread 0x0000000017eee800 DEOPT UNPACKING pc=0x0000000002b6582a sp=0x0000000018f8ee18 mode 2
Event: 2.212 Thread 0x0000000017eee800 Uncommon trap: trap_request=0xffffffc6 fr.pc=0x0000000002d5e130
Event: 2.212 Thread 0x0000000017eee800 DEOPT PACKING pc=0x0000000002d5e130 sp=0x0000000018f8ef00
Event: 2.212 Thread 0x0000000017eee800 DEOPT UNPACKING pc=0x0000000002b6582a sp=0x0000000018f8ee18 mode 2


Dynamic libraries:
0x00007ff614a00000 - 0x00007ff614a37000 	C:\Program Files\Java\jdk1.8.0_73\bin\java.exe
0x00007ffe6c4a0000 - 0x00007ffe6c671000 	C:\WINDOWS\SYSTEM32\ntdll.dll
0x00007ffe6bd60000 - 0x00007ffe6be0b000 	C:\WINDOWS\System32\KERNEL32.DLL
0x00007ffe68eb0000 - 0x00007ffe690cd000 	C:\WINDOWS\System32\KERNELBASE.dll
0x00007ffe66eb0000 - 0x00007ffe66f2a000 	C:\WINDOWS\system32\apphelp.dll
0x00007ffe44560000 - 0x00007ffe449e2000 	C:\WINDOWS\AppPatch\AppPatch64\AcLayers.DLL
0x00007ffe69bf0000 - 0x00007ffe69c8e000 	C:\WINDOWS\System32\msvcrt.dll
0x00007ffe6be10000 - 0x00007ffe6bf75000 	C:\WINDOWS\System32\USER32.dll
0x00007ffe68c60000 - 0x00007ffe68c7e000 	C:\WINDOWS\System32\win32u.dll
0x00007ffe6a0d0000 - 0x00007ffe6a104000 	C:\WINDOWS\System32\GDI32.dll
0x00007ffe68c80000 - 0x00007ffe68e02000 	C:\WINDOWS\System32\gdi32full.dll
0x00007ffe6c290000 - 0x00007ffe6c2e2000 	C:\WINDOWS\System32\SHLWAPI.dll
0x00007ffe6a4d0000 - 0x00007ffe6a798000 	C:\WINDOWS\System32\combase.dll
0x00007ffe68af0000 - 0x00007ffe68be5000 	C:\WINDOWS\System32\ucrtbase.dll
0x00007ffe6c310000 - 0x00007ffe6c431000 	C:\WINDOWS\System32\RPCRT4.dll
0x00007ffe68bf0000 - 0x00007ffe68c5a000 	C:\WINDOWS\System32\bcryptPrimitives.dll
0x00000000006b0000 - 0x00000000006b3000 	C:\WINDOWS\SYSTEM32\sfc.dll
0x00007ffe651d0000 - 0x00007ffe65255000 	C:\WINDOWS\SYSTEM32\WINSPOOL.DRV
0x00007ffe68840000 - 0x00007ffe6886b000 	C:\WINDOWS\SYSTEM32\bcrypt.dll
0x00007ffe57c40000 - 0x00007ffe57c51000 	C:\WINDOWS\SYSTEM32\sfc_os.DLL
0x00007ffe602b0000 - 0x00007ffe602c1000 	C:\WINDOWS\SYSTEM32\SortWindows61.dll
0x00007ffe6c1f0000 - 0x00007ffe6c21e000 	C:\WINDOWS\System32\IMM32.DLL
0x00007ffe6bcb0000 - 0x00007ffe6bd52000 	C:\WINDOWS\System32\ADVAPI32.dll
0x00007ffe6a2c0000 - 0x00007ffe6a319000 	C:\WINDOWS\System32\sechost.dll
0x00007ffe61b50000 - 0x00007ffe61dc9000 	C:\WINDOWS\WinSxS\amd64_microsoft.windows.common-controls_6595b64144ccf1df_6.0.14393.447_none_42191651c6827bb3\COMCTL32.dll
0x000000006be20000 - 0x000000006bef2000 	C:\Program Files\Java\jdk1.8.0_73\jre\bin\msvcr100.dll
0x000000006aab0000 - 0x000000006b340000 	C:\Program Files\Java\jdk1.8.0_73\jre\bin\server\jvm.dll
0x00007ffe6a320000 - 0x00007ffe6a328000 	C:\WINDOWS\System32\PSAPI.DLL
0x00007ffe5bee0000 - 0x00007ffe5bee9000 	C:\WINDOWS\SYSTEM32\WSOCK32.dll
0x00007ffe6a250000 - 0x00007ffe6a2ba000 	C:\WINDOWS\System32\WS2_32.dll
0x00007ffe66dc0000 - 0x00007ffe66de3000 	C:\WINDOWS\SYSTEM32\WINMM.dll
0x00007ffe63fd0000 - 0x00007ffe63fda000 	C:\WINDOWS\SYSTEM32\VERSION.dll
0x00007ffe66d30000 - 0x00007ffe66d5b000 	C:\WINDOWS\SYSTEM32\WINMMBASE.dll
0x00007ffe689f0000 - 0x00007ffe68a32000 	C:\WINDOWS\System32\cfgmgr32.dll
0x000000006be10000 - 0x000000006be1f000 	C:\Program Files\Java\jdk1.8.0_73\jre\bin\verify.dll
0x000000006bde0000 - 0x000000006be09000 	C:\Program Files\Java\jdk1.8.0_73\jre\bin\java.dll
0x000000006bdc0000 - 0x000000006bdd6000 	C:\Program Files\Java\jdk1.8.0_73\jre\bin\zip.dll
0x00007ffe6a7a0000 - 0x00007ffe6bca9000 	C:\WINDOWS\System32\SHELL32.dll
0x00007ffe690d0000 - 0x00007ffe697aa000 	C:\WINDOWS\System32\windows.storage.dll
0x00007ffe68940000 - 0x00007ffe6898c000 	C:\WINDOWS\System32\powrprof.dll
0x00007ffe68930000 - 0x00007ffe6893f000 	C:\WINDOWS\System32\kernel.appcore.dll
0x00007ffe68a40000 - 0x00007ffe68ae9000 	C:\WINDOWS\System32\shcore.dll
0x00007ffe68910000 - 0x00007ffe68924000 	C:\WINDOWS\System32\profapi.dll

VM Arguments:
jvm_args: -Djava.awt.headless=true -Xmx1024M -Dfile.encoding=GBK -Duser.country=CN -Duser.language=zh -Duser.variant 
java_command: com.android.dx.command.Main --dex --force-jumbo --num-threads=4 --multi-dex --output C:\Users\ZHANGSHIXIAN\Desktop\kkweather\app\build\intermediates\transforms\dex\debug\folders\1000\5\slice_0 C:\Users\ZHANGSHIXIAN\Desktop\kkweather\app\build\intermediates\transforms\instantRunSlicer\debug\folders\1\5\slice_0
java_class_path (initial): D:\Android\sdk\build-tools\23.0.3\lib\dx.jar
Launcher Type: SUN_STANDARD

Environment Variables:
JAVA_HOME=C:\Program Files\Java\jdk1.8.0_73
CLASSPATH=.;C:\Program Files\Java\jdk1.8.0_73\lib
PATH=C:\Program Files\Java\jdk1.8.0_73\bin;C:\ProgramData\Oracle\Java\javapath;D:\Python35\Scripts\;D:\Python35\;C:\Program Files (x86)\Intel\iCLS Client\;C:\Program Files\Intel\iCLS Client\;C:\WINDOWS\system32;C:\WINDOWS;C:\WINDOWS\System32\Wbem;C:\WINDOWS\System32\WindowsPowerShell\v1.0\;C:\Program Files\Intel\Intel(R) Management Engine Components\DAL;C:\Program Files\Intel\Intel(R) Management Engine Components\IPT;C:\Program Files (x86)\Intel\Intel(R) Management Engine Components\DAL;C:\Program Files (x86)\Intel\Intel(R) Management Engine Components\IPT;C:\Program Files (x86)\Windows Kits\8.1\Windows Performance Toolkit\;C:\Program Files\Microsoft SQL Server\110\Tools\Binn\;C:\Program Files\Microsoft SQL Server\120\Tools\Binn\£»D:\QT\Qt5.5.0\5.5\mingw492_32\bin;;:\QT\Qt5.5.0\Tools\QtCreator\bin;D:\QT\Qt5.5.0\Tools\mingw492_32\bin;C:\Users\ZHANGSHIXIAN\.dnx\bin;C:\Program Files\Microsoft DNX\Dnvm\;C:\Program Files (x86)\NVIDIA Corporation\PhysX\Common;C:\Program Files\Intel\WiFi\bin\;C:\Program Files\Common Files\Intel\WirelessCommon\;D:\Android\sdk\platform-tools;C:\WINDOWS\system32;C:\WINDOWS;C:\WINDOWS\System32\Wbem;C:\WINDOWS\System32\WindowsPowerShell\v1.0\;D:\Program Files\Git\cmd;C:\Users\ZHANGSHIXIAN\AppData\Local\Microsoft\WindowsApps
USERNAME=ZHANGSHIXIAN
OS=Windows_NT
PROCESSOR_IDENTIFIER=Intel64 Family 6 Model 60 Stepping 3, GenuineIntel



---------------  S Y S T E M  ---------------

OS: Windows 10.0 , 64 bit Build 14393 (10.0.14393.0)

CPU:total 4 (2 cores per cpu, 2 threads per core) family 6 model 60 stepping 3, cmov, cx8, fxsr, mmx, sse, sse2, sse3, ssse3, sse4.1, sse4.2, popcnt, avx, avx2, aes, clmul, erms, lzcnt, ht, tsc, tscinvbit, bmi1, bmi2

Memory: 4k page, physical 12499692k(3798204k free), swap 13548268k(3088k free)

vm_info: Java HotSpot(TM) 64-Bit Server VM (25.73-b02) for windows-amd64 JRE (1.8.0_73-b02), built on Jan 29 2016 17:38:49 by "java_re" with MS VC++ 10.0 (VS2010)

time: Mon Dec 12 23:33:41 2016
elapsed time: 2 seconds (0d 0h 0m 2s)

