#
# There is insufficient memory for the Java Runtime Environment to continue.
# Native memory allocation (malloc) failed to allocate 81040 bytes for Chunk::new
# Possible reasons:
#   The system is out of physical RAM or swap space
#   In 32 bit mode, the process size limit was hit
# Possible solutions:
#   Reduce memory load on the system
#   Increase physical memory or swap space
#   Check if swap backing store is full
#   Use 64 bit Java on a 64 bit OS
#   Decrease Java heap size (-Xmx/-Xms)
#   Decrease number of Java threads
#   Decrease Java thread stack sizes (-Xss)
#   Set larger code cache with -XX:ReservedCodeCacheSize=
# This output file may be truncated or incomplete.
#
#  Out of Memory Error (allocation.cpp:390), pid=11148, tid=5320
#
# JRE version: Java(TM) SE Runtime Environment (8.0_73-b02) (build 1.8.0_73-b02)
# Java VM: Java HotSpot(TM) 64-Bit Server VM (25.73-b02 mixed mode windows-amd64 compressed oops)
# Failed to write core dump. Minidumps are not enabled by default on client versions of Windows
#

---------------  T H R E A D  ---------------

Current thread (0x0000000016cfd800):  JavaThread "C2 CompilerThread1" daemon [_thread_in_native, id=5320, stack(0x0000000017380000,0x0000000017480000)]

Stack: [0x0000000017380000,0x0000000017480000]
[error occurred during error reporting (printing stack bounds), id 0xc0000005]

Native frames: (J=compiled Java code, j=interpreted, Vv=VM code, C=native code)


Current CompileTask:
C2:   3179  360       4       java.lang.String::replace (127 bytes)


---------------  P R O C E S S  ---------------

Java Threads: ( => current thread )
  0x000000001705f800 JavaThread "pool-2-thread-4" [_thread_in_Java, id=2872, stack(0x0000000017b80000,0x0000000017c80000)]
  0x000000001705c000 JavaThread "pool-2-thread-3" [_thread_in_Java, id=4988, stack(0x0000000017a80000,0x0000000017b80000)]
  0x0000000016f41000 JavaThread "pool-2-thread-2" [_thread_blocked, id=80, stack(0x0000000017980000,0x0000000017a80000)]
  0x0000000016f10000 JavaThread "pool-3-thread-1" [_thread_blocked, id=8248, stack(0x0000000017880000,0x0000000017980000)]
  0x0000000016d5c800 JavaThread "Service Thread" daemon [_thread_blocked, id=6448, stack(0x0000000017580000,0x0000000017680000)]
  0x0000000016cff800 JavaThread "C1 CompilerThread2" daemon [_thread_in_vm, id=9436, stack(0x0000000017480000,0x0000000017580000)]
=>0x0000000016cfd800 JavaThread "C2 CompilerThread1" daemon [_thread_in_native, id=5320, stack(0x0000000017380000,0x0000000017480000)]
  0x0000000016cf9800 JavaThread "C2 CompilerThread0" daemon [_thread_blocked, id=11284, stack(0x0000000017280000,0x0000000017380000)]
  0x0000000016cf6800 JavaThread "Attach Listener" daemon [_thread_blocked, id=11424, stack(0x0000000017180000,0x0000000017280000)]
  0x0000000016c9d000 JavaThread "Signal Dispatcher" daemon [_thread_blocked, id=8236, stack(0x0000000017080000,0x0000000017180000)]
  0x0000000015925000 JavaThread "Finalizer" daemon [_thread_blocked, id=1344, stack(0x0000000016b80000,0x0000000016c80000)]
  0x0000000015921000 JavaThread "Reference Handler" daemon [_thread_blocked, id=1248, stack(0x0000000016a80000,0x0000000016b80000)]
  0x0000000003166000 JavaThread "main" [_thread_blocked, id=11732, stack(0x0000000002ff0000,0x00000000030f0000)]

Other Threads:
  0x0000000015916000 VMThread [stack: 0x0000000016980000,0x0000000016a80000] [id=12636]
  0x0000000016d70000 WatcherThread [stack: 0x0000000017680000,0x0000000017780000] [id=7468]

VM state:not at safepoint (normal execution)

VM Mutex/Monitor currently owned by a thread: None

Heap:
 PSYoungGen      total 57344K, used 11800K [0x00000000eab00000, 0x00000000eeb00000, 0x0000000100000000)
  eden space 49152K, 24% used [0x00000000eab00000,0x00000000eb686180,0x00000000edb00000)
  from space 8192K, 0% used [0x00000000ee300000,0x00000000ee300000,0x00000000eeb00000)
  to   space 8192K, 0% used [0x00000000edb00000,0x00000000edb00000,0x00000000ee300000)
 ParOldGen       total 131072K, used 0K [0x00000000c0000000, 0x00000000c8000000, 0x00000000eab00000)
  object space 131072K, 0% used [0x00000000c0000000,0x00000000c0000000,0x00000000c8000000)
 Metaspace       used 4765K, capacity 5936K, committed 6272K, reserved 1056768K
  class space    used 524K, capacity 552K, committed 640K, reserved 1048576K

Card table byte_map: [0x0000000012620000,0x0000000012830000] byte_map_base: 0x0000000012020000

Marking Bits: (ParMarkBitMap*) 0x000000006ae50600
 Begin Bits: [0x0000000012d90000, 0x0000000013d90000)
 End Bits:   [0x0000000013d90000, 0x0000000014d90000)

Polling page: 0x0000000001220000

CodeCache: size=245760Kb used=1781Kb max_used=1781Kb free=243978Kb
 bounds [0x0000000003260000, 0x00000000034d0000, 0x0000000012260000]
 total_blobs=635 nmethods=374 adapters=174
 compilation: enabled

Compilation events (10 events):
Event: 3.175 Thread 0x0000000016cff800 nmethod 361 0x0000000003415450 code [0x0000000003415680, 0x0000000003416518]
Event: 3.175 Thread 0x0000000016cff800  362       3       java.util.WeakHashMap$Entry::<init> (24 bytes)
Event: 3.176 Thread 0x0000000016cff800 nmethod 362 0x0000000003416bd0 code [0x0000000003416d40, 0x0000000003417070]
Event: 3.176 Thread 0x0000000016cff800  363       3       java.lang.ref.WeakReference::<init> (7 bytes)
Event: 3.176 Thread 0x0000000016cff800 nmethod 363 0x00000000034171d0 code [0x0000000003417340, 0x00000000034175f0]
Event: 3.176 Thread 0x0000000016cff800  364       3       java.util.zip.ZipFile$ZipFileInflaterInputStream::fill (80 bytes)
Event: 3.176 Thread 0x0000000016cff800 nmethod 364 0x00000000034176d0 code [0x0000000003417860, 0x0000000003417c28]
Event: 3.176 Thread 0x0000000016cff800  365   !   3       java.util.zip.ZipFile$ZipFileInputStream::read (131 bytes)
Event: 3.177 Thread 0x0000000016cff800 nmethod 365 0x0000000003417e10 code [0x0000000003417fe0, 0x0000000003418868]
Event: 3.178 Thread 0x0000000016cff800  366   !   3       java.util.zip.ZipFile::getInputStream (304 bytes)

GC Heap History (0 events):
No events

Deoptimization events (0 events):
No events

Internal exceptions (2 events):
Event: 0.080 Thread 0x0000000003166000 Exception <a 'java/lang/NoSuchMethodError': Method sun.misc.Unsafe.defineClass(Ljava/lang/String;[BII)Ljava/lang/Class; name or signature does not match> (0x00000000eab130e0) thrown at [D:\re\puppet\workspace\8-2-build-windows-amd64-cygwin\jdk8u73\6086\hotWxkÌŠ´?
Event: 0.080 Thread 0x0000000003166000 Exception <a 'java/lang/NoSuchMethodError': Method sun.misc.Unsafe.prefetchRead(Ljava/lang/Object;J)V name or signature does not match> (0x00000000eab133c8) thrown at [D:\re\puppet\workspace\8-2-build-windows-amd64-cygwin\jdk8u73\6086\hotspot\src\share\vm\

Events (10 events):
Event: 3.176 loading class com/android/dx/ssa/BasicRegisterMapper
Event: 3.176 loading class com/android/dx/ssa/BasicRegisterMapper done
Event: 3.176 loading class com/android/dx/ssa/back/LivenessAnalyzer
Event: 3.176 loading class com/android/dx/ssa/back/LivenessAnalyzer done
Event: 3.177 loading class com/android/dx/ssa/back/InterferenceGraph
Event: 3.177 loading class com/android/dx/ssa/back/InterferenceGraph done
Event: 3.177 loading class com/android/dx/ssa/back/LivenessAnalyzer$NextFunction
Event: 3.177 loading class com/android/dx/ssa/back/LivenessAnalyzer$NextFunction done
Event: 3.178 loading class com/android/dx/ssa/back/LivenessAnalyzer$1
Event: 3.178 loading class com/android/dx/ssa/back/LivenessAnalyzer$1 done


Dynamic libraries:
0x00007ff6e4be0000 - 0x00007ff6e4c17000 	C:\Program Files\Java\jdk1.8.0_73\bin\java.exe
0x00007ffe6c4a0000 - 0x00007ffe6c671000 	C:\WINDOWS\SYSTEM32\ntdll.dll
0x00007ffe6bd60000 - 0x00007ffe6be0b000 	C:\WINDOWS\System32\KERNEL32.DLL
0x00007ffe68eb0000 - 0x00007ffe690cd000 	C:\WINDOWS\System32\KERNELBASE.dll
0x00007ffe66eb0000 - 0x00007ffe66f2a000 	C:\WINDOWS\system32\apphelp.dll
0x00007ffe47070000 - 0x00007ffe474f2000 	C:\WINDOWS\AppPatch\AppPatch64\AcLayers.DLL
0x00007ffe69bf0000 - 0x00007ffe69c8e000 	C:\WINDOWS\System32\msvcrt.dll
0x00007ffe6be10000 - 0x00007ffe6bf75000 	C:\WINDOWS\System32\USER32.dll
0x00007ffe68c60000 - 0x00007ffe68c7e000 	C:\WINDOWS\System32\win32u.dll
0x00007ffe6a0d0000 - 0x00007ffe6a104000 	C:\WINDOWS\System32\GDI32.dll
0x00007ffe68c80000 - 0x00007ffe68e02000 	C:\WINDOWS\System32\gdi32full.dll
0x00007ffe6c290000 - 0x00007ffe6c2e2000 	C:\WINDOWS\System32\SHLWAPI.dll
0x00007ffe6a4d0000 - 0x00007ffe6a798000 	C:\WINDOWS\System32\combase.dll
0x00007ffe68af0000 - 0x00007ffe68be5000 	C:\WINDOWS\System32\ucrtbase.dll
0x00007ffe6c310000 - 0x00007ffe6c431000 	C:\WINDOWS\System32\RPCRT4.dll
0x00007ffe68bf0000 - 0x00007ffe68c5a000 	C:\WINDOWS\System32\bcryptPrimitives.dll
0x0000000000d10000 - 0x0000000000d13000 	C:\WINDOWS\SYSTEM32\sfc.dll
0x00007ffe651d0000 - 0x00007ffe65255000 	C:\WINDOWS\SYSTEM32\WINSPOOL.DRV
0x00007ffe68840000 - 0x00007ffe6886b000 	C:\WINDOWS\SYSTEM32\bcrypt.dll
0x00007ffe57c40000 - 0x00007ffe57c51000 	C:\WINDOWS\SYSTEM32\sfc_os.DLL
0x00007ffe62070000 - 0x00007ffe62081000 	C:\WINDOWS\SYSTEM32\SortWindows61.dll
0x00007ffe6c1f0000 - 0x00007ffe6c21e000 	C:\WINDOWS\System32\IMM32.DLL
0x00007ffe6bcb0000 - 0x00007ffe6bd52000 	C:\WINDOWS\System32\ADVAPI32.dll
0x00007ffe6a2c0000 - 0x00007ffe6a319000 	C:\WINDOWS\System32\sechost.dll
0x00007ffe61b50000 - 0x00007ffe61dc9000 	C:\WINDOWS\WinSxS\amd64_microsoft.windows.common-controls_6595b64144ccf1df_6.0.14393.447_none_42191651c6827bb3\COMCTL32.dll
0x000000006aed0000 - 0x000000006afa2000 	C:\Program Files\Java\jdk1.8.0_73\jre\bin\msvcr100.dll
0x000000006a640000 - 0x000000006aed0000 	C:\Program Files\Java\jdk1.8.0_73\jre\bin\server\jvm.dll
0x00007ffe6a320000 - 0x00007ffe6a328000 	C:\WINDOWS\System32\PSAPI.DLL
0x00007ffe5e340000 - 0x00007ffe5e349000 	C:\WINDOWS\SYSTEM32\WSOCK32.dll
0x00007ffe6a250000 - 0x00007ffe6a2ba000 	C:\WINDOWS\System32\WS2_32.dll
0x00007ffe66dc0000 - 0x00007ffe66de3000 	C:\WINDOWS\SYSTEM32\WINMM.dll
0x00007ffe63fd0000 - 0x00007ffe63fda000 	C:\WINDOWS\SYSTEM32\VERSION.dll
0x00007ffe66d30000 - 0x00007ffe66d5b000 	C:\WINDOWS\SYSTEM32\WINMMBASE.dll
0x00007ffe689f0000 - 0x00007ffe68a32000 	C:\WINDOWS\System32\cfgmgr32.dll
0x000000006be20000 - 0x000000006be2f000 	C:\Program Files\Java\jdk1.8.0_73\jre\bin\verify.dll
0x000000006bdf0000 - 0x000000006be19000 	C:\Program Files\Java\jdk1.8.0_73\jre\bin\java.dll
0x000000006bdd0000 - 0x000000006bde6000 	C:\Program Files\Java\jdk1.8.0_73\jre\bin\zip.dll
0x00007ffe6a7a0000 - 0x00007ffe6bca9000 	C:\WINDOWS\System32\SHELL32.dll
0x00007ffe690d0000 - 0x00007ffe697aa000 	C:\WINDOWS\System32\windows.storage.dll
0x00007ffe68940000 - 0x00007ffe6898c000 	C:\WINDOWS\System32\powrprof.dll
0x00007ffe68930000 - 0x00007ffe6893f000 	C:\WINDOWS\System32\kernel.appcore.dll
0x00007ffe68a40000 - 0x00007ffe68ae9000 	C:\WINDOWS\System32\shcore.dll
0x00007ffe68910000 - 0x00007ffe68924000 	C:\WINDOWS\System32\profapi.dll

VM Arguments:
jvm_args: -Djava.awt.headless=true -Xmx1024M -Dfile.encoding=GBK -Duser.country=CN -Duser.language=zh -Duser.variant 
java_command: com.android.dx.command.Main --dex --force-jumbo --num-threads=4 --multi-dex --output C:\Users\ZHANGSHIXIAN\Desktop\kkweather\app\build\intermediates\transforms\dex\debug\folders\1000\5\slice_8 C:\Users\ZHANGSHIXIAN\Desktop\kkweather\app\build\intermediates\transforms\instantRunSlicer\debug\folders\1\5\slice_8
java_class_path (initial): D:\Android\sdk\build-tools\23.0.3\lib\dx.jar
Launcher Type: SUN_STANDARD

Environment Variables:
JAVA_HOME=C:\Program Files\Java\jdk1.8.0_73
CLASSPATH=.;C:\Program Files\Java\jdk1.8.0_73\lib
PATH=C:\Program Files\Java\jdk1.8.0_73\bin;C:\ProgramData\Oracle\Java\javapath;D:\Python35\Scripts\;D:\Python35\;C:\Program Files (x86)\Intel\iCLS Client\;C:\Program Files\Intel\iCLS Client\;C:\WINDOWS\system32;C:\WINDOWS;C:\WINDOWS\System32\Wbem;C:\WINDOWS\System32\WindowsPowerShell\v1.0\;C:\Program Files\Intel\Intel(R) Management Engine Components\DAL;C:\Program Files\Intel\Intel(R) Management Engine Components\IPT;C:\Program Files (x86)\Intel\Intel(R) Management Engine Components\DAL;C:\Program Files (x86)\Intel\Intel(R) Management Engine Components\IPT;C:\Program Files (x86)\Windows Kits\8.1\Windows Performance Toolkit\;C:\Program Files\Microsoft SQL Server\110\Tools\Binn\;C:\Program Files\Microsoft SQL Server\120\Tools\Binn\£»D:\QT\Qt5.5.0\5.5\mingw492_32\bin;;:\QT\Qt5.5.0\Tools\QtCreator\bin;D:\QT\Qt5.5.0\Tools\mingw492_32\bin;C:\Users\ZHANGSHIXIAN\.dnx\bin;C:\Program Files\Microsoft DNX\Dnvm\;C:\Program Files (x86)\NVIDIA Corporation\PhysX\Common;C:\Program Files\Intel\WiFi\bin\;C:\Program Files\Common Files\Intel\WirelessCommon\;D:\Android\sdk\platform-tools;C:\WINDOWS\system32;C:\WINDOWS;C:\WINDOWS\System32\Wbem;C:\WINDOWS\System32\WindowsPowerShell\v1.0\;D:\Program Files\Git\cmd;C:\Users\ZHANGSHIXIAN\AppData\Local\Microsoft\WindowsApps
USERNAME=ZHANGSHIXIAN



---------------  S Y S T E M  ---------------

OS: Windows 10.0 , 64 bit Build 14393 (10.0.14393.0)

CPU:total 4 (2 cores per cpu, 2 threads per core) family 6 model 60 stepping 3, cmov, cx8, fxsr, mmx, sse, sse2, sse3, ssse3, sse4.1, sse4.2, popcnt, avx, avx2, aes, clmul, erms, lzcnt, ht, tsc, tscinvbit, bmi1, bmi2

Memory: 4k page, physical 12499692k(3509984k free), swap 13548268k(2268k free)

vm_info: Java HotSpot(TM) 64-Bit Server VM (25.73-b02) for windows-amd64 JRE (1.8.0_73-b02), built on Jan 29 2016 17:38:49 by "java_re" with MS VC++ 10.0 (VS2010)

time: Tue Dec 13 21:10:48 2016
elapsed time: 3 seconds (0d 0h 0m 3s)

