#
# There is insufficient memory for the Java Runtime Environment to continue.
# Native memory allocation (malloc) failed to allocate 32744 bytes for ChunkPool::allocate
# Possible reasons:
#   The system is out of physical RAM or swap space
#   In 32 bit mode, the process size limit was hit
# Possible solutions:
#   Reduce memory load on the system
#   Increase physical memory or swap space
#   Check if swap backing store is full
#   Use 64 bit Java on a 64 bit OS
#   Decrease Java heap size (-Xmx/-Xms)
#   Decrease number of Java threads
#   Decrease Java thread stack sizes (-Xss)
#   Set larger code cache with -XX:ReservedCodeCacheSize=
# This output file may be truncated or incomplete.
#
#  Out of Memory Error (allocation.cpp:273), pid=7960, tid=7504
#
# JRE version: Java(TM) SE Runtime Environment (8.0_73-b02) (build 1.8.0_73-b02)
# Java VM: Java HotSpot(TM) 64-Bit Server VM (25.73-b02 mixed mode windows-amd64 compressed oops)
# Failed to write core dump. Minidumps are not enabled by default on client versions of Windows
#

---------------  T H R E A D  ---------------

Current thread (0x000000001669e000):  JavaThread "C2 CompilerThread1" daemon [_thread_in_native, id=7504, stack(0x0000000016d20000,0x0000000016e20000)]

Stack: [0x0000000016d20000,0x0000000016e20000]
[error occurred during error reporting (printing stack bounds), id 0xc0000005]

Native frames: (J=compiled Java code, j=interpreted, Vv=VM code, C=native code)


Current CompileTask:
C2:   1980  220       4       com.android.dx.util.ByteArray::getUnsignedByte (14 bytes)


---------------  P R O C E S S  ---------------

Java Threads: ( => current thread )
  0x0000000016927800 JavaThread "pool-2-thread-4" [_thread_new, id=12048, stack(0x0000000000000000,0x0000000000000000)]
  0x0000000016924800 JavaThread "pool-2-thread-3" [_thread_new, id=1560, stack(0x0000000000000000,0x0000000000000000)]
  0x0000000016923800 JavaThread "pool-2-thread-2" [_thread_new, id=7776, stack(0x0000000000000000,0x0000000000000000)]
  0x0000000016923000 JavaThread "pool-3-thread-1" [_thread_in_vm, id=1940, stack(0x0000000017220000,0x0000000017320000)]
  0x0000000016921800 JavaThread "pool-2-thread-1" [_thread_in_vm, id=7696, stack(0x0000000017120000,0x0000000017220000)]
  0x000000001670a000 JavaThread "Service Thread" daemon [_thread_blocked, id=2304, stack(0x0000000016f20000,0x0000000017020000)]
  0x00000000166fa000 JavaThread "C1 CompilerThread2" daemon [_thread_in_native, id=7652, stack(0x0000000016e20000,0x0000000016f20000)]
=>0x000000001669e000 JavaThread "C2 CompilerThread1" daemon [_thread_in_native, id=7504, stack(0x0000000016d20000,0x0000000016e20000)]
  0x000000001669a000 JavaThread "C2 CompilerThread0" daemon [_thread_in_vm, id=8608, stack(0x0000000016c20000,0x0000000016d20000)]
  0x000000001528e800 JavaThread "Attach Listener" daemon [_thread_blocked, id=6108, stack(0x0000000016b20000,0x0000000016c20000)]
  0x000000001663c800 JavaThread "Signal Dispatcher" daemon [_thread_blocked, id=8044, stack(0x0000000016a20000,0x0000000016b20000)]
  0x0000000015224800 JavaThread "Finalizer" daemon [_thread_blocked, id=8100, stack(0x00000000164b0000,0x00000000165b0000)]
  0x0000000015223000 JavaThread "Reference Handler" daemon [_thread_blocked, id=10848, stack(0x00000000163b0000,0x00000000164b0000)]
  0x0000000002a36000 JavaThread "main" [_thread_in_vm, id=4672, stack(0x0000000002910000,0x0000000002a10000)]

Other Threads:
  0x0000000015216000 VMThread [stack: 0x00000000162b0000,0x00000000163b0000] [id=11404]
  0x000000001674b800 WatcherThread [stack: 0x0000000017020000,0x0000000017120000] [id=8248]

VM state:not at safepoint (normal execution)

VM Mutex/Monitor currently owned by a thread: None

Heap:
 PSYoungGen      total 57344K, used 8850K [0x00000000eab00000, 0x00000000eeb00000, 0x0000000100000000)
  eden space 49152K, 18% used [0x00000000eab00000,0x00000000eb3a4bb0,0x00000000edb00000)
  from space 8192K, 0% used [0x00000000ee300000,0x00000000ee300000,0x00000000eeb00000)
  to   space 8192K, 0% used [0x00000000edb00000,0x00000000edb00000,0x00000000ee300000)
 ParOldGen       total 131072K, used 0K [0x00000000c0000000, 0x00000000c8000000, 0x00000000eab00000)
  object space 131072K, 0% used [0x00000000c0000000,0x00000000c0000000,0x00000000c8000000)
 Metaspace       used 4120K, capacity 5232K, committed 5376K, reserved 1056768K
  class space    used 460K, capacity 488K, committed 512K, reserved 1048576K

Card table byte_map: [0x0000000011f00000,0x0000000012110000] byte_map_base: 0x0000000011900000

Marking Bits: (ParMarkBitMap*) 0x000000006ae50600
 Begin Bits: [0x0000000012670000, 0x0000000013670000)
 End Bits:   [0x0000000013670000, 0x0000000014670000)

Polling page: 0x0000000002a10000

CodeCache: size=245760Kb used=1500Kb max_used=1511Kb free=244259Kb
 bounds [0x0000000002b40000, 0x0000000002db0000, 0x0000000011b40000]
 total_blobs=470 nmethods=213 adapters=170
 compilation: enabled

Compilation events (10 events):
Event: 1.974 Thread 0x00000000166fa000 nmethod 208 0x0000000002cb38d0 code [0x0000000002cb3ae0, 0x0000000002cb4498]
Event: 1.974 Thread 0x00000000166fa000  209       3       com.android.dx.rop.cst.CstString::<init> (35 bytes)
Event: 1.974 Thread 0x00000000166fa000 nmethod 209 0x0000000002cb4ed0 code [0x0000000002cb5080, 0x0000000002cb5508]
Event: 1.974 Thread 0x00000000166fa000  211       1       sun.util.calendar.CalendarDate::isNormalized (5 bytes)
Event: 1.974 Thread 0x00000000166fa000 nmethod 211 0x0000000002cb56d0 code [0x0000000002cb5820, 0x0000000002cb5930]
Event: 1.974 Thread 0x00000000166fa000  213   !   3       com.android.dx.rop.cst.StdConstantPool::get (24 bytes)
Event: 1.975 Thread 0x00000000166fa000 nmethod 213 0x0000000002cb5990 code [0x0000000002cb5c20, 0x0000000002cb6c98]
Event: 1.975 Thread 0x000000001669a000 nmethod 210 0x0000000002cba590 code [0x0000000002cba6c0, 0x0000000002cba838]
Event: 1.976 Thread 0x00000000166fa000  214   !   3       com.android.dx.cf.cst.ConstantPoolParser::parse0 (731 bytes)
Event: 1.978 Thread 0x000000001669e000  220       4       com.android.dx.util.ByteArray::getUnsignedByte (14 bytes)

GC Heap History (0 events):
No events

Deoptimization events (0 events):
No events

Internal exceptions (2 events):
Event: 0.200 Thread 0x0000000002a36000 Exception <a 'java/lang/NoSuchMethodError': Method sun.misc.Unsafe.defineClass(Ljava/lang/String;[BII)Ljava/lang/Class; name or signature does not match> (0x00000000eab130e0) thrown at [D:\re\puppet\workspace\8-2-build-windows-amd64-cygwin\jdk8u73\6086\hotm–™4$ É?
Event: 0.200 Thread 0x0000000002a36000 Exception <a 'java/lang/NoSuchMethodError': Method sun.misc.Unsafe.prefetchRead(Ljava/lang/Object;J)V name or signature does not match> (0x00000000eab133c8) thrown at [D:\re\puppet\workspace\8-2-build-windows-amd64-cygwin\jdk8u73\6086\hotspot\src\share\vm\

Events (10 events):
Event: 1.970 loading class com/android/dx/dex/file/FieldIdItem
Event: 1.970 loading class com/android/dx/dex/file/FieldIdItem done
Event: 1.970 loading class com/android/dx/dex/file/MemberIdItem
Event: 1.970 loading class com/android/dx/dex/file/MemberIdItem done
Event: 1.972 loading class com/android/dx/dex/file/AnnotationUtils
Event: 1.972 loading class com/android/dx/dex/file/AnnotationUtils done
Event: 1.973 loading class com/android/dx/rop/cst/CstKnownNull
Event: 1.973 loading class com/android/dx/rop/cst/CstKnownNull done
Event: 1.978 loading class com/android/dx/dex/file/EncodedMethod
Event: 1.978 loading class com/android/dx/dex/file/EncodedMethod done


Dynamic libraries:
0x00007ff6e4be0000 - 0x00007ff6e4c17000 	C:\Program Files\Java\jdk1.8.0_73\bin\java.exe
0x00007ffe6c4a0000 - 0x00007ffe6c671000 	C:\WINDOWS\SYSTEM32\ntdll.dll
0x00007ffe6bd60000 - 0x00007ffe6be0b000 	C:\WINDOWS\System32\KERNEL32.DLL
0x00007ffe68eb0000 - 0x00007ffe690cd000 	C:\WINDOWS\System32\KERNELBASE.dll
0x00007ffe66eb0000 - 0x00007ffe66f2a000 	C:\WINDOWS\system32\apphelp.dll
0x00007ffe47070000 - 0x00007ffe474f2000 	C:\WINDOWS\AppPatch\AppPatch64\AcLayers.DLL
0x00007ffe69bf0000 - 0x00007ffe69c8e000 	C:\WINDOWS\System32\msvcrt.dll
0x00007ffe6be10000 - 0x00007ffe6bf75000 	C:\WINDOWS\System32\USER32.dll
0x00007ffe68c60000 - 0x00007ffe68c7e000 	C:\WINDOWS\System32\win32u.dll
0x00007ffe6a0d0000 - 0x00007ffe6a104000 	C:\WINDOWS\System32\GDI32.dll
0x00007ffe68c80000 - 0x00007ffe68e02000 	C:\WINDOWS\System32\gdi32full.dll
0x00007ffe6c290000 - 0x00007ffe6c2e2000 	C:\WINDOWS\System32\SHLWAPI.dll
0x00007ffe6a4d0000 - 0x00007ffe6a798000 	C:\WINDOWS\System32\combase.dll
0x00007ffe68af0000 - 0x00007ffe68be5000 	C:\WINDOWS\System32\ucrtbase.dll
0x00007ffe6c310000 - 0x00007ffe6c431000 	C:\WINDOWS\System32\RPCRT4.dll
0x00007ffe68bf0000 - 0x00007ffe68c5a000 	C:\WINDOWS\System32\bcryptPrimitives.dll
0x00000000006e0000 - 0x00000000006e3000 	C:\WINDOWS\SYSTEM32\sfc.dll
0x00007ffe651d0000 - 0x00007ffe65255000 	C:\WINDOWS\SYSTEM32\WINSPOOL.DRV
0x00007ffe68840000 - 0x00007ffe6886b000 	C:\WINDOWS\SYSTEM32\bcrypt.dll
0x00007ffe57c40000 - 0x00007ffe57c51000 	C:\WINDOWS\SYSTEM32\sfc_os.DLL
0x00007ffe62070000 - 0x00007ffe62081000 	C:\WINDOWS\SYSTEM32\SortWindows61.dll
0x00007ffe6c1f0000 - 0x00007ffe6c21e000 	C:\WINDOWS\System32\IMM32.DLL
0x00007ffe6bcb0000 - 0x00007ffe6bd52000 	C:\WINDOWS\System32\ADVAPI32.dll
0x00007ffe6a2c0000 - 0x00007ffe6a319000 	C:\WINDOWS\System32\sechost.dll
0x00007ffe61b50000 - 0x00007ffe61dc9000 	C:\WINDOWS\WinSxS\amd64_microsoft.windows.common-controls_6595b64144ccf1df_6.0.14393.447_none_42191651c6827bb3\COMCTL32.dll
0x000000006aed0000 - 0x000000006afa2000 	C:\Program Files\Java\jdk1.8.0_73\jre\bin\msvcr100.dll
0x000000006a640000 - 0x000000006aed0000 	C:\Program Files\Java\jdk1.8.0_73\jre\bin\server\jvm.dll
0x00007ffe6a320000 - 0x00007ffe6a328000 	C:\WINDOWS\System32\PSAPI.DLL
0x00007ffe5e340000 - 0x00007ffe5e349000 	C:\WINDOWS\SYSTEM32\WSOCK32.dll
0x00007ffe6a250000 - 0x00007ffe6a2ba000 	C:\WINDOWS\System32\WS2_32.dll
0x00007ffe66dc0000 - 0x00007ffe66de3000 	C:\WINDOWS\SYSTEM32\WINMM.dll
0x00007ffe63fd0000 - 0x00007ffe63fda000 	C:\WINDOWS\SYSTEM32\VERSION.dll
0x00007ffe66d30000 - 0x00007ffe66d5b000 	C:\WINDOWS\SYSTEM32\WINMMBASE.dll
0x00007ffe689f0000 - 0x00007ffe68a32000 	C:\WINDOWS\System32\cfgmgr32.dll
0x000000006be20000 - 0x000000006be2f000 	C:\Program Files\Java\jdk1.8.0_73\jre\bin\verify.dll
0x000000006bdf0000 - 0x000000006be19000 	C:\Program Files\Java\jdk1.8.0_73\jre\bin\java.dll
0x000000006bdd0000 - 0x000000006bde6000 	C:\Program Files\Java\jdk1.8.0_73\jre\bin\zip.dll
0x00007ffe6a7a0000 - 0x00007ffe6bca9000 	C:\WINDOWS\System32\SHELL32.dll
0x00007ffe690d0000 - 0x00007ffe697aa000 	C:\WINDOWS\System32\windows.storage.dll
0x00007ffe68940000 - 0x00007ffe6898c000 	C:\WINDOWS\System32\powrprof.dll
0x00007ffe68930000 - 0x00007ffe6893f000 	C:\WINDOWS\System32\kernel.appcore.dll
0x00007ffe68a40000 - 0x00007ffe68ae9000 	C:\WINDOWS\System32\shcore.dll
0x00007ffe68910000 - 0x00007ffe68924000 	C:\WINDOWS\System32\profapi.dll

VM Arguments:
jvm_args: -Djava.awt.headless=true -Xmx1024M -Dfile.encoding=GBK -Duser.country=CN -Duser.language=zh -Duser.variant 
java_command: com.android.dx.command.Main --dex --force-jumbo --num-threads=4 --multi-dex --output C:\Users\ZHANGSHIXIAN\Desktop\kkweather\app\build\intermediates\transforms\dex\debug\folders\1000\10\support-annotations-23.3.0_7cd194c6f3f4f301c835750b93d55cdb37d12acf D:\Android\sdk\extras\android\m2repository\com\android\support\support-annotations\23.3.0\support-annotations-23.3.0.jar
java_class_path (initial): D:\Android\sdk\build-tools\23.0.3\lib\dx.jar
Launcher Type: SUN_STANDARD

Environment Variables:
JAVA_HOME=C:\Program Files\Java\jdk1.8.0_73
CLASSPATH=.;C:\Program Files\Java\jdk1.8.0_73\lib
PATH=C:\Program Files\Java\jdk1.8.0_73\bin;C:\ProgramData\Oracle\Java\javapath;D:\Python35\Scripts\;D:\Python35\;C:\Program Files (x86)\Intel\iCLS Client\;C:\Program Files\Intel\iCLS Client\;C:\WINDOWS\system32;C:\WINDOWS;C:\WINDOWS\System32\Wbem;C:\WINDOWS\System32\WindowsPowerShell\v1.0\;C:\Program Files\Intel\Intel(R) Management Engine Components\DAL;C:\Program Files\Intel\Intel(R) Management Engine Components\IPT;C:\Program Files (x86)\Intel\Intel(R) Management Engine Components\DAL;C:\Program Files (x86)\Intel\Intel(R) Management Engine Components\IPT;C:\Program Files (x86)\Windows Kits\8.1\Windows Performance Toolkit\;C:\Program Files\Microsoft SQL Server\110\Tools\Binn\;C:\Program Files\Microsoft SQL Server\120\Tools\Binn\£»D:\QT\Qt5.5.0\5.5\mingw492_32\bin;;:\QT\Qt5.5.0\Tools\QtCreator\bin;D:\QT\Qt5.5.0\Tools\mingw492_32\bin;C:\Users\ZHANGSHIXIAN\.dnx\bin;C:\Program Files\Microsoft DNX\Dnvm\;C:\Program Files (x86)\NVIDIA Corporation\PhysX\Common;C:\Program Files\Intel\WiFi\bin\;C:\Program Files\Common Files\Intel\WirelessCommon\;D:\Android\sdk\platform-tools;C:\WINDOWS\system32;C:\WINDOWS;C:\WINDOWS\System32\Wbem;C:\WINDOWS\System32\WindowsPowerShell\v1.0\;D:\Program Files\Git\cmd;C:\Users\ZHANGSHIXIAN\AppData\Local\Microsoft\WindowsApps
USERNAME=ZHANGSHIXIAN
OS=Windows_NT
PROCESSOR_IDENTIFIER=Intel64 Family 6 Model 60 Stepping 3, GenuineIntel



---------------  S Y S T E M  ---------------

OS: Windows 10.0 , 64 bit Build 14393 (10.0.14393.0)

CPU:total 4 (2 cores per cpu, 2 threads per core) family 6 model 60 stepping 3, cmov, cx8, fxsr, mmx, sse, sse2, sse3, ssse3, sse4.1, sse4.2, popcnt, avx, avx2, aes, clmul, erms, lzcnt, ht, tsc, tscinvbit, bmi1, bmi2

Memory: 4k page, physical 12499692k(3478448k free), swap 13548268k(11500k free)

vm_info: Java HotSpot(TM) 64-Bit Server VM (25.73-b02) for windows-amd64 JRE (1.8.0_73-b02), built on Jan 29 2016 17:38:49 by "java_re" with MS VC++ 10.0 (VS2010)

time: Tue Dec 13 21:10:44 2016
elapsed time: 1 seconds (0d 0h 0m 1s)

