#
# There is insufficient memory for the Java Runtime Environment to continue.
# Native memory allocation (malloc) failed to allocate 1849776 bytes for Chunk::new
# Possible reasons:
#   The system is out of physical RAM or swap space
#   In 32 bit mode, the process size limit was hit
# Possible solutions:
#   Reduce memory load on the system
#   Increase physical memory or swap space
#   Check if swap backing store is full
#   Use 64 bit Java on a 64 bit OS
#   Decrease Java heap size (-Xmx/-Xms)
#   Decrease number of Java threads
#   Decrease Java thread stack sizes (-Xss)
#   Set larger code cache with -XX:ReservedCodeCacheSize=
# This output file may be truncated or incomplete.
#
#  Out of Memory Error (allocation.cpp:390), pid=11448, tid=10388
#
# JRE version: Java(TM) SE Runtime Environment (8.0_73-b02) (build 1.8.0_73-b02)
# Java VM: Java HotSpot(TM) 64-Bit Server VM (25.73-b02 mixed mode windows-amd64 compressed oops)
# Failed to write core dump. Minidumps are not enabled by default on client versions of Windows
#

---------------  T H R E A D  ---------------

Current thread (0x000000001681e800):  JavaThread "C2 CompilerThread1" daemon [_thread_in_native, id=10388, stack(0x0000000016ea0000,0x0000000016fa0000)]

Stack: [0x0000000016ea0000,0x0000000016fa0000]
[error occurred during error reporting (printing stack bounds), id 0xc0000005]

Native frames: (J=compiled Java code, j=interpreted, Vv=VM code, C=native code)


Current CompileTask:
C2:   1644 1266   !   4       com.android.dx.cf.code.BytecodeArray::parseInstruction (2764 bytes)


---------------  P R O C E S S  ---------------

Java Threads: ( => current thread )
  0x0000000017312800 JavaThread "pool-2-thread-4" [_thread_blocked, id=13904, stack(0x0000000017fa0000,0x00000000180a0000)]
  0x000000001730d000 JavaThread "pool-2-thread-3" [_thread_blocked, id=12872, stack(0x0000000017ea0000,0x0000000017fa0000)]
  0x00000000172da800 JavaThread "pool-2-thread-2" [_thread_blocked, id=1168, stack(0x0000000017da0000,0x0000000017ea0000)]
  0x00000000172da000 JavaThread "pool-3-thread-1" [_thread_blocked, id=16072, stack(0x0000000017ca0000,0x0000000017da0000)]
  0x000000001730a000 JavaThread "pool-2-thread-1" [_thread_in_Java, id=14916, stack(0x0000000017ba0000,0x0000000017ca0000)]
  0x0000000016892000 JavaThread "Service Thread" daemon [_thread_blocked, id=14696, stack(0x00000000170a0000,0x00000000171a0000)]
  0x000000001681f800 JavaThread "C1 CompilerThread2" daemon [_thread_blocked, id=10192, stack(0x0000000016fa0000,0x00000000170a0000)]
=>0x000000001681e800 JavaThread "C2 CompilerThread1" daemon [_thread_in_native, id=10388, stack(0x0000000016ea0000,0x0000000016fa0000)]
  0x000000001681a800 JavaThread "C2 CompilerThread0" daemon [_thread_in_native, id=7204, stack(0x0000000016da0000,0x0000000016ea0000)]
  0x00000000167be000 JavaThread "Attach Listener" daemon [_thread_blocked, id=6112, stack(0x0000000016ca0000,0x0000000016da0000)]
  0x0000000016816800 JavaThread "Signal Dispatcher" daemon [_thread_blocked, id=11148, stack(0x0000000016ba0000,0x0000000016ca0000)]
  0x0000000015445000 JavaThread "Finalizer" daemon [_thread_blocked, id=6500, stack(0x00000000166a0000,0x00000000167a0000)]
  0x0000000015441000 JavaThread "Reference Handler" daemon [_thread_blocked, id=9256, stack(0x00000000165a0000,0x00000000166a0000)]
  0x0000000002c86000 JavaThread "main" [_thread_blocked, id=1824, stack(0x0000000002a80000,0x0000000002b80000)]

Other Threads:
  0x0000000015436000 VMThread [stack: 0x00000000164a0000,0x00000000165a0000] [id=14064]
  0x00000000168f4000 WatcherThread [stack: 0x00000000171a0000,0x00000000172a0000] [id=12512]

VM state:not at safepoint (normal execution)

VM Mutex/Monitor currently owned by a thread: None

Heap:
 PSYoungGen      total 57344K, used 30259K [0x00000000eab00000, 0x00000000eeb00000, 0x0000000100000000)
  eden space 49152K, 44% used [0x00000000eab00000,0x00000000ec08d500,0x00000000edb00000)
  from space 8192K, 99% used [0x00000000edb00000,0x00000000ee2ffad0,0x00000000ee300000)
  to   space 8192K, 0% used [0x00000000ee300000,0x00000000ee300000,0x00000000eeb00000)
 ParOldGen       total 131072K, used 1068K [0x00000000c0000000, 0x00000000c8000000, 0x00000000eab00000)
  object space 131072K, 0% used [0x00000000c0000000,0x00000000c010b0a8,0x00000000c8000000)
 Metaspace       used 6239K, capacity 7092K, committed 7296K, reserved 1056768K
  class space    used 602K, capacity 620K, committed 640K, reserved 1048576K

Card table byte_map: [0x0000000012140000,0x0000000012350000] byte_map_base: 0x0000000011b40000

Marking Bits: (ParMarkBitMap*) 0x000000006af30600
 Begin Bits: [0x00000000128b0000, 0x00000000138b0000)
 End Bits:   [0x00000000138b0000, 0x00000000148b0000)

Polling page: 0x0000000002960000

CodeCache: size=245760Kb used=6280Kb max_used=6280Kb free=239479Kb
 bounds [0x0000000002d80000, 0x00000000033b0000, 0x0000000011d80000]
 total_blobs=1845 nmethods=1574 adapters=184
 compilation: enabled

Compilation events (10 events):
Event: 1.574 Thread 0x000000001681f800 1585       2       com.android.dx.rop.annotation.Annotations::combine (24 bytes)
Event: 1.574 Thread 0x000000001681f800 nmethod 1585 0x00000000033a4590 code [0x00000000033a4700, 0x00000000033a4958]
Event: 1.574 Thread 0x000000001681f800 1586       2       com.android.dx.dex.file.ClassDefItem::addVirtualMethod (9 bytes)
Event: 1.574 Thread 0x000000001681f800 nmethod 1586 0x00000000033a4a90 code [0x00000000033a4c20, 0x00000000033a4f58]
Event: 1.574 Thread 0x000000001681f800 1582       1       sun.util.calendar.BaseCalendar$Date::getCachedYear (5 bytes)
Event: 1.575 Thread 0x000000001681f800 nmethod 1582 0x00000000033a5210 code [0x00000000033a5360, 0x00000000033a5470]
Event: 1.576 Thread 0x000000001681f800 1587       2       com.android.dx.ssa.PhiInsn::updateSourcesToDefinitions (68 bytes)
Event: 1.577 Thread 0x000000001681f800 nmethod 1587 0x00000000033a54d0 code [0x00000000033a5680, 0x00000000033a5a38]
Event: 1.577 Thread 0x000000001681f800 1588       1       com.android.dx.rop.cst.CstKnownNull::getType (4 bytes)
Event: 1.577 Thread 0x000000001681f800 nmethod 1588 0x00000000033a5dd0 code [0x00000000033a5f20, 0x00000000033a6030]

GC Heap History (2 events):
Event: 1.355 GC heap before
{Heap before GC invocations=1 (full 0):
 PSYoungGen      total 57344K, used 49152K [0x00000000eab00000, 0x00000000eeb00000, 0x0000000100000000)
  eden space 49152K, 100% used [0x00000000eab00000,0x00000000edb00000,0x00000000edb00000)
  from space 8192K, 0% used [0x00000000ee300000,0x00000000ee300000,0x00000000eeb00000)
  to   space 8192K, 0% used [0x00000000edb00000,0x00000000edb00000,0x00000000ee300000)
 ParOldGen       total 131072K, used 0K [0x00000000c0000000, 0x00000000c8000000, 0x00000000eab00000)
  object space 131072K, 0% used [0x00000000c0000000,0x00000000c0000000,0x00000000c8000000)
 Metaspace       used 6154K, capacity 7028K, committed 7296K, reserved 1056768K
  class space    used 601K, capacity 620K, committed 640K, reserved 1048576K
Event: 1.369 GC heap after
Heap after GC invocations=1 (full 0):
 PSYoungGen      total 57344K, used 8190K [0x00000000eab00000, 0x00000000eeb00000, 0x0000000100000000)
  eden space 49152K, 0% used [0x00000000eab00000,0x00000000eab00000,0x00000000edb00000)
  from space 8192K, 99% used [0x00000000edb00000,0x00000000ee2ffad0,0x00000000ee300000)
  to   space 8192K, 0% used [0x00000000ee300000,0x00000000ee300000,0x00000000eeb00000)
 ParOldGen       total 131072K, used 1068K [0x00000000c0000000, 0x00000000c8000000, 0x00000000eab00000)
  object space 131072K, 0% used [0x00000000c0000000,0x00000000c010b0a8,0x00000000c8000000)
 Metaspace       used 6154K, capacity 7028K, committed 7296K, reserved 1056768K
  class space    used 601K, capacity 620K, committed 640K, reserved 1048576K
}

Deoptimization events (6 events):
Event: 0.634 Thread 0x000000001730a000 Uncommon trap: reason=unstable_if action=reinterpret pc=0x0000000002fa1cf0 method=java.util.BitSet.nextSetBit(I)I @ 87
Event: 0.727 Thread 0x000000001730a000 Uncommon trap: reason=null_check action=make_not_entrant pc=0x000000000300da5c method=com.android.dx.ssa.SsaRenamer.getLocalForNewReg(I)Lcom/android/dx/rop/code/LocalItem; @ 19
Event: 1.093 Thread 0x0000000017312800 Uncommon trap: reason=unstable_if action=reinterpret pc=0x000000000321d6bc method=com.android.dx.ssa.SsaRenamer$BlockRenamer.addMapping(ILcom/android/dx/rop/code/RegisterSpec;)V @ 120
Event: 1.101 Thread 0x0000000017312800 Uncommon trap: reason=unstable_if action=reinterpret pc=0x00000000030bc704 method=com.android.dx.ssa.SsaRenamer$BlockRenamer.addMapping(ILcom/android/dx/rop/code/RegisterSpec;)V @ 120
Event: 1.244 Thread 0x000000001730d000 Uncommon trap: reason=unstable_if action=reinterpret pc=0x0000000003002f3c method=com.android.dx.rop.code.RegisterSpec.equals(ILcom/android/dx/rop/type/TypeBearer;Lcom/android/dx/rop/code/LocalItem;)Z @ 42
Event: 1.391 Thread 0x0000000017312800 Uncommon trap: reason=unstable_if action=reinterpret pc=0x000000000300251c method=com.android.dx.rop.cst.Constant.compareTo(Lcom/android/dx/rop/cst/Constant;)I @ 12

Internal exceptions (3 events):
Event: 0.075 Thread 0x0000000002c86000 Exception <a 'java/lang/NoSuchMethodError': Method sun.misc.Unsafe.defineClass(Ljava/lang/String;[BII)Ljava/lang/Class; name or signature does not match> (0x00000000eab130e0) thrown at [D:\re\puppet\workspace\8-2-build-windows-amd64-cygwin\jdk8u73\6086\hot¢@4!ð5³?
Event: 0.075 Thread 0x0000000002c86000 Exception <a 'java/lang/NoSuchMethodError': Method sun.misc.Unsafe.prefetchRead(Ljava/lang/Object;J)V name or signature does not match> (0x00000000eab133c8) thrown at [D:\re\puppet\workspace\8-2-build-windows-amd64-cygwin\jdk8u73\6086\hotspot\src\share\vm\xá÷(_Bç?
Event: 0.727 Thread 0x000000001730a000 Implicit null exception at 0x000000000300c368 to 0x000000000300da39

Events (10 events):
Event: 1.244 Thread 0x000000001730d000 DEOPT UNPACKING pc=0x0000000002dc582a sp=0x0000000017f9e748 mode 2
Event: 1.316 Executing VM operation: ParallelGCFailedAllocation
Event: 1.369 Executing VM operation: ParallelGCFailedAllocation done
Event: 1.391 Thread 0x0000000017312800 Uncommon trap: trap_request=0xffffff65 fr.pc=0x000000000300251c
Event: 1.391 Thread 0x0000000017312800 DEOPT PACKING pc=0x000000000300251c sp=0x000000001809e420
Event: 1.391 Thread 0x0000000017312800 DEOPT UNPACKING pc=0x0000000002dc582a sp=0x000000001809e3c0 mode 2
Event: 1.525 loading class com/android/dx/cf/code/SwitchList
Event: 1.525 loading class com/android/dx/cf/code/SwitchList done
Event: 1.536 loading class com/android/dx/cf/code/BytecodeArray$ConstantParserVisitor
Event: 1.536 loading class com/android/dx/cf/code/BytecodeArray$ConstantParserVisitor done


Dynamic libraries:
0x00007ff6e4be0000 - 0x00007ff6e4c17000 	C:\Program Files\Java\jdk1.8.0_73\bin\java.exe
0x00007ffe6c4a0000 - 0x00007ffe6c671000 	C:\WINDOWS\SYSTEM32\ntdll.dll
0x00007ffe6bd60000 - 0x00007ffe6be0b000 	C:\WINDOWS\System32\KERNEL32.DLL
0x00007ffe68eb0000 - 0x00007ffe690cd000 	C:\WINDOWS\System32\KERNELBASE.dll
0x00007ffe66eb0000 - 0x00007ffe66f2a000 	C:\WINDOWS\system32\apphelp.dll
0x00007ffe43800000 - 0x00007ffe43c82000 	C:\WINDOWS\AppPatch\AppPatch64\AcLayers.DLL
0x00007ffe69bf0000 - 0x00007ffe69c8e000 	C:\WINDOWS\System32\msvcrt.dll
0x00007ffe6be10000 - 0x00007ffe6bf75000 	C:\WINDOWS\System32\USER32.dll
0x00007ffe68c60000 - 0x00007ffe68c7e000 	C:\WINDOWS\System32\win32u.dll
0x00007ffe6a0d0000 - 0x00007ffe6a104000 	C:\WINDOWS\System32\GDI32.dll
0x00007ffe68c80000 - 0x00007ffe68e02000 	C:\WINDOWS\System32\gdi32full.dll
0x00007ffe6c290000 - 0x00007ffe6c2e2000 	C:\WINDOWS\System32\SHLWAPI.dll
0x00007ffe6a4d0000 - 0x00007ffe6a798000 	C:\WINDOWS\System32\combase.dll
0x00007ffe68af0000 - 0x00007ffe68be5000 	C:\WINDOWS\System32\ucrtbase.dll
0x00007ffe6c310000 - 0x00007ffe6c431000 	C:\WINDOWS\System32\RPCRT4.dll
0x00007ffe68bf0000 - 0x00007ffe68c5a000 	C:\WINDOWS\System32\bcryptPrimitives.dll
0x0000000000850000 - 0x0000000000853000 	C:\WINDOWS\SYSTEM32\sfc.dll
0x00007ffe651d0000 - 0x00007ffe65255000 	C:\WINDOWS\SYSTEM32\WINSPOOL.DRV
0x00007ffe68840000 - 0x00007ffe6886b000 	C:\WINDOWS\SYSTEM32\bcrypt.dll
0x00007ffe57c40000 - 0x00007ffe57c51000 	C:\WINDOWS\SYSTEM32\sfc_os.DLL
0x00007ffe64940000 - 0x00007ffe64951000 	C:\WINDOWS\SYSTEM32\SortWindows61.dll
0x00007ffe6c1f0000 - 0x00007ffe6c21e000 	C:\WINDOWS\System32\IMM32.DLL
0x00007ffe6bcb0000 - 0x00007ffe6bd52000 	C:\WINDOWS\System32\ADVAPI32.dll
0x00007ffe6a2c0000 - 0x00007ffe6a319000 	C:\WINDOWS\System32\sechost.dll
0x00007ffe61b50000 - 0x00007ffe61dc9000 	C:\WINDOWS\WinSxS\amd64_microsoft.windows.common-controls_6595b64144ccf1df_6.0.14393.447_none_42191651c6827bb3\COMCTL32.dll
0x000000006be20000 - 0x000000006bef2000 	C:\Program Files\Java\jdk1.8.0_73\jre\bin\msvcr100.dll
0x000000006a720000 - 0x000000006afb0000 	C:\Program Files\Java\jdk1.8.0_73\jre\bin\server\jvm.dll
0x00007ffe6a320000 - 0x00007ffe6a328000 	C:\WINDOWS\System32\PSAPI.DLL
0x00007ffe5e340000 - 0x00007ffe5e349000 	C:\WINDOWS\SYSTEM32\WSOCK32.dll
0x00007ffe6a250000 - 0x00007ffe6a2ba000 	C:\WINDOWS\System32\WS2_32.dll
0x00007ffe66dc0000 - 0x00007ffe66de3000 	C:\WINDOWS\SYSTEM32\WINMM.dll
0x00007ffe63fd0000 - 0x00007ffe63fda000 	C:\WINDOWS\SYSTEM32\VERSION.dll
0x00007ffe66d30000 - 0x00007ffe66d5b000 	C:\WINDOWS\SYSTEM32\WINMMBASE.dll
0x00007ffe689f0000 - 0x00007ffe68a32000 	C:\WINDOWS\System32\cfgmgr32.dll
0x000000006be10000 - 0x000000006be1f000 	C:\Program Files\Java\jdk1.8.0_73\jre\bin\verify.dll
0x000000006bde0000 - 0x000000006be09000 	C:\Program Files\Java\jdk1.8.0_73\jre\bin\java.dll
0x000000006bdc0000 - 0x000000006bdd6000 	C:\Program Files\Java\jdk1.8.0_73\jre\bin\zip.dll
0x00007ffe6a7a0000 - 0x00007ffe6bca9000 	C:\WINDOWS\System32\SHELL32.dll
0x00007ffe690d0000 - 0x00007ffe697aa000 	C:\WINDOWS\System32\windows.storage.dll
0x00007ffe68940000 - 0x00007ffe6898c000 	C:\WINDOWS\System32\powrprof.dll
0x00007ffe68930000 - 0x00007ffe6893f000 	C:\WINDOWS\System32\kernel.appcore.dll
0x00007ffe68a40000 - 0x00007ffe68ae9000 	C:\WINDOWS\System32\shcore.dll
0x00007ffe68910000 - 0x00007ffe68924000 	C:\WINDOWS\System32\profapi.dll

VM Arguments:
jvm_args: -Djava.awt.headless=true -Xmx1024M -Dfile.encoding=GBK -Duser.country=CN -Duser.language=zh -Duser.variant 
java_command: com.android.dx.command.Main --dex --force-jumbo --num-threads=4 --multi-dex --output C:\Users\ZHANGSHIXIAN\Desktop\kkweather\app\build\intermediates\transforms\dex\debug\folders\1000\2\gson-2.2.4_8028c14f9b8ff0d69416e7e5cd2c33d3a62eb600 C:\Users\ZHANGSHIXIAN\Desktop\kkweather\app\libs\gson-2.2.4.jar
java_class_path (initial): D:\Android\sdk\build-tools\23.0.3\lib\dx.jar
Launcher Type: SUN_STANDARD

Environment Variables:
JAVA_HOME=C:\Program Files\Java\jdk1.8.0_73
CLASSPATH=.;C:\Program Files\Java\jdk1.8.0_73\lib
PATH=C:\Program Files\Java\jdk1.8.0_73\bin;C:\ProgramData\Oracle\Java\javapath;D:\Python35\Scripts\;D:\Python35\;C:\Program Files (x86)\Intel\iCLS Client\;C:\Program Files\Intel\iCLS Client\;C:\WINDOWS\system32;C:\WINDOWS;C:\WINDOWS\System32\Wbem;C:\WINDOWS\System32\WindowsPowerShell\v1.0\;C:\Program Files\Intel\Intel(R) Management Engine Components\DAL;C:\Program Files\Intel\Intel(R) Management Engine Components\IPT;C:\Program Files (x86)\Intel\Intel(R) Management Engine Components\DAL;C:\Program Files (x86)\Intel\Intel(R) Management Engine Components\IPT;C:\Program Files (x86)\Windows Kits\8.1\Windows Performance Toolkit\;C:\Program Files\Microsoft SQL Server\110\Tools\Binn\;C:\Program Files\Microsoft SQL Server\120\Tools\Binn\£»D:\QT\Qt5.5.0\5.5\mingw492_32\bin;;:\QT\Qt5.5.0\Tools\QtCreator\bin;D:\QT\Qt5.5.0\Tools\mingw492_32\bin;C:\Users\ZHANGSHIXIAN\.dnx\bin;C:\Program Files\Microsoft DNX\Dnvm\;C:\Program Files (x86)\NVIDIA Corporation\PhysX\Common;C:\Program Files\Intel\WiFi\bin\;C:\Program Files\Common Files\Intel\WirelessCommon\;D:\Android\sdk\platform-tools;C:\WINDOWS\system32;C:\WINDOWS;C:\WINDOWS\System32\Wbem;C:\WINDOWS\System32\WindowsPowerShell\v1.0\;D:\Program Files\Git\cmd;C:\Users\ZHANGSHIXIAN\AppData\Local\Microsoft\WindowsApps
USERNAME=ZHANGSHIXIAN
OS=Windows_NT
PROCESSOR_IDENTIFIER=Intel64 Family 6 Model 60 Stepping 3, GenuineIntel



---------------  S Y S T E M  ---------------

OS: Windows 10.0 , 64 bit Build 14393 (10.0.14393.0)

CPU:total 4 (2 cores per cpu, 2 threads per core) family 6 model 60 stepping 3, cmov, cx8, fxsr, mmx, sse, sse2, sse3, ssse3, sse4.1, sse4.2, popcnt, avx, avx2, aes, clmul, erms, lzcnt, ht, tsc, tscinvbit, bmi1, bmi2

Memory: 4k page, physical 12499692k(4259640k free), swap 13548268k(5388k free)

vm_info: Java HotSpot(TM) 64-Bit Server VM (25.73-b02) for windows-amd64 JRE (1.8.0_73-b02), built on Jan 29 2016 17:38:49 by "java_re" with MS VC++ 10.0 (VS2010)

time: Wed Dec 14 21:40:12 2016
elapsed time: 1 seconds (0d 0h 0m 1s)

